{"C:\\Proyectos Python\\Proyecto Palapa gestion servicios\\src\\components\\organisms\\AIAnalysisPanel.tsx": {"path":"C:\\Proyectos Python\\Proyecto Palapa gestion servicios\\src\\components\\organisms\\AIAnalysisPanel.tsx","statementMap":{"0":{"start":{"line":16,"column":55},"end":{"line":127,"column":null}},"1":{"start":{"line":27,"column":2},"end":{"line":125,"column":null}}},"fnMap":{"0":{"name":"(anonymous_0)","decl":{"start":{"line":16,"column":55},"end":{"line":16,"column":56}},"loc":{"start":{"line":26,"column":6},"end":{"line":127,"column":null}},"line":26}},"branchMap":{"0":{"loc":{"start":{"line":38,"column":22},"end":{"line":38,"column":null}},"type":"binary-expr","locations":[{"start":{"line":38,"column":22},"end":{"line":38,"column":35}},{"start":{"line":38,"column":35},"end":{"line":38,"column":null}}],"line":38},"1":{"loc":{"start":{"line":41,"column":13},"end":{"line":46,"column":null}},"type":"cond-expr","locations":[{"start":{"line":42,"column":14},"end":{"line":42,"column":null}},{"start":{"line":43,"column":16},"end":{"line":46,"column":null}}],"line":41},"2":{"loc":{"start":{"line":43,"column":16},"end":{"line":46,"column":null}},"type":"cond-expr","locations":[{"start":{"line":44,"column":14},"end":{"line":44,"column":null}},{"start":{"line":46,"column":14},"end":{"line":46,"column":null}}],"line":43},"3":{"loc":{"start":{"line":51,"column":11},"end":{"line":58,"column":null}},"type":"binary-expr","locations":[{"start":{"line":51,"column":11},"end":{"line":51,"column":null}},{"start":{"line":52,"column":12},"end":{"line":58,"column":null}}],"line":51},"4":{"loc":{"start":{"line":64,"column":7},"end":{"line":81,"column":null}},"type":"binary-expr","locations":[{"start":{"line":64,"column":7},"end":{"line":64,"column":21}},{"start":{"line":64,"column":21},"end":{"line":64,"column":null}},{"start":{"line":65,"column":8},"end":{"line":81,"column":null}}],"line":64},"5":{"loc":{"start":{"line":71,"column":72},"end":{"line":71,"column":156}},"type":"cond-expr","locations":[{"start":{"line":71,"column":92},"end":{"line":71,"column":118}},{"start":{"line":71,"column":118},"end":{"line":71,"column":156}}],"line":71},"6":{"loc":{"start":{"line":77,"column":17},"end":{"line":77,"column":null}},"type":"cond-expr","locations":[{"start":{"line":77,"column":37},"end":{"line":77,"column":80}},{"start":{"line":77,"column":80},"end":{"line":77,"column":null}}],"line":77},"7":{"loc":{"start":{"line":85,"column":7},"end":{"line":123,"column":null}},"type":"binary-expr","locations":[{"start":{"line":85,"column":7},"end":{"line":85,"column":null}},{"start":{"line":86,"column":8},"end":{"line":123,"column":null}}],"line":85},"8":{"loc":{"start":{"line":94,"column":15},"end":{"line":97,"column":null}},"type":"binary-expr","locations":[{"start":{"line":94,"column":15},"end":{"line":94,"column":null}},{"start":{"line":95,"column":16},"end":{"line":97,"column":null}}],"line":94},"9":{"loc":{"start":{"line":99,"column":15},"end":{"line":106,"column":null}},"type":"binary-expr","locations":[{"start":{"line":99,"column":15},"end":{"line":99,"column":null}},{"start":{"line":100,"column":16},"end":{"line":106,"column":null}}],"line":99},"10":{"loc":{"start":{"line":105,"column":19},"end":{"line":105,"column":null}},"type":"cond-expr","locations":[{"start":{"line":105,"column":40},"end":{"line":105,"column":73}},{"start":{"line":105,"column":73},"end":{"line":105,"column":null}}],"line":105},"11":{"loc":{"start":{"line":108,"column":15},"end":{"line":113,"column":null}},"type":"binary-expr","locations":[{"start":{"line":108,"column":15},"end":{"line":108,"column":null}},{"start":{"line":109,"column":16},"end":{"line":113,"column":null}}],"line":108}},"s":{"0":1,"1":24},"f":{"0":24},"b":{"0":[24,19],"1":[5,19],"2":[2,17],"3":[24,5],"4":[24,8,7],"5":[3,4],"6":[3,4],"7":[24,6],"8":[6,4],"9":[6,5],"10":[1,4],"11":[6,1]},"meta":{"lastBranch":12,"lastFunction":1,"lastStatement":2,"seen":{"s:16:55:127:Infinity":0,"f:16:55:16:56":0,"s:27:2:125:Infinity":1,"b:38:22:38:35:38:35:38:Infinity":0,"b:42:14:42:Infinity:43:16:46:Infinity":1,"b:44:14:44:Infinity:46:14:46:Infinity":2,"b:51:11:51:Infinity:52:12:58:Infinity":3,"b:64:7:64:21:64:21:64:Infinity:65:8:81:Infinity":4,"b:71:92:71:118:71:118:71:156":5,"b:77:37:77:80:77:80:77:Infinity":6,"b:85:7:85:Infinity:86:8:123:Infinity":7,"b:94:15:94:Infinity:95:16:97:Infinity":8,"b:99:15:99:Infinity:100:16:106:Infinity":9,"b:105:40:105:73:105:73:105:Infinity":10,"b:108:15:108:Infinity:109:16:113:Infinity":11}}}
,"C:\\Proyectos Python\\Proyecto Palapa gestion servicios\\src\\components\\templates\\ErrorBoundary.tsx": {"path":"C:\\Proyectos Python\\Proyecto Palapa gestion servicios\\src\\components\\templates\\ErrorBoundary.tsx","statementMap":{"0":{"start":{"line":16,"column":4},"end":{"line":16,"column":null}},"1":{"start":{"line":17,"column":4},"end":{"line":20,"column":null}},"2":{"start":{"line":24,"column":4},"end":{"line":24,"column":null}},"3":{"start":{"line":28,"column":4},"end":{"line":34,"column":null}},"4":{"start":{"line":38,"column":4},"end":{"line":55,"column":null}},"5":{"start":{"line":39,"column":6},"end":{"line":53,"column":null}},"6":{"start":{"line":47,"column":29},"end":{"line":47,"column":null}},"7":{"start":{"line":57,"column":4},"end":{"line":57,"column":null}}},"fnMap":{"0":{"name":"(anonymous_0)","decl":{"start":{"line":15,"column":9},"end":{"line":15,"column":21}},"loc":{"start":{"line":15,"column":48},"end":{"line":21,"column":null}},"line":15},"1":{"name":"(anonymous_1)","decl":{"start":{"line":23,"column":16},"end":{"line":23,"column":41}},"loc":{"start":{"line":23,"column":75},"end":{"line":25,"column":null}},"line":23},"2":{"name":"(anonymous_2)","decl":{"start":{"line":27,"column":9},"end":{"line":27,"column":27}},"loc":{"start":{"line":27,"column":69},"end":{"line":35,"column":null}},"line":27},"3":{"name":"(anonymous_3)","decl":{"start":{"line":37,"column":9},"end":{"line":37,"column":29}},"loc":{"start":{"line":37,"column":29},"end":{"line":58,"column":null}},"line":37},"4":{"name":"(anonymous_4)","decl":{"start":{"line":47,"column":23},"end":{"line":47,"column":29}},"loc":{"start":{"line":47,"column":29},"end":{"line":47,"column":null}},"line":47}},"branchMap":{"0":{"loc":{"start":{"line":33,"column":22},"end":{"line":33,"column":null}},"type":"binary-expr","locations":[{"start":{"line":33,"column":22},"end":{"line":33,"column":50}},{"start":{"line":33,"column":50},"end":{"line":33,"column":null}}],"line":33},"1":{"loc":{"start":{"line":38,"column":4},"end":{"line":55,"column":null}},"type":"if","locations":[{"start":{"line":38,"column":4},"end":{"line":55,"column":null}},{"start":{},"end":{}}],"line":38},"2":{"loc":{"start":{"line":39,"column":13},"end":{"line":53,"column":null}},"type":"binary-expr","locations":[{"start":{"line":39,"column":13},"end":{"line":39,"column":null}},{"start":{"line":40,"column":8},"end":{"line":53,"column":null}}],"line":39}},"s":{"0":6,"1":6,"2":4,"3":2,"4":9,"5":4,"6":0,"7":5},"f":{"0":6,"1":1,"2":2,"3":9,"4":0},"b":{"0":[2,0],"1":[4,5],"2":[4,4]},"meta":{"lastBranch":3,"lastFunction":5,"lastStatement":8,"seen":{"f:15:9:15:21":0,"s:16:4:16:Infinity":0,"s:17:4:20:Infinity":1,"f:23:16:23:41":1,"s:24:4:24:Infinity":2,"f:27:9:27:27":2,"s:28:4:34:Infinity":3,"b:33:22:33:50:33:50:33:Infinity":0,"f:37:9:37:29":3,"b:38:4:55:Infinity:undefined:undefined:undefined:undefined":1,"s:38:4:55:Infinity":4,"s:39:6:53:Infinity":5,"b:39:13:39:Infinity:40:8:53:Infinity":2,"f:47:23:47:29":4,"s:47:29:47:Infinity":6,"s:57:4:57:Infinity":7}}}
,"C:\\Proyectos Python\\Proyecto Palapa gestion servicios\\src\\hooks\\useDashboardLogic.ts": {"path":"C:\\Proyectos Python\\Proyecto Palapa gestion servicios\\src\\hooks\\useDashboardLogic.ts","statementMap":{"0":{"start":{"line":35,"column":33},"end":{"line":336,"column":null}},"1":{"start":{"line":41,"column":34},"end":{"line":41,"column":null}},"2":{"start":{"line":42,"column":32},"end":{"line":42,"column":null}},"3":{"start":{"line":43,"column":28},"end":{"line":43,"column":null}},"4":{"start":{"line":44,"column":38},"end":{"line":44,"column":null}},"5":{"start":{"line":47,"column":50},"end":{"line":47,"column":null}},"6":{"start":{"line":48,"column":46},"end":{"line":48,"column":null}},"7":{"start":{"line":51,"column":38},"end":{"line":51,"column":null}},"8":{"start":{"line":52,"column":38},"end":{"line":52,"column":null}},"9":{"start":{"line":53,"column":46},"end":{"line":53,"column":null}},"10":{"start":{"line":54,"column":40},"end":{"line":54,"column":null}},"11":{"start":{"line":57,"column":8},"end":{"line":69,"column":null}},"12":{"start":{"line":58,"column":10},"end":{"line":58,"column":null}},"13":{"start":{"line":59,"column":10},"end":{"line":59,"column":null}},"14":{"start":{"line":60,"column":10},"end":{"line":60,"column":null}},"15":{"start":{"line":61,"column":10},"end":{"line":61,"column":null}},"16":{"start":{"line":63,"column":4},"end":{"line":68,"column":null}},"17":{"start":{"line":72,"column":8},"end":{"line":74,"column":null}},"18":{"start":{"line":73,"column":4},"end":{"line":73,"column":null}},"19":{"start":{"line":77,"column":8},"end":{"line":79,"column":null}},"20":{"start":{"line":78,"column":4},"end":{"line":78,"column":null}},"21":{"start":{"line":82,"column":8},"end":{"line":84,"column":null}},"22":{"start":{"line":83,"column":4},"end":{"line":83,"column":null}},"23":{"start":{"line":87,"column":8},"end":{"line":101,"column":null}},"24":{"start":{"line":88,"column":4},"end":{"line":88,"column":null}},"25":{"start":{"line":89,"column":4},"end":{"line":89,"column":null}},"26":{"start":{"line":91,"column":21},"end":{"line":100,"column":null}},"27":{"start":{"line":92,"column":6},"end":{"line":99,"column":null}},"28":{"start":{"line":93,"column":8},"end":{"line":97,"column":null}},"29":{"start":{"line":94,"column":10},"end":{"line":94,"column":null}},"30":{"start":{"line":95,"column":10},"end":{"line":95,"column":null}},"31":{"start":{"line":96,"column":10},"end":{"line":96,"column":null}},"32":{"start":{"line":98,"column":8},"end":{"line":98,"column":null}},"33":{"start":{"line":104,"column":8},"end":{"line":122,"column":null}},"34":{"start":{"line":105,"column":4},"end":{"line":120,"column":null}},"35":{"start":{"line":106,"column":18},"end":{"line":106,"column":null}},"36":{"start":{"line":107,"column":6},"end":{"line":119,"column":null}},"37":{"start":{"line":108,"column":8},"end":{"line":108,"column":null}},"38":{"start":{"line":111,"column":8},"end":{"line":111,"column":null}},"39":{"start":{"line":112,"column":8},"end":{"line":112,"column":null}},"40":{"start":{"line":113,"column":8},"end":{"line":113,"column":null}},"41":{"start":{"line":114,"column":8},"end":{"line":118,"column":null}},"42":{"start":{"line":121,"column":4},"end":{"line":121,"column":null}},"43":{"start":{"line":125,"column":8},"end":{"line":137,"column":null}},"44":{"start":{"line":126,"column":25},"end":{"line":126,"column":null}},"45":{"start":{"line":127,"column":4},"end":{"line":127,"column":null}},"46":{"start":{"line":128,"column":4},"end":{"line":128,"column":null}},"47":{"start":{"line":129,"column":4},"end":{"line":129,"column":null}},"48":{"start":{"line":131,"column":4},"end":{"line":136,"column":null}},"49":{"start":{"line":140,"column":8},"end":{"line":235,"column":null}},"50":{"start":{"line":141,"column":4},"end":{"line":141,"column":null}},"51":{"start":{"line":141,"column":53},"end":{"line":141,"column":null}},"52":{"start":{"line":144,"column":4},"end":{"line":153,"column":null}},"53":{"start":{"line":145,"column":6},"end":{"line":150,"column":null}},"54":{"start":{"line":151,"column":6},"end":{"line":151,"column":null}},"55":{"start":{"line":152,"column":6},"end":{"line":152,"column":null}},"56":{"start":{"line":155,"column":4},"end":{"line":163,"column":null}},"57":{"start":{"line":165,"column":4},"end":{"line":165,"column":null}},"58":{"start":{"line":166,"column":4},"end":{"line":166,"column":null}},"59":{"start":{"line":168,"column":4},"end":{"line":234,"column":null}},"60":{"start":{"line":169,"column":26},"end":{"line":189,"column":null}},"61":{"start":{"line":170,"column":8},"end":{"line":173,"column":null}},"62":{"start":{"line":180,"column":12},"end":{"line":186,"column":null}},"63":{"start":{"line":191,"column":6},"end":{"line":211,"column":null}},"64":{"start":{"line":192,"column":8},"end":{"line":192,"column":null}},"65":{"start":{"line":193,"column":8},"end":{"line":193,"column":null}},"66":{"start":{"line":194,"column":8},"end":{"line":194,"column":null}},"67":{"start":{"line":196,"column":8},"end":{"line":205,"column":null}},"68":{"start":{"line":208,"column":8},"end":{"line":208,"column":null}},"69":{"start":{"line":210,"column":8},"end":{"line":210,"column":null}},"70":{"start":{"line":213,"column":30},"end":{"line":213,"column":null}},"71":{"start":{"line":214,"column":6},"end":{"line":214,"column":null}},"72":{"start":{"line":216,"column":6},"end":{"line":222,"column":null}},"73":{"start":{"line":224,"column":6},"end":{"line":231,"column":null}},"74":{"start":{"line":226,"column":8},"end":{"line":226,"column":null}},"75":{"start":{"line":227,"column":8},"end":{"line":227,"column":null}},"76":{"start":{"line":229,"column":8},"end":{"line":229,"column":null}},"77":{"start":{"line":230,"column":8},"end":{"line":230,"column":null}},"78":{"start":{"line":233,"column":6},"end":{"line":233,"column":null}},"79":{"start":{"line":238,"column":8},"end":{"line":247,"column":null}},"80":{"start":{"line":239,"column":4},"end":{"line":243,"column":null}},"81":{"start":{"line":245,"column":4},"end":{"line":245,"column":null}},"82":{"start":{"line":246,"column":4},"end":{"line":246,"column":null}},"83":{"start":{"line":250,"column":8},"end":{"line":268,"column":null}},"84":{"start":{"line":251,"column":4},"end":{"line":259,"column":null}},"85":{"start":{"line":261,"column":4},"end":{"line":261,"column":null}},"86":{"start":{"line":262,"column":4},"end":{"line":262,"column":null}},"87":{"start":{"line":263,"column":4},"end":{"line":263,"column":null}},"88":{"start":{"line":264,"column":4},"end":{"line":264,"column":null}},"89":{"start":{"line":265,"column":4},"end":{"line":265,"column":null}},"90":{"start":{"line":266,"column":4},"end":{"line":266,"column":null}},"91":{"start":{"line":267,"column":4},"end":{"line":267,"column":null}},"92":{"start":{"line":271,"column":8},"end":{"line":288,"column":null}},"93":{"start":{"line":272,"column":4},"end":{"line":276,"column":null}},"94":{"start":{"line":278,"column":4},"end":{"line":278,"column":null}},"95":{"start":{"line":279,"column":4},"end":{"line":279,"column":null}},"96":{"start":{"line":280,"column":4},"end":{"line":280,"column":null}},"97":{"start":{"line":281,"column":4},"end":{"line":281,"column":null}},"98":{"start":{"line":282,"column":4},"end":{"line":282,"column":null}},"99":{"start":{"line":283,"column":4},"end":{"line":283,"column":null}},"100":{"start":{"line":284,"column":4},"end":{"line":284,"column":null}},"101":{"start":{"line":287,"column":4},"end":{"line":287,"column":null}},"102":{"start":{"line":291,"column":8},"end":{"line":309,"column":null}},"103":{"start":{"line":292,"column":4},"end":{"line":298,"column":null}},"104":{"start":{"line":300,"column":4},"end":{"line":300,"column":null}},"105":{"start":{"line":301,"column":4},"end":{"line":301,"column":null}},"106":{"start":{"line":302,"column":4},"end":{"line":302,"column":null}},"107":{"start":{"line":303,"column":4},"end":{"line":303,"column":null}},"108":{"start":{"line":304,"column":4},"end":{"line":304,"column":null}},"109":{"start":{"line":305,"column":4},"end":{"line":305,"column":null}},"110":{"start":{"line":308,"column":4},"end":{"line":308,"column":null}},"111":{"start":{"line":311,"column":2},"end":{"line":335,"column":null}}},"fnMap":{"0":{"name":"(anonymous_0)","decl":{"start":{"line":35,"column":33},"end":{"line":35,"column":null}},"loc":{"start":{"line":39,"column":31},"end":{"line":336,"column":null}},"line":39},"1":{"name":"(anonymous_1)","decl":{"start":{"line":57,"column":26},"end":{"line":57,"column":32}},"loc":{"start":{"line":57,"column":32},"end":{"line":69,"column":5}},"line":57},"2":{"name":"(anonymous_2)","decl":{"start":{"line":72,"column":35},"end":{"line":72,"column":41}},"loc":{"start":{"line":72,"column":41},"end":{"line":74,"column":5}},"line":72},"3":{"name":"(anonymous_3)","decl":{"start":{"line":77,"column":30},"end":{"line":77,"column":51}},"loc":{"start":{"line":77,"column":51},"end":{"line":79,"column":5}},"line":77},"4":{"name":"(anonymous_4)","decl":{"start":{"line":82,"column":36},"end":{"line":82,"column":61}},"loc":{"start":{"line":82,"column":61},"end":{"line":84,"column":5}},"line":82},"5":{"name":"(anonymous_5)","decl":{"start":{"line":87,"column":37},"end":{"line":87,"column":43}},"loc":{"start":{"line":87,"column":43},"end":{"line":101,"column":5}},"line":87},"6":{"name":"(anonymous_6)","decl":{"start":{"line":91,"column":33},"end":{"line":91,"column":39}},"loc":{"start":{"line":91,"column":39},"end":{"line":100,"column":7}},"line":91},"7":{"name":"(anonymous_7)","decl":{"start":{"line":92,"column":26},"end":{"line":92,"column":27}},"loc":{"start":{"line":92,"column":36},"end":{"line":99,"column":7}},"line":92},"8":{"name":"(anonymous_8)","decl":{"start":{"line":104,"column":42},"end":{"line":104,"column":48}},"loc":{"start":{"line":104,"column":48},"end":{"line":122,"column":5}},"line":104},"9":{"name":"(anonymous_9)","decl":{"start":{"line":125,"column":43},"end":{"line":125,"column":49}},"loc":{"start":{"line":125,"column":49},"end":{"line":137,"column":5}},"line":125},"10":{"name":"(anonymous_10)","decl":{"start":{"line":140,"column":39},"end":{"line":140,"column":46}},"loc":{"start":{"line":140,"column":64},"end":{"line":235,"column":5}},"line":140},"11":{"name":"(anonymous_11)","decl":{"start":{"line":170,"column":8},"end":{"line":170,"column":14}},"loc":{"start":{"line":170,"column":8},"end":{"line":173,"column":null}},"line":170},"12":{"name":"(anonymous_12)","decl":{"start":{"line":179,"column":19},"end":{"line":179,"column":20}},"loc":{"start":{"line":179,"column":46},"end":{"line":187,"column":null}},"line":179},"13":{"name":"(anonymous_13)","decl":{"start":{"line":238,"column":45},"end":{"line":238,"column":51}},"loc":{"start":{"line":238,"column":51},"end":{"line":247,"column":5}},"line":238},"14":{"name":"(anonymous_14)","decl":{"start":{"line":250,"column":35},"end":{"line":250,"column":41}},"loc":{"start":{"line":250,"column":41},"end":{"line":268,"column":5}},"line":250},"15":{"name":"(anonymous_15)","decl":{"start":{"line":271,"column":40},"end":{"line":271,"column":47}},"loc":{"start":{"line":271,"column":70},"end":{"line":288,"column":5}},"line":271},"16":{"name":"(anonymous_16)","decl":{"start":{"line":291,"column":42},"end":{"line":291,"column":48}},"loc":{"start":{"line":291,"column":48},"end":{"line":309,"column":5}},"line":291}},"branchMap":{"0":{"loc":{"start":{"line":93,"column":8},"end":{"line":97,"column":null}},"type":"if","locations":[{"start":{"line":93,"column":8},"end":{"line":97,"column":null}},{"start":{},"end":{}}],"line":93},"1":{"loc":{"start":{"line":105,"column":4},"end":{"line":120,"column":null}},"type":"if","locations":[{"start":{"line":105,"column":4},"end":{"line":120,"column":null}},{"start":{},"end":{}}],"line":105},"2":{"loc":{"start":{"line":107,"column":6},"end":{"line":119,"column":null}},"type":"if","locations":[{"start":{"line":107,"column":6},"end":{"line":119,"column":null}},{"start":{"line":109,"column":13},"end":{"line":119,"column":null}}],"line":107},"3":{"loc":{"start":{"line":140,"column":46},"end":{"line":140,"column":64}},"type":"default-arg","locations":[{"start":{"line":140,"column":54},"end":{"line":140,"column":64}}],"line":140},"4":{"loc":{"start":{"line":141,"column":4},"end":{"line":141,"column":null}},"type":"if","locations":[{"start":{"line":141,"column":4},"end":{"line":141,"column":null}},{"start":{},"end":{}}],"line":141},"5":{"loc":{"start":{"line":141,"column":8},"end":{"line":141,"column":53}},"type":"binary-expr","locations":[{"start":{"line":141,"column":8},"end":{"line":141,"column":22}},{"start":{"line":141,"column":22},"end":{"line":141,"column":44}},{"start":{"line":141,"column":44},"end":{"line":141,"column":53}}],"line":141},"6":{"loc":{"start":{"line":144,"column":4},"end":{"line":153,"column":null}},"type":"if","locations":[{"start":{"line":144,"column":4},"end":{"line":153,"column":null}},{"start":{},"end":{}}],"line":144},"7":{"loc":{"start":{"line":144,"column":8},"end":{"line":144,"column":41}},"type":"binary-expr","locations":[{"start":{"line":144,"column":8},"end":{"line":144,"column":18}},{"start":{"line":144,"column":18},"end":{"line":144,"column":41}}],"line":144},"8":{"loc":{"start":{"line":184,"column":21},"end":{"line":184,"column":null}},"type":"cond-expr","locations":[{"start":{"line":184,"column":46},"end":{"line":184,"column":62}},{"start":{"line":184,"column":62},"end":{"line":184,"column":null}}],"line":184},"9":{"loc":{"start":{"line":191,"column":6},"end":{"line":211,"column":null}},"type":"if","locations":[{"start":{"line":191,"column":6},"end":{"line":211,"column":null}},{"start":{"line":209,"column":13},"end":{"line":211,"column":null}}],"line":191},"10":{"loc":{"start":{"line":191,"column":10},"end":{"line":191,"column":85}},"type":"binary-expr","locations":[{"start":{"line":191,"column":10},"end":{"line":191,"column":33}},{"start":{"line":191,"column":33},"end":{"line":191,"column":62}},{"start":{"line":191,"column":62},"end":{"line":191,"column":85}}],"line":191},"11":{"loc":{"start":{"line":210,"column":24},"end":{"line":210,"column":125}},"type":"binary-expr","locations":[{"start":{"line":210,"column":24},"end":{"line":210,"column":51}},{"start":{"line":210,"column":51},"end":{"line":210,"column":81}},{"start":{"line":210,"column":81},"end":{"line":210,"column":125}}],"line":210},"12":{"loc":{"start":{"line":216,"column":15},"end":{"line":216,"column":91}},"type":"cond-expr","locations":[{"start":{"line":216,"column":40},"end":{"line":216,"column":48}},{"start":{"line":216,"column":48},"end":{"line":216,"column":91}}],"line":216},"13":{"loc":{"start":{"line":224,"column":6},"end":{"line":231,"column":null}},"type":"if","locations":[{"start":{"line":224,"column":6},"end":{"line":231,"column":null}},{"start":{"line":228,"column":13},"end":{"line":231,"column":null}}],"line":224},"14":{"loc":{"start":{"line":227,"column":19},"end":{"line":227,"column":79}},"type":"cond-expr","locations":[{"start":{"line":227,"column":44},"end":{"line":227,"column":60}},{"start":{"line":227,"column":60},"end":{"line":227,"column":79}}],"line":227},"15":{"loc":{"start":{"line":230,"column":19},"end":{"line":230,"column":79}},"type":"cond-expr","locations":[{"start":{"line":230,"column":44},"end":{"line":230,"column":60}},{"start":{"line":230,"column":60},"end":{"line":230,"column":79}}],"line":230}},"s":{"0":1,"1":32,"2":32,"3":32,"4":32,"5":32,"6":32,"7":32,"8":32,"9":32,"10":32,"11":32,"12":12,"13":12,"14":12,"15":12,"16":12,"17":32,"18":12,"19":32,"20":12,"21":32,"22":12,"23":32,"24":4,"25":4,"26":4,"27":0,"28":0,"29":0,"30":0,"31":0,"32":0,"33":32,"34":17,"35":2,"36":2,"37":1,"38":1,"39":1,"40":1,"41":1,"42":16,"43":32,"44":4,"45":4,"46":4,"47":4,"48":4,"49":32,"50":18,"51":0,"52":18,"53":1,"54":1,"55":1,"56":17,"57":17,"58":17,"59":17,"60":17,"61":17,"62":0,"63":17,"64":3,"65":3,"66":3,"67":3,"68":3,"69":14,"70":14,"71":14,"72":14,"73":14,"74":4,"75":4,"76":10,"77":10,"78":17,"79":32,"80":1,"81":1,"82":1,"83":32,"84":1,"85":1,"86":1,"87":1,"88":1,"89":1,"90":1,"91":1,"92":32,"93":1,"94":1,"95":1,"96":1,"97":1,"98":1,"99":1,"100":1,"101":1,"102":32,"103":1,"104":1,"105":1,"106":1,"107":1,"108":1,"109":1,"110":1,"111":32},"f":{"0":32,"1":12,"2":12,"3":12,"4":12,"5":4,"6":0,"7":0,"8":17,"9":4,"10":18,"11":17,"12":0,"13":1,"14":1,"15":1,"16":1},"b":{"0":[0,0],"1":[2,15],"2":[1,1],"3":[18],"4":[0,18],"5":[18,18,0],"6":[1,17],"7":[18,17],"8":[0,0],"9":[3,14],"10":[17,3,3],"11":[14,14,0],"12":[14,0],"13":[4,10],"14":[4,0],"15":[10,0]},"meta":{"lastBranch":16,"lastFunction":17,"lastStatement":112,"seen":{"s:35:33:336:Infinity":0,"f:35:33:35:Infinity":0,"s:41:34:41:Infinity":1,"s:42:32:42:Infinity":2,"s:43:28:43:Infinity":3,"s:44:38:44:Infinity":4,"s:47:50:47:Infinity":5,"s:48:46:48:Infinity":6,"s:51:38:51:Infinity":7,"s:52:38:52:Infinity":8,"s:53:46:53:Infinity":9,"s:54:40:54:Infinity":10,"s:57:8:69:Infinity":11,"f:57:26:57:32":1,"s:58:10:58:Infinity":12,"s:59:10:59:Infinity":13,"s:60:10:60:Infinity":14,"s:61:10:61:Infinity":15,"s:63:4:68:Infinity":16,"s:72:8:74:Infinity":17,"f:72:35:72:41":2,"s:73:4:73:Infinity":18,"s:77:8:79:Infinity":19,"f:77:30:77:51":3,"s:78:4:78:Infinity":20,"s:82:8:84:Infinity":21,"f:82:36:82:61":4,"s:83:4:83:Infinity":22,"s:87:8:101:Infinity":23,"f:87:37:87:43":5,"s:88:4:88:Infinity":24,"s:89:4:89:Infinity":25,"s:91:21:100:Infinity":26,"f:91:33:91:39":6,"s:92:6:99:Infinity":27,"f:92:26:92:27":7,"b:93:8:97:Infinity:undefined:undefined:undefined:undefined":0,"s:93:8:97:Infinity":28,"s:94:10:94:Infinity":29,"s:95:10:95:Infinity":30,"s:96:10:96:Infinity":31,"s:98:8:98:Infinity":32,"s:104:8:122:Infinity":33,"f:104:42:104:48":8,"b:105:4:120:Infinity:undefined:undefined:undefined:undefined":1,"s:105:4:120:Infinity":34,"s:106:18:106:Infinity":35,"b:107:6:119:Infinity:109:13:119:Infinity":2,"s:107:6:119:Infinity":36,"s:108:8:108:Infinity":37,"s:111:8:111:Infinity":38,"s:112:8:112:Infinity":39,"s:113:8:113:Infinity":40,"s:114:8:118:Infinity":41,"s:121:4:121:Infinity":42,"s:125:8:137:Infinity":43,"f:125:43:125:49":9,"s:126:25:126:Infinity":44,"s:127:4:127:Infinity":45,"s:128:4:128:Infinity":46,"s:129:4:129:Infinity":47,"s:131:4:136:Infinity":48,"s:140:8:235:Infinity":49,"f:140:39:140:46":10,"b:140:54:140:64":3,"b:141:4:141:Infinity:undefined:undefined:undefined:undefined":4,"s:141:4:141:Infinity":50,"b:141:8:141:22:141:22:141:44:141:44:141:53":5,"s:141:53:141:Infinity":51,"b:144:4:153:Infinity:undefined:undefined:undefined:undefined":6,"s:144:4:153:Infinity":52,"b:144:8:144:18:144:18:144:41":7,"s:145:6:150:Infinity":53,"s:151:6:151:Infinity":54,"s:152:6:152:Infinity":55,"s:155:4:163:Infinity":56,"s:165:4:165:Infinity":57,"s:166:4:166:Infinity":58,"s:168:4:234:Infinity":59,"s:169:26:189:Infinity":60,"f:170:8:170:14":11,"s:170:8:173:Infinity":61,"f:179:19:179:20":12,"s:180:12:186:Infinity":62,"b:184:46:184:62:184:62:184:Infinity":8,"b:191:6:211:Infinity:209:13:211:Infinity":9,"s:191:6:211:Infinity":63,"b:191:10:191:33:191:33:191:62:191:62:191:85":10,"s:192:8:192:Infinity":64,"s:193:8:193:Infinity":65,"s:194:8:194:Infinity":66,"s:196:8:205:Infinity":67,"s:208:8:208:Infinity":68,"s:210:8:210:Infinity":69,"b:210:24:210:51:210:51:210:81:210:81:210:125":11,"s:213:30:213:Infinity":70,"s:214:6:214:Infinity":71,"s:216:6:222:Infinity":72,"b:216:40:216:48:216:48:216:91":12,"b:224:6:231:Infinity:228:13:231:Infinity":13,"s:224:6:231:Infinity":73,"s:226:8:226:Infinity":74,"s:227:8:227:Infinity":75,"b:227:44:227:60:227:60:227:79":14,"s:229:8:229:Infinity":76,"s:230:8:230:Infinity":77,"b:230:44:230:60:230:60:230:79":15,"s:233:6:233:Infinity":78,"s:238:8:247:Infinity":79,"f:238:45:238:51":13,"s:239:4:243:Infinity":80,"s:245:4:245:Infinity":81,"s:246:4:246:Infinity":82,"s:250:8:268:Infinity":83,"f:250:35:250:41":14,"s:251:4:259:Infinity":84,"s:261:4:261:Infinity":85,"s:262:4:262:Infinity":86,"s:263:4:263:Infinity":87,"s:264:4:264:Infinity":88,"s:265:4:265:Infinity":89,"s:266:4:266:Infinity":90,"s:267:4:267:Infinity":91,"s:271:8:288:Infinity":92,"f:271:40:271:47":15,"s:272:4:276:Infinity":93,"s:278:4:278:Infinity":94,"s:279:4:279:Infinity":95,"s:280:4:280:Infinity":96,"s:281:4:281:Infinity":97,"s:282:4:282:Infinity":98,"s:283:4:283:Infinity":99,"s:284:4:284:Infinity":100,"s:287:4:287:Infinity":101,"s:291:8:309:Infinity":102,"f:291:42:291:48":16,"s:292:4:298:Infinity":103,"s:300:4:300:Infinity":104,"s:301:4:301:Infinity":105,"s:302:4:302:Infinity":106,"s:303:4:303:Infinity":107,"s:304:4:304:Infinity":108,"s:305:4:305:Infinity":109,"s:308:4:308:Infinity":110,"s:311:2:335:Infinity":111}}}
,"C:\\Proyectos Python\\Proyecto Palapa gestion servicios\\src\\services\\storageAdapter.ts": {"path":"C:\\Proyectos Python\\Proyecto Palapa gestion servicios\\src\\services\\storageAdapter.ts","statementMap":{"0":{"start":{"line":20,"column":28},"end":{"line":24,"column":null}},"1":{"start":{"line":34,"column":4},"end":{"line":40,"column":null}},"2":{"start":{"line":35,"column":21},"end":{"line":35,"column":null}},"3":{"start":{"line":36,"column":8},"end":{"line":36,"column":null}},"4":{"start":{"line":38,"column":8},"end":{"line":38,"column":null}},"5":{"start":{"line":39,"column":8},"end":{"line":39,"column":null}},"6":{"start":{"line":44,"column":4},"end":{"line":48,"column":null}},"7":{"start":{"line":45,"column":8},"end":{"line":45,"column":null}},"8":{"start":{"line":47,"column":8},"end":{"line":47,"column":null}},"9":{"start":{"line":58,"column":30},"end":{"line":259,"column":null}},"10":{"start":{"line":62,"column":8},"end":{"line":69,"column":null}},"11":{"start":{"line":63,"column":12},"end":{"line":68,"column":null}},"12":{"start":{"line":64,"column":16},"end":{"line":64,"column":null}},"13":{"start":{"line":66,"column":16},"end":{"line":66,"column":null}},"14":{"start":{"line":67,"column":16},"end":{"line":67,"column":null}},"15":{"start":{"line":70,"column":8},"end":{"line":70,"column":null}},"16":{"start":{"line":74,"column":8},"end":{"line":76,"column":null}},"17":{"start":{"line":75,"column":12},"end":{"line":75,"column":null}},"18":{"start":{"line":79,"column":34},"end":{"line":82,"column":null}},"19":{"start":{"line":83,"column":24},"end":{"line":83,"column":null}},"20":{"start":{"line":84,"column":8},"end":{"line":84,"column":null}},"21":{"start":{"line":85,"column":8},"end":{"line":85,"column":null}},"22":{"start":{"line":86,"column":8},"end":{"line":86,"column":null}},"23":{"start":{"line":90,"column":8},"end":{"line":92,"column":null}},"24":{"start":{"line":91,"column":12},"end":{"line":91,"column":null}},"25":{"start":{"line":95,"column":24},"end":{"line":95,"column":null}},"26":{"start":{"line":96,"column":22},"end":{"line":96,"column":null}},"27":{"start":{"line":96,"column":47},"end":{"line":96,"column":72}},"28":{"start":{"line":97,"column":8},"end":{"line":100,"column":null}},"29":{"start":{"line":98,"column":12},"end":{"line":98,"column":null}},"30":{"start":{"line":99,"column":12},"end":{"line":99,"column":null}},"31":{"start":{"line":101,"column":8},"end":{"line":101,"column":null}},"32":{"start":{"line":105,"column":8},"end":{"line":108,"column":null}},"33":{"start":{"line":106,"column":12},"end":{"line":106,"column":null}},"34":{"start":{"line":107,"column":12},"end":{"line":107,"column":null}},"35":{"start":{"line":111,"column":24},"end":{"line":111,"column":null}},"36":{"start":{"line":112,"column":25},"end":{"line":112,"column":null}},"37":{"start":{"line":112,"column":47},"end":{"line":112,"column":58}},"38":{"start":{"line":113,"column":8},"end":{"line":113,"column":null}},"39":{"start":{"line":119,"column":8},"end":{"line":126,"column":null}},"40":{"start":{"line":120,"column":12},"end":{"line":125,"column":null}},"41":{"start":{"line":121,"column":16},"end":{"line":121,"column":null}},"42":{"start":{"line":123,"column":16},"end":{"line":123,"column":null}},"43":{"start":{"line":124,"column":16},"end":{"line":124,"column":null}},"44":{"start":{"line":127,"column":8},"end":{"line":127,"column":null}},"45":{"start":{"line":131,"column":8},"end":{"line":133,"column":null}},"46":{"start":{"line":132,"column":12},"end":{"line":132,"column":null}},"47":{"start":{"line":136,"column":44},"end":{"line":139,"column":null}},"48":{"start":{"line":140,"column":29},"end":{"line":140,"column":null}},"49":{"start":{"line":141,"column":8},"end":{"line":141,"column":null}},"50":{"start":{"line":142,"column":8},"end":{"line":142,"column":null}},"51":{"start":{"line":143,"column":8},"end":{"line":143,"column":null}},"52":{"start":{"line":147,"column":8},"end":{"line":149,"column":null}},"53":{"start":{"line":148,"column":12},"end":{"line":148,"column":null}},"54":{"start":{"line":152,"column":29},"end":{"line":152,"column":null}},"55":{"start":{"line":153,"column":22},"end":{"line":153,"column":null}},"56":{"start":{"line":153,"column":52},"end":{"line":153,"column":82}},"57":{"start":{"line":154,"column":8},"end":{"line":157,"column":null}},"58":{"start":{"line":155,"column":12},"end":{"line":155,"column":null}},"59":{"start":{"line":156,"column":12},"end":{"line":156,"column":null}},"60":{"start":{"line":158,"column":8},"end":{"line":158,"column":null}},"61":{"start":{"line":162,"column":8},"end":{"line":165,"column":null}},"62":{"start":{"line":163,"column":12},"end":{"line":163,"column":null}},"63":{"start":{"line":164,"column":12},"end":{"line":164,"column":null}},"64":{"start":{"line":168,"column":29},"end":{"line":168,"column":null}},"65":{"start":{"line":169,"column":28},"end":{"line":169,"column":null}},"66":{"start":{"line":169,"column":53},"end":{"line":169,"column":64}},"67":{"start":{"line":170,"column":8},"end":{"line":173,"column":null}},"68":{"start":{"line":171,"column":12},"end":{"line":171,"column":null}},"69":{"start":{"line":172,"column":12},"end":{"line":172,"column":null}},"70":{"start":{"line":177,"column":8},"end":{"line":180,"column":null}},"71":{"start":{"line":178,"column":12},"end":{"line":178,"column":null}},"72":{"start":{"line":179,"column":12},"end":{"line":179,"column":null}},"73":{"start":{"line":183,"column":29},"end":{"line":183,"column":null}},"74":{"start":{"line":184,"column":28},"end":{"line":184,"column":null}},"75":{"start":{"line":184,"column":53},"end":{"line":184,"column":64}},"76":{"start":{"line":185,"column":8},"end":{"line":188,"column":null}},"77":{"start":{"line":186,"column":12},"end":{"line":186,"column":null}},"78":{"start":{"line":187,"column":12},"end":{"line":187,"column":null}},"79":{"start":{"line":192,"column":8},"end":{"line":195,"column":null}},"80":{"start":{"line":193,"column":12},"end":{"line":193,"column":null}},"81":{"start":{"line":194,"column":12},"end":{"line":194,"column":null}},"82":{"start":{"line":198,"column":29},"end":{"line":198,"column":null}},"83":{"start":{"line":199,"column":25},"end":{"line":199,"column":null}},"84":{"start":{"line":199,"column":52},"end":{"line":199,"column":63}},"85":{"start":{"line":200,"column":8},"end":{"line":200,"column":null}},"86":{"start":{"line":206,"column":8},"end":{"line":213,"column":null}},"87":{"start":{"line":207,"column":12},"end":{"line":212,"column":null}},"88":{"start":{"line":208,"column":16},"end":{"line":208,"column":null}},"89":{"start":{"line":210,"column":16},"end":{"line":210,"column":null}},"90":{"start":{"line":211,"column":16},"end":{"line":211,"column":null}},"91":{"start":{"line":214,"column":8},"end":{"line":214,"column":null}},"92":{"start":{"line":218,"column":8},"end":{"line":220,"column":null}},"93":{"start":{"line":219,"column":12},"end":{"line":219,"column":null}},"94":{"start":{"line":223,"column":44},"end":{"line":226,"column":null}},"95":{"start":{"line":227,"column":29},"end":{"line":227,"column":null}},"96":{"start":{"line":228,"column":8},"end":{"line":228,"column":null}},"97":{"start":{"line":229,"column":8},"end":{"line":229,"column":null}},"98":{"start":{"line":230,"column":8},"end":{"line":230,"column":null}},"99":{"start":{"line":234,"column":8},"end":{"line":236,"column":null}},"100":{"start":{"line":235,"column":12},"end":{"line":235,"column":null}},"101":{"start":{"line":239,"column":29},"end":{"line":239,"column":null}},"102":{"start":{"line":240,"column":22},"end":{"line":240,"column":null}},"103":{"start":{"line":240,"column":52},"end":{"line":240,"column":82}},"104":{"start":{"line":241,"column":8},"end":{"line":244,"column":null}},"105":{"start":{"line":242,"column":12},"end":{"line":242,"column":null}},"106":{"start":{"line":243,"column":12},"end":{"line":243,"column":null}},"107":{"start":{"line":245,"column":8},"end":{"line":245,"column":null}},"108":{"start":{"line":249,"column":8},"end":{"line":252,"column":null}},"109":{"start":{"line":250,"column":12},"end":{"line":250,"column":null}},"110":{"start":{"line":251,"column":12},"end":{"line":251,"column":null}},"111":{"start":{"line":255,"column":29},"end":{"line":255,"column":null}},"112":{"start":{"line":256,"column":25},"end":{"line":256,"column":null}},"113":{"start":{"line":256,"column":52},"end":{"line":256,"column":63}},"114":{"start":{"line":257,"column":8},"end":{"line":257,"column":null}},"115":{"start":{"line":274,"column":4},"end":{"line":280,"column":null}},"116":{"start":{"line":275,"column":8},"end":{"line":279,"column":null}},"117":{"start":{"line":282,"column":29},"end":{"line":282,"column":null}},"118":{"start":{"line":283,"column":21},"end":{"line":283,"column":null}},"119":{"start":{"line":285,"column":4},"end":{"line":341,"column":null}},"120":{"start":{"line":286,"column":8},"end":{"line":286,"column":null}},"121":{"start":{"line":289,"column":29},"end":{"line":289,"column":null}},"122":{"start":{"line":290,"column":8},"end":{"line":299,"column":null}},"123":{"start":{"line":291,"column":12},"end":{"line":298,"column":null}},"124":{"start":{"line":292,"column":63},"end":{"line":292,"column":null}},"125":{"start":{"line":293,"column":16},"end":{"line":293,"column":null}},"126":{"start":{"line":294,"column":16},"end":{"line":294,"column":null}},"127":{"start":{"line":295,"column":16},"end":{"line":295,"column":null}},"128":{"start":{"line":297,"column":16},"end":{"line":297,"column":null}},"129":{"start":{"line":302,"column":34},"end":{"line":302,"column":null}},"130":{"start":{"line":303,"column":8},"end":{"line":312,"column":null}},"131":{"start":{"line":304,"column":12},"end":{"line":311,"column":null}},"132":{"start":{"line":305,"column":73},"end":{"line":305,"column":null}},"133":{"start":{"line":306,"column":16},"end":{"line":306,"column":null}},"134":{"start":{"line":307,"column":16},"end":{"line":307,"column":null}},"135":{"start":{"line":308,"column":16},"end":{"line":308,"column":null}},"136":{"start":{"line":310,"column":16},"end":{"line":310,"column":null}},"137":{"start":{"line":315,"column":34},"end":{"line":315,"column":null}},"138":{"start":{"line":316,"column":8},"end":{"line":325,"column":null}},"139":{"start":{"line":317,"column":12},"end":{"line":324,"column":null}},"140":{"start":{"line":318,"column":73},"end":{"line":318,"column":null}},"141":{"start":{"line":319,"column":16},"end":{"line":319,"column":null}},"142":{"start":{"line":320,"column":16},"end":{"line":320,"column":null}},"143":{"start":{"line":321,"column":16},"end":{"line":321,"column":null}},"144":{"start":{"line":323,"column":16},"end":{"line":323,"column":null}},"145":{"start":{"line":327,"column":8},"end":{"line":327,"column":null}},"146":{"start":{"line":329,"column":8},"end":{"line":333,"column":null}},"147":{"start":{"line":335,"column":8},"end":{"line":335,"column":null}},"148":{"start":{"line":336,"column":8},"end":{"line":340,"column":null}},"149":{"start":{"line":353,"column":4},"end":{"line":358,"column":null}},"150":{"start":{"line":369,"column":4},"end":{"line":369,"column":null}},"151":{"start":{"line":370,"column":4},"end":{"line":370,"column":null}},"152":{"start":{"line":371,"column":4},"end":{"line":371,"column":null}},"153":{"start":{"line":372,"column":4},"end":{"line":372,"column":null}}},"fnMap":{"0":{"name":"getFromLocalStorage","decl":{"start":{"line":33,"column":9},"end":{"line":33,"column":32}},"loc":{"start":{"line":33,"column":50},"end":{"line":41,"column":null}},"line":33},"1":{"name":"saveToLocalStorage","decl":{"start":{"line":43,"column":9},"end":{"line":43,"column":31}},"loc":{"start":{"line":43,"column":61},"end":{"line":49,"column":null}},"line":43},"2":{"name":"(anonymous_2)","decl":{"start":{"line":61,"column":10},"end":{"line":61,"column":42}},"loc":{"start":{"line":61,"column":42},"end":{"line":71,"column":null}},"line":61},"3":{"name":"(anonymous_3)","decl":{"start":{"line":73,"column":10},"end":{"line":73,"column":20}},"loc":{"start":{"line":73,"column":65},"end":{"line":87,"column":null}},"line":73},"4":{"name":"(anonymous_4)","decl":{"start":{"line":89,"column":10},"end":{"line":89,"column":23}},"loc":{"start":{"line":89,"column":63},"end":{"line":102,"column":null}},"line":89},"5":{"name":"(anonymous_5)","decl":{"start":{"line":96,"column":40},"end":{"line":96,"column":41}},"loc":{"start":{"line":96,"column":47},"end":{"line":96,"column":72}},"line":96},"6":{"name":"(anonymous_6)","decl":{"start":{"line":104,"column":10},"end":{"line":104,"column":23}},"loc":{"start":{"line":104,"column":50},"end":{"line":114,"column":null}},"line":104},"7":{"name":"(anonymous_7)","decl":{"start":{"line":112,"column":40},"end":{"line":112,"column":41}},"loc":{"start":{"line":112,"column":47},"end":{"line":112,"column":58}},"line":112},"8":{"name":"(anonymous_8)","decl":{"start":{"line":118,"column":10},"end":{"line":118,"column":52}},"loc":{"start":{"line":118,"column":52},"end":{"line":128,"column":null}},"line":118},"9":{"name":"(anonymous_9)","decl":{"start":{"line":130,"column":10},"end":{"line":130,"column":25}},"loc":{"start":{"line":130,"column":85},"end":{"line":144,"column":null}},"line":130},"10":{"name":"(anonymous_10)","decl":{"start":{"line":146,"column":10},"end":{"line":146,"column":28}},"loc":{"start":{"line":146,"column":83},"end":{"line":159,"column":null}},"line":146},"11":{"name":"(anonymous_11)","decl":{"start":{"line":153,"column":45},"end":{"line":153,"column":46}},"loc":{"start":{"line":153,"column":52},"end":{"line":153,"column":82}},"line":153},"12":{"name":"(anonymous_12)","decl":{"start":{"line":161,"column":10},"end":{"line":161,"column":34}},"loc":{"start":{"line":161,"column":88},"end":{"line":174,"column":null}},"line":161},"13":{"name":"(anonymous_13)","decl":{"start":{"line":169,"column":46},"end":{"line":169,"column":47}},"loc":{"start":{"line":169,"column":53},"end":{"line":169,"column":64}},"line":169},"14":{"name":"(anonymous_14)","decl":{"start":{"line":176,"column":10},"end":{"line":176,"column":29}},"loc":{"start":{"line":176,"column":56},"end":{"line":189,"column":null}},"line":176},"15":{"name":"(anonymous_15)","decl":{"start":{"line":184,"column":46},"end":{"line":184,"column":47}},"loc":{"start":{"line":184,"column":53},"end":{"line":184,"column":64}},"line":184},"16":{"name":"(anonymous_16)","decl":{"start":{"line":191,"column":10},"end":{"line":191,"column":28}},"loc":{"start":{"line":191,"column":55},"end":{"line":201,"column":null}},"line":191},"17":{"name":"(anonymous_17)","decl":{"start":{"line":199,"column":45},"end":{"line":199,"column":46}},"loc":{"start":{"line":199,"column":52},"end":{"line":199,"column":63}},"line":199},"18":{"name":"(anonymous_18)","decl":{"start":{"line":205,"column":10},"end":{"line":205,"column":52}},"loc":{"start":{"line":205,"column":52},"end":{"line":215,"column":null}},"line":205},"19":{"name":"(anonymous_19)","decl":{"start":{"line":217,"column":10},"end":{"line":217,"column":25}},"loc":{"start":{"line":217,"column":85},"end":{"line":231,"column":null}},"line":217},"20":{"name":"(anonymous_20)","decl":{"start":{"line":233,"column":10},"end":{"line":233,"column":28}},"loc":{"start":{"line":233,"column":83},"end":{"line":246,"column":null}},"line":233},"21":{"name":"(anonymous_21)","decl":{"start":{"line":240,"column":45},"end":{"line":240,"column":46}},"loc":{"start":{"line":240,"column":52},"end":{"line":240,"column":82}},"line":240},"22":{"name":"(anonymous_22)","decl":{"start":{"line":248,"column":10},"end":{"line":248,"column":28}},"loc":{"start":{"line":248,"column":55},"end":{"line":258,"column":null}},"line":248},"23":{"name":"(anonymous_23)","decl":{"start":{"line":256,"column":45},"end":{"line":256,"column":46}},"loc":{"start":{"line":256,"column":52},"end":{"line":256,"column":63}},"line":256},"24":{"name":"migrateLocalStorageToSupabase","decl":{"start":{"line":269,"column":22},"end":{"line":269,"column":null}},"loc":{"start":{"line":273,"column":3},"end":{"line":342,"column":null}},"line":273},"25":{"name":"backupLocalStorage","decl":{"start":{"line":347,"column":16},"end":{"line":347,"column":null}},"loc":{"start":{"line":352,"column":2},"end":{"line":359,"column":null}},"line":352},"26":{"name":"restoreFromBackup","decl":{"start":{"line":364,"column":16},"end":{"line":364,"column":34}},"loc":{"start":{"line":368,"column":9},"end":{"line":373,"column":null}},"line":368}},"branchMap":{"0":{"loc":{"start":{"line":36,"column":15},"end":{"line":36,"column":null}},"type":"cond-expr","locations":[{"start":{"line":36,"column":22},"end":{"line":36,"column":41}},{"start":{"line":36,"column":41},"end":{"line":36,"column":null}}],"line":36},"1":{"loc":{"start":{"line":62,"column":8},"end":{"line":69,"column":null}},"type":"if","locations":[{"start":{"line":62,"column":8},"end":{"line":69,"column":null}},{"start":{},"end":{}}],"line":62},"2":{"loc":{"start":{"line":74,"column":8},"end":{"line":76,"column":null}},"type":"if","locations":[{"start":{"line":74,"column":8},"end":{"line":76,"column":null}},{"start":{},"end":{}}],"line":74},"3":{"loc":{"start":{"line":90,"column":8},"end":{"line":92,"column":null}},"type":"if","locations":[{"start":{"line":90,"column":8},"end":{"line":92,"column":null}},{"start":{},"end":{}}],"line":90},"4":{"loc":{"start":{"line":97,"column":8},"end":{"line":100,"column":null}},"type":"if","locations":[{"start":{"line":97,"column":8},"end":{"line":100,"column":null}},{"start":{},"end":{}}],"line":97},"5":{"loc":{"start":{"line":105,"column":8},"end":{"line":108,"column":null}},"type":"if","locations":[{"start":{"line":105,"column":8},"end":{"line":108,"column":null}},{"start":{},"end":{}}],"line":105},"6":{"loc":{"start":{"line":119,"column":8},"end":{"line":126,"column":null}},"type":"if","locations":[{"start":{"line":119,"column":8},"end":{"line":126,"column":null}},{"start":{},"end":{}}],"line":119},"7":{"loc":{"start":{"line":131,"column":8},"end":{"line":133,"column":null}},"type":"if","locations":[{"start":{"line":131,"column":8},"end":{"line":133,"column":null}},{"start":{},"end":{}}],"line":131},"8":{"loc":{"start":{"line":147,"column":8},"end":{"line":149,"column":null}},"type":"if","locations":[{"start":{"line":147,"column":8},"end":{"line":149,"column":null}},{"start":{},"end":{}}],"line":147},"9":{"loc":{"start":{"line":154,"column":8},"end":{"line":157,"column":null}},"type":"if","locations":[{"start":{"line":154,"column":8},"end":{"line":157,"column":null}},{"start":{},"end":{}}],"line":154},"10":{"loc":{"start":{"line":162,"column":8},"end":{"line":165,"column":null}},"type":"if","locations":[{"start":{"line":162,"column":8},"end":{"line":165,"column":null}},{"start":{},"end":{}}],"line":162},"11":{"loc":{"start":{"line":170,"column":8},"end":{"line":173,"column":null}},"type":"if","locations":[{"start":{"line":170,"column":8},"end":{"line":173,"column":null}},{"start":{},"end":{}}],"line":170},"12":{"loc":{"start":{"line":177,"column":8},"end":{"line":180,"column":null}},"type":"if","locations":[{"start":{"line":177,"column":8},"end":{"line":180,"column":null}},{"start":{},"end":{}}],"line":177},"13":{"loc":{"start":{"line":185,"column":8},"end":{"line":188,"column":null}},"type":"if","locations":[{"start":{"line":185,"column":8},"end":{"line":188,"column":null}},{"start":{},"end":{}}],"line":185},"14":{"loc":{"start":{"line":192,"column":8},"end":{"line":195,"column":null}},"type":"if","locations":[{"start":{"line":192,"column":8},"end":{"line":195,"column":null}},{"start":{},"end":{}}],"line":192},"15":{"loc":{"start":{"line":206,"column":8},"end":{"line":213,"column":null}},"type":"if","locations":[{"start":{"line":206,"column":8},"end":{"line":213,"column":null}},{"start":{},"end":{}}],"line":206},"16":{"loc":{"start":{"line":218,"column":8},"end":{"line":220,"column":null}},"type":"if","locations":[{"start":{"line":218,"column":8},"end":{"line":220,"column":null}},{"start":{},"end":{}}],"line":218},"17":{"loc":{"start":{"line":234,"column":8},"end":{"line":236,"column":null}},"type":"if","locations":[{"start":{"line":234,"column":8},"end":{"line":236,"column":null}},{"start":{},"end":{}}],"line":234},"18":{"loc":{"start":{"line":241,"column":8},"end":{"line":244,"column":null}},"type":"if","locations":[{"start":{"line":241,"column":8},"end":{"line":244,"column":null}},{"start":{},"end":{}}],"line":241},"19":{"loc":{"start":{"line":249,"column":8},"end":{"line":252,"column":null}},"type":"if","locations":[{"start":{"line":249,"column":8},"end":{"line":252,"column":null}},{"start":{},"end":{}}],"line":249},"20":{"loc":{"start":{"line":274,"column":4},"end":{"line":280,"column":null}},"type":"if","locations":[{"start":{"line":274,"column":4},"end":{"line":280,"column":null}},{"start":{},"end":{}}],"line":274}},"s":{"0":1,"1":24,"2":24,"3":24,"4":1,"5":1,"6":12,"7":12,"8":1,"9":1,"10":4,"11":2,"12":2,"13":1,"14":1,"15":2,"16":3,"17":1,"18":2,"19":2,"20":2,"21":2,"22":2,"23":1,"24":1,"25":0,"26":0,"27":0,"28":0,"29":0,"30":0,"31":0,"32":1,"33":1,"34":1,"35":0,"36":0,"37":0,"38":0,"39":3,"40":2,"41":2,"42":1,"43":1,"44":1,"45":1,"46":0,"47":1,"48":1,"49":1,"50":1,"51":1,"52":0,"53":0,"54":0,"55":0,"56":0,"57":0,"58":0,"59":0,"60":0,"61":2,"62":1,"63":1,"64":1,"65":1,"66":1,"67":1,"68":1,"69":1,"70":1,"71":0,"72":0,"73":1,"74":1,"75":1,"76":1,"77":1,"78":1,"79":1,"80":0,"81":0,"82":1,"83":1,"84":1,"85":1,"86":2,"87":2,"88":2,"89":1,"90":1,"91":0,"92":1,"93":0,"94":1,"95":1,"96":1,"97":1,"98":1,"99":1,"100":0,"101":1,"102":1,"103":1,"104":1,"105":1,"106":1,"107":1,"108":2,"109":1,"110":1,"111":1,"112":1,"113":1,"114":1,"115":4,"116":1,"117":3,"118":3,"119":3,"120":3,"121":3,"122":3,"123":3,"124":3,"125":3,"126":3,"127":2,"128":1,"129":2,"130":2,"131":2,"132":2,"133":2,"134":2,"135":1,"136":1,"137":2,"138":2,"139":2,"140":2,"141":2,"142":2,"143":1,"144":1,"145":2,"146":2,"147":1,"148":1,"149":1,"150":1,"151":1,"152":1,"153":1},"f":{"0":24,"1":12,"2":4,"3":3,"4":1,"5":0,"6":1,"7":0,"8":3,"9":1,"10":0,"11":0,"12":2,"13":1,"14":1,"15":1,"16":1,"17":1,"18":2,"19":1,"20":1,"21":1,"22":2,"23":1,"24":4,"25":1,"26":1},"b":{"0":[19,4],"1":[2,2],"2":[1,2],"3":[1,0],"4":[0,0],"5":[1,0],"6":[2,1],"7":[0,1],"8":[0,0],"9":[0,0],"10":[1,1],"11":[1,0],"12":[0,1],"13":[1,0],"14":[0,1],"15":[2,0],"16":[0,1],"17":[0,1],"18":[1,0],"19":[1,1],"20":[1,3]},"meta":{"lastBranch":21,"lastFunction":27,"lastStatement":154,"seen":{"s:20:28:24:Infinity":0,"f:33:9:33:32":0,"s:34:4:40:Infinity":1,"s:35:21:35:Infinity":2,"s:36:8:36:Infinity":3,"b:36:22:36:41:36:41:36:Infinity":0,"s:38:8:38:Infinity":4,"s:39:8:39:Infinity":5,"f:43:9:43:31":1,"s:44:4:48:Infinity":6,"s:45:8:45:Infinity":7,"s:47:8:47:Infinity":8,"s:58:30:259:Infinity":9,"f:61:10:61:42":2,"b:62:8:69:Infinity:undefined:undefined:undefined:undefined":1,"s:62:8:69:Infinity":10,"s:63:12:68:Infinity":11,"s:64:16:64:Infinity":12,"s:66:16:66:Infinity":13,"s:67:16:67:Infinity":14,"s:70:8:70:Infinity":15,"f:73:10:73:20":3,"b:74:8:76:Infinity:undefined:undefined:undefined:undefined":2,"s:74:8:76:Infinity":16,"s:75:12:75:Infinity":17,"s:79:34:82:Infinity":18,"s:83:24:83:Infinity":19,"s:84:8:84:Infinity":20,"s:85:8:85:Infinity":21,"s:86:8:86:Infinity":22,"f:89:10:89:23":4,"b:90:8:92:Infinity:undefined:undefined:undefined:undefined":3,"s:90:8:92:Infinity":23,"s:91:12:91:Infinity":24,"s:95:24:95:Infinity":25,"s:96:22:96:Infinity":26,"f:96:40:96:41":5,"s:96:47:96:72":27,"b:97:8:100:Infinity:undefined:undefined:undefined:undefined":4,"s:97:8:100:Infinity":28,"s:98:12:98:Infinity":29,"s:99:12:99:Infinity":30,"s:101:8:101:Infinity":31,"f:104:10:104:23":6,"b:105:8:108:Infinity:undefined:undefined:undefined:undefined":5,"s:105:8:108:Infinity":32,"s:106:12:106:Infinity":33,"s:107:12:107:Infinity":34,"s:111:24:111:Infinity":35,"s:112:25:112:Infinity":36,"f:112:40:112:41":7,"s:112:47:112:58":37,"s:113:8:113:Infinity":38,"f:118:10:118:52":8,"b:119:8:126:Infinity:undefined:undefined:undefined:undefined":6,"s:119:8:126:Infinity":39,"s:120:12:125:Infinity":40,"s:121:16:121:Infinity":41,"s:123:16:123:Infinity":42,"s:124:16:124:Infinity":43,"s:127:8:127:Infinity":44,"f:130:10:130:25":9,"b:131:8:133:Infinity:undefined:undefined:undefined:undefined":7,"s:131:8:133:Infinity":45,"s:132:12:132:Infinity":46,"s:136:44:139:Infinity":47,"s:140:29:140:Infinity":48,"s:141:8:141:Infinity":49,"s:142:8:142:Infinity":50,"s:143:8:143:Infinity":51,"f:146:10:146:28":10,"b:147:8:149:Infinity:undefined:undefined:undefined:undefined":8,"s:147:8:149:Infinity":52,"s:148:12:148:Infinity":53,"s:152:29:152:Infinity":54,"s:153:22:153:Infinity":55,"f:153:45:153:46":11,"s:153:52:153:82":56,"b:154:8:157:Infinity:undefined:undefined:undefined:undefined":9,"s:154:8:157:Infinity":57,"s:155:12:155:Infinity":58,"s:156:12:156:Infinity":59,"s:158:8:158:Infinity":60,"f:161:10:161:34":12,"b:162:8:165:Infinity:undefined:undefined:undefined:undefined":10,"s:162:8:165:Infinity":61,"s:163:12:163:Infinity":62,"s:164:12:164:Infinity":63,"s:168:29:168:Infinity":64,"s:169:28:169:Infinity":65,"f:169:46:169:47":13,"s:169:53:169:64":66,"b:170:8:173:Infinity:undefined:undefined:undefined:undefined":11,"s:170:8:173:Infinity":67,"s:171:12:171:Infinity":68,"s:172:12:172:Infinity":69,"f:176:10:176:29":14,"b:177:8:180:Infinity:undefined:undefined:undefined:undefined":12,"s:177:8:180:Infinity":70,"s:178:12:178:Infinity":71,"s:179:12:179:Infinity":72,"s:183:29:183:Infinity":73,"s:184:28:184:Infinity":74,"f:184:46:184:47":15,"s:184:53:184:64":75,"b:185:8:188:Infinity:undefined:undefined:undefined:undefined":13,"s:185:8:188:Infinity":76,"s:186:12:186:Infinity":77,"s:187:12:187:Infinity":78,"f:191:10:191:28":16,"b:192:8:195:Infinity:undefined:undefined:undefined:undefined":14,"s:192:8:195:Infinity":79,"s:193:12:193:Infinity":80,"s:194:12:194:Infinity":81,"s:198:29:198:Infinity":82,"s:199:25:199:Infinity":83,"f:199:45:199:46":17,"s:199:52:199:63":84,"s:200:8:200:Infinity":85,"f:205:10:205:52":18,"b:206:8:213:Infinity:undefined:undefined:undefined:undefined":15,"s:206:8:213:Infinity":86,"s:207:12:212:Infinity":87,"s:208:16:208:Infinity":88,"s:210:16:210:Infinity":89,"s:211:16:211:Infinity":90,"s:214:8:214:Infinity":91,"f:217:10:217:25":19,"b:218:8:220:Infinity:undefined:undefined:undefined:undefined":16,"s:218:8:220:Infinity":92,"s:219:12:219:Infinity":93,"s:223:44:226:Infinity":94,"s:227:29:227:Infinity":95,"s:228:8:228:Infinity":96,"s:229:8:229:Infinity":97,"s:230:8:230:Infinity":98,"f:233:10:233:28":20,"b:234:8:236:Infinity:undefined:undefined:undefined:undefined":17,"s:234:8:236:Infinity":99,"s:235:12:235:Infinity":100,"s:239:29:239:Infinity":101,"s:240:22:240:Infinity":102,"f:240:45:240:46":21,"s:240:52:240:82":103,"b:241:8:244:Infinity:undefined:undefined:undefined:undefined":18,"s:241:8:244:Infinity":104,"s:242:12:242:Infinity":105,"s:243:12:243:Infinity":106,"s:245:8:245:Infinity":107,"f:248:10:248:28":22,"b:249:8:252:Infinity:undefined:undefined:undefined:undefined":19,"s:249:8:252:Infinity":108,"s:250:12:250:Infinity":109,"s:251:12:251:Infinity":110,"s:255:29:255:Infinity":111,"s:256:25:256:Infinity":112,"f:256:45:256:46":23,"s:256:52:256:63":113,"s:257:8:257:Infinity":114,"f:269:22:269:Infinity":24,"b:274:4:280:Infinity:undefined:undefined:undefined:undefined":20,"s:274:4:280:Infinity":115,"s:275:8:279:Infinity":116,"s:282:29:282:Infinity":117,"s:283:21:283:Infinity":118,"s:285:4:341:Infinity":119,"s:286:8:286:Infinity":120,"s:289:29:289:Infinity":121,"s:290:8:299:Infinity":122,"s:291:12:298:Infinity":123,"s:292:63:292:Infinity":124,"s:293:16:293:Infinity":125,"s:294:16:294:Infinity":126,"s:295:16:295:Infinity":127,"s:297:16:297:Infinity":128,"s:302:34:302:Infinity":129,"s:303:8:312:Infinity":130,"s:304:12:311:Infinity":131,"s:305:73:305:Infinity":132,"s:306:16:306:Infinity":133,"s:307:16:307:Infinity":134,"s:308:16:308:Infinity":135,"s:310:16:310:Infinity":136,"s:315:34:315:Infinity":137,"s:316:8:325:Infinity":138,"s:317:12:324:Infinity":139,"s:318:73:318:Infinity":140,"s:319:16:319:Infinity":141,"s:320:16:320:Infinity":142,"s:321:16:321:Infinity":143,"s:323:16:323:Infinity":144,"s:327:8:327:Infinity":145,"s:329:8:333:Infinity":146,"s:335:8:335:Infinity":147,"s:336:8:340:Infinity":148,"f:347:16:347:Infinity":25,"s:353:4:358:Infinity":149,"f:364:16:364:34":26,"s:369:4:369:Infinity":150,"s:370:4:370:Infinity":151,"s:371:4:371:Infinity":152,"s:372:4:372:Infinity":153}}}
,"C:\\Proyectos Python\\Proyecto Palapa gestion servicios\\src\\services\\supabaseService.ts": {"path":"C:\\Proyectos Python\\Proyecto Palapa gestion servicios\\src\\services\\supabaseService.ts","statementMap":{"0":{"start":{"line":37,"column":8},"end":{"line":37,"column":null}},"1":{"start":{"line":34,"column":24},"end":{"line":34,"column":null}},"2":{"start":{"line":35,"column":24},"end":{"line":35,"column":null}},"3":{"start":{"line":38,"column":8},"end":{"line":38,"column":null}},"4":{"start":{"line":45,"column":39},"end":{"line":56,"column":null}},"5":{"start":{"line":51,"column":29},"end":{"line":51,"column":null}},"6":{"start":{"line":52,"column":8},"end":{"line":54,"column":null}},"7":{"start":{"line":66,"column":4},"end":{"line":72,"column":null}},"8":{"start":{"line":79,"column":4},"end":{"line":90,"column":null}},"9":{"start":{"line":97,"column":4},"end":{"line":106,"column":null}},"10":{"start":{"line":113,"column":10},"end":{"line":113,"column":null}},"11":{"start":{"line":114,"column":38},"end":{"line":114,"column":null}},"12":{"start":{"line":116,"column":4},"end":{"line":118,"column":null}},"13":{"start":{"line":117,"column":8},"end":{"line":117,"column":null}},"14":{"start":{"line":120,"column":4},"end":{"line":120,"column":null}},"15":{"start":{"line":131,"column":19},"end":{"line":146,"column":null}},"16":{"start":{"line":132,"column":14},"end":{"line":132,"column":null}},"17":{"start":{"line":133,"column":8},"end":{"line":133,"column":null}},"18":{"start":{"line":135,"column":32},"end":{"line":139,"column":null}},"19":{"start":{"line":141,"column":8},"end":{"line":143,"column":null}},"20":{"start":{"line":142,"column":12},"end":{"line":142,"column":null}},"21":{"start":{"line":145,"column":8},"end":{"line":145,"column":null}},"22":{"start":{"line":148,"column":4},"end":{"line":154,"column":null}},"23":{"start":{"line":149,"column":8},"end":{"line":152,"column":null}},"24":{"start":{"line":153,"column":8},"end":{"line":153,"column":null}},"25":{"start":{"line":156,"column":4},"end":{"line":156,"column":null}},"26":{"start":{"line":157,"column":4},"end":{"line":157,"column":null}},"27":{"start":{"line":164,"column":19},"end":{"line":187,"column":null}},"28":{"start":{"line":165,"column":14},"end":{"line":165,"column":null}},"29":{"start":{"line":166,"column":23},"end":{"line":166,"column":null}},"30":{"start":{"line":168,"column":41},"end":{"line":174,"column":null}},"31":{"start":{"line":176,"column":32},"end":{"line":180,"column":null}},"32":{"start":{"line":182,"column":8},"end":{"line":184,"column":null}},"33":{"start":{"line":183,"column":12},"end":{"line":183,"column":null}},"34":{"start":{"line":186,"column":8},"end":{"line":186,"column":null}},"35":{"start":{"line":189,"column":4},"end":{"line":196,"column":null}},"36":{"start":{"line":190,"column":8},"end":{"line":194,"column":null}},"37":{"start":{"line":195,"column":8},"end":{"line":195,"column":null}},"38":{"start":{"line":198,"column":4},"end":{"line":198,"column":null}},"39":{"start":{"line":199,"column":4},"end":{"line":199,"column":null}},"40":{"start":{"line":206,"column":19},"end":{"line":228,"column":null}},"41":{"start":{"line":207,"column":14},"end":{"line":207,"column":null}},"42":{"start":{"line":209,"column":41},"end":{"line":214,"column":null}},"43":{"start":{"line":216,"column":32},"end":{"line":221,"column":null}},"44":{"start":{"line":223,"column":8},"end":{"line":225,"column":null}},"45":{"start":{"line":224,"column":12},"end":{"line":224,"column":null}},"46":{"start":{"line":227,"column":8},"end":{"line":227,"column":null}},"47":{"start":{"line":230,"column":4},"end":{"line":237,"column":null}},"48":{"start":{"line":231,"column":8},"end":{"line":235,"column":null}},"49":{"start":{"line":236,"column":8},"end":{"line":236,"column":null}},"50":{"start":{"line":239,"column":4},"end":{"line":239,"column":null}},"51":{"start":{"line":240,"column":4},"end":{"line":240,"column":null}},"52":{"start":{"line":247,"column":19},"end":{"line":258,"column":null}},"53":{"start":{"line":248,"column":14},"end":{"line":248,"column":null}},"54":{"start":{"line":250,"column":26},"end":{"line":253,"column":null}},"55":{"start":{"line":255,"column":8},"end":{"line":257,"column":null}},"56":{"start":{"line":256,"column":12},"end":{"line":256,"column":null}},"57":{"start":{"line":260,"column":4},"end":{"line":267,"column":null}},"58":{"start":{"line":261,"column":8},"end":{"line":265,"column":null}},"59":{"start":{"line":266,"column":8},"end":{"line":266,"column":null}},"60":{"start":{"line":269,"column":4},"end":{"line":269,"column":null}},"61":{"start":{"line":280,"column":19},"end":{"line":295,"column":null}},"62":{"start":{"line":281,"column":14},"end":{"line":281,"column":null}},"63":{"start":{"line":282,"column":8},"end":{"line":282,"column":null}},"64":{"start":{"line":284,"column":32},"end":{"line":288,"column":null}},"65":{"start":{"line":290,"column":8},"end":{"line":292,"column":null}},"66":{"start":{"line":291,"column":12},"end":{"line":291,"column":null}},"67":{"start":{"line":294,"column":8},"end":{"line":294,"column":null}},"68":{"start":{"line":297,"column":4},"end":{"line":303,"column":null}},"69":{"start":{"line":298,"column":8},"end":{"line":301,"column":null}},"70":{"start":{"line":302,"column":8},"end":{"line":302,"column":null}},"71":{"start":{"line":305,"column":4},"end":{"line":305,"column":null}},"72":{"start":{"line":306,"column":4},"end":{"line":306,"column":null}},"73":{"start":{"line":313,"column":19},"end":{"line":341,"column":null}},"74":{"start":{"line":314,"column":14},"end":{"line":314,"column":null}},"75":{"start":{"line":315,"column":23},"end":{"line":315,"column":null}},"76":{"start":{"line":317,"column":46},"end":{"line":328,"column":null}},"77":{"start":{"line":330,"column":32},"end":{"line":334,"column":null}},"78":{"start":{"line":336,"column":8},"end":{"line":338,"column":null}},"79":{"start":{"line":337,"column":12},"end":{"line":337,"column":null}},"80":{"start":{"line":340,"column":8},"end":{"line":340,"column":null}},"81":{"start":{"line":343,"column":4},"end":{"line":350,"column":null}},"82":{"start":{"line":344,"column":8},"end":{"line":348,"column":null}},"83":{"start":{"line":349,"column":8},"end":{"line":349,"column":null}},"84":{"start":{"line":352,"column":4},"end":{"line":352,"column":null}},"85":{"start":{"line":353,"column":4},"end":{"line":353,"column":null}},"86":{"start":{"line":360,"column":19},"end":{"line":387,"column":null}},"87":{"start":{"line":361,"column":14},"end":{"line":361,"column":null}},"88":{"start":{"line":363,"column":46},"end":{"line":373,"column":null}},"89":{"start":{"line":375,"column":32},"end":{"line":380,"column":null}},"90":{"start":{"line":382,"column":8},"end":{"line":384,"column":null}},"91":{"start":{"line":383,"column":12},"end":{"line":383,"column":null}},"92":{"start":{"line":386,"column":8},"end":{"line":386,"column":null}},"93":{"start":{"line":389,"column":4},"end":{"line":396,"column":null}},"94":{"start":{"line":390,"column":8},"end":{"line":394,"column":null}},"95":{"start":{"line":395,"column":8},"end":{"line":395,"column":null}},"96":{"start":{"line":398,"column":4},"end":{"line":398,"column":null}},"97":{"start":{"line":399,"column":4},"end":{"line":399,"column":null}},"98":{"start":{"line":409,"column":19},"end":{"line":420,"column":null}},"99":{"start":{"line":410,"column":14},"end":{"line":410,"column":null}},"100":{"start":{"line":412,"column":26},"end":{"line":415,"column":null}},"101":{"start":{"line":417,"column":8},"end":{"line":419,"column":null}},"102":{"start":{"line":418,"column":12},"end":{"line":418,"column":null}},"103":{"start":{"line":422,"column":4},"end":{"line":430,"column":null}},"104":{"start":{"line":423,"column":8},"end":{"line":428,"column":null}},"105":{"start":{"line":429,"column":8},"end":{"line":429,"column":null}},"106":{"start":{"line":432,"column":4},"end":{"line":432,"column":null}},"107":{"start":{"line":439,"column":19},"end":{"line":450,"column":null}},"108":{"start":{"line":440,"column":14},"end":{"line":440,"column":null}},"109":{"start":{"line":442,"column":26},"end":{"line":445,"column":null}},"110":{"start":{"line":447,"column":8},"end":{"line":449,"column":null}},"111":{"start":{"line":448,"column":12},"end":{"line":448,"column":null}},"112":{"start":{"line":452,"column":4},"end":{"line":459,"column":null}},"113":{"start":{"line":453,"column":8},"end":{"line":457,"column":null}},"114":{"start":{"line":458,"column":8},"end":{"line":458,"column":null}},"115":{"start":{"line":461,"column":4},"end":{"line":461,"column":null}},"116":{"start":{"line":468,"column":19},"end":{"line":479,"column":null}},"117":{"start":{"line":469,"column":14},"end":{"line":469,"column":null}},"118":{"start":{"line":471,"column":26},"end":{"line":474,"column":null}},"119":{"start":{"line":476,"column":8},"end":{"line":478,"column":null}},"120":{"start":{"line":477,"column":12},"end":{"line":477,"column":null}},"121":{"start":{"line":481,"column":4},"end":{"line":488,"column":null}},"122":{"start":{"line":482,"column":8},"end":{"line":486,"column":null}},"123":{"start":{"line":487,"column":8},"end":{"line":487,"column":null}},"124":{"start":{"line":490,"column":4},"end":{"line":490,"column":null}},"125":{"start":{"line":501,"column":19},"end":{"line":516,"column":null}},"126":{"start":{"line":502,"column":14},"end":{"line":502,"column":null}},"127":{"start":{"line":503,"column":8},"end":{"line":503,"column":null}},"128":{"start":{"line":505,"column":32},"end":{"line":509,"column":null}},"129":{"start":{"line":511,"column":8},"end":{"line":513,"column":null}},"130":{"start":{"line":512,"column":12},"end":{"line":512,"column":null}},"131":{"start":{"line":515,"column":8},"end":{"line":515,"column":null}},"132":{"start":{"line":518,"column":4},"end":{"line":524,"column":null}},"133":{"start":{"line":519,"column":8},"end":{"line":522,"column":null}},"134":{"start":{"line":523,"column":8},"end":{"line":523,"column":null}},"135":{"start":{"line":526,"column":4},"end":{"line":526,"column":null}},"136":{"start":{"line":527,"column":4},"end":{"line":527,"column":null}},"137":{"start":{"line":534,"column":19},"end":{"line":560,"column":null}},"138":{"start":{"line":535,"column":14},"end":{"line":535,"column":null}},"139":{"start":{"line":536,"column":23},"end":{"line":536,"column":null}},"140":{"start":{"line":538,"column":46},"end":{"line":547,"column":null}},"141":{"start":{"line":549,"column":32},"end":{"line":553,"column":null}},"142":{"start":{"line":555,"column":8},"end":{"line":557,"column":null}},"143":{"start":{"line":556,"column":12},"end":{"line":556,"column":null}},"144":{"start":{"line":559,"column":8},"end":{"line":559,"column":null}},"145":{"start":{"line":562,"column":4},"end":{"line":569,"column":null}},"146":{"start":{"line":563,"column":8},"end":{"line":567,"column":null}},"147":{"start":{"line":568,"column":8},"end":{"line":568,"column":null}},"148":{"start":{"line":571,"column":4},"end":{"line":571,"column":null}},"149":{"start":{"line":572,"column":4},"end":{"line":572,"column":null}},"150":{"start":{"line":579,"column":19},"end":{"line":604,"column":null}},"151":{"start":{"line":580,"column":14},"end":{"line":580,"column":null}},"152":{"start":{"line":582,"column":46},"end":{"line":590,"column":null}},"153":{"start":{"line":592,"column":32},"end":{"line":597,"column":null}},"154":{"start":{"line":599,"column":8},"end":{"line":601,"column":null}},"155":{"start":{"line":600,"column":12},"end":{"line":600,"column":null}},"156":{"start":{"line":603,"column":8},"end":{"line":603,"column":null}},"157":{"start":{"line":606,"column":4},"end":{"line":613,"column":null}},"158":{"start":{"line":607,"column":8},"end":{"line":611,"column":null}},"159":{"start":{"line":612,"column":8},"end":{"line":612,"column":null}},"160":{"start":{"line":615,"column":4},"end":{"line":615,"column":null}},"161":{"start":{"line":616,"column":4},"end":{"line":616,"column":null}},"162":{"start":{"line":623,"column":19},"end":{"line":634,"column":null}},"163":{"start":{"line":624,"column":14},"end":{"line":624,"column":null}},"164":{"start":{"line":626,"column":26},"end":{"line":629,"column":null}},"165":{"start":{"line":631,"column":8},"end":{"line":633,"column":null}},"166":{"start":{"line":632,"column":12},"end":{"line":632,"column":null}},"167":{"start":{"line":636,"column":4},"end":{"line":643,"column":null}},"168":{"start":{"line":637,"column":8},"end":{"line":641,"column":null}},"169":{"start":{"line":642,"column":8},"end":{"line":642,"column":null}},"170":{"start":{"line":645,"column":4},"end":{"line":645,"column":null}},"171":{"start":{"line":656,"column":19},"end":{"line":674,"column":null}},"172":{"start":{"line":657,"column":14},"end":{"line":657,"column":null}},"173":{"start":{"line":659,"column":32},"end":{"line":663,"column":null}},"174":{"start":{"line":665,"column":8},"end":{"line":671,"column":null}},"175":{"start":{"line":666,"column":12},"end":{"line":669,"column":null}},"176":{"start":{"line":668,"column":16},"end":{"line":668,"column":null}},"177":{"start":{"line":670,"column":12},"end":{"line":670,"column":null}},"178":{"start":{"line":673,"column":8},"end":{"line":673,"column":null}},"179":{"start":{"line":676,"column":4},"end":{"line":678,"column":null}},"180":{"start":{"line":677,"column":8},"end":{"line":677,"column":null}},"181":{"start":{"line":681,"column":4},"end":{"line":683,"column":null}},"182":{"start":{"line":682,"column":8},"end":{"line":682,"column":null}},"183":{"start":{"line":685,"column":4},"end":{"line":689,"column":null}},"184":{"start":{"line":690,"column":4},"end":{"line":690,"column":null}},"185":{"start":{"line":701,"column":19},"end":{"line":717,"column":null}},"186":{"start":{"line":702,"column":14},"end":{"line":702,"column":null}},"187":{"start":{"line":703,"column":23},"end":{"line":703,"column":null}},"188":{"start":{"line":705,"column":26},"end":{"line":712,"column":null}},"189":{"start":{"line":714,"column":8},"end":{"line":716,"column":null}},"190":{"start":{"line":715,"column":12},"end":{"line":715,"column":null}},"191":{"start":{"line":719,"column":4},"end":{"line":726,"column":null}},"192":{"start":{"line":720,"column":8},"end":{"line":724,"column":null}},"193":{"start":{"line":725,"column":8},"end":{"line":725,"column":null}},"194":{"start":{"line":728,"column":4},"end":{"line":728,"column":null}}},"fnMap":{"0":{"name":"(anonymous_0)","decl":{"start":{"line":32,"column":4},"end":{"line":32,"column":null}},"loc":{"start":{"line":36,"column":6},"end":{"line":39,"column":null}},"line":36},"1":{"name":"(anonymous_1)","decl":{"start":{"line":50,"column":20},"end":{"line":50,"column":21}},"loc":{"start":{"line":50,"column":40},"end":{"line":55,"column":null}},"line":50},"2":{"name":"mapDbClientToClient","decl":{"start":{"line":65,"column":9},"end":{"line":65,"column":29}},"loc":{"start":{"line":65,"column":57},"end":{"line":73,"column":null}},"line":65},"3":{"name":"mapDbReservationToReservation","decl":{"start":{"line":78,"column":9},"end":{"line":78,"column":39}},"loc":{"start":{"line":78,"column":82},"end":{"line":91,"column":null}},"line":78},"4":{"name":"mapDbTransactionToTransaction","decl":{"start":{"line":96,"column":9},"end":{"line":96,"column":39}},"loc":{"start":{"line":96,"column":82},"end":{"line":107,"column":null}},"line":96},"5":{"name":"getUserId","decl":{"start":{"line":112,"column":15},"end":{"line":112,"column":44}},"loc":{"start":{"line":112,"column":44},"end":{"line":121,"column":null}},"line":112},"6":{"name":"fetchClients","decl":{"start":{"line":130,"column":22},"end":{"line":130,"column":56}},"loc":{"start":{"line":130,"column":56},"end":{"line":158,"column":null}},"line":130},"7":{"name":"(anonymous_7)","decl":{"start":{"line":131,"column":35},"end":{"line":131,"column":47}},"loc":{"start":{"line":131,"column":47},"end":{"line":146,"column":7}},"line":131},"8":{"name":"createClient","decl":{"start":{"line":163,"column":22},"end":{"line":163,"column":35}},"loc":{"start":{"line":163,"column":80},"end":{"line":200,"column":null}},"line":163},"9":{"name":"(anonymous_9)","decl":{"start":{"line":164,"column":35},"end":{"line":164,"column":47}},"loc":{"start":{"line":164,"column":47},"end":{"line":187,"column":7}},"line":164},"10":{"name":"updateClient","decl":{"start":{"line":205,"column":22},"end":{"line":205,"column":35}},"loc":{"start":{"line":205,"column":68},"end":{"line":241,"column":null}},"line":205},"11":{"name":"(anonymous_11)","decl":{"start":{"line":206,"column":35},"end":{"line":206,"column":47}},"loc":{"start":{"line":206,"column":47},"end":{"line":228,"column":7}},"line":206},"12":{"name":"deleteClient","decl":{"start":{"line":246,"column":22},"end":{"line":246,"column":35}},"loc":{"start":{"line":246,"column":62},"end":{"line":270,"column":null}},"line":246},"13":{"name":"(anonymous_13)","decl":{"start":{"line":247,"column":35},"end":{"line":247,"column":47}},"loc":{"start":{"line":247,"column":47},"end":{"line":258,"column":7}},"line":247},"14":{"name":"fetchReservations","decl":{"start":{"line":279,"column":22},"end":{"line":279,"column":66}},"loc":{"start":{"line":279,"column":66},"end":{"line":307,"column":null}},"line":279},"15":{"name":"(anonymous_15)","decl":{"start":{"line":280,"column":35},"end":{"line":280,"column":47}},"loc":{"start":{"line":280,"column":47},"end":{"line":295,"column":7}},"line":280},"16":{"name":"createReservation","decl":{"start":{"line":312,"column":22},"end":{"line":312,"column":40}},"loc":{"start":{"line":312,"column":100},"end":{"line":354,"column":null}},"line":312},"17":{"name":"(anonymous_17)","decl":{"start":{"line":313,"column":35},"end":{"line":313,"column":47}},"loc":{"start":{"line":313,"column":47},"end":{"line":341,"column":7}},"line":313},"18":{"name":"updateReservation","decl":{"start":{"line":359,"column":22},"end":{"line":359,"column":40}},"loc":{"start":{"line":359,"column":88},"end":{"line":400,"column":null}},"line":359},"19":{"name":"(anonymous_19)","decl":{"start":{"line":360,"column":35},"end":{"line":360,"column":47}},"loc":{"start":{"line":360,"column":47},"end":{"line":387,"column":7}},"line":360},"20":{"name":"updateReservationStatus","decl":{"start":{"line":405,"column":22},"end":{"line":405,"column":null}},"loc":{"start":{"line":408,"column":17},"end":{"line":433,"column":null}},"line":408},"21":{"name":"(anonymous_21)","decl":{"start":{"line":409,"column":35},"end":{"line":409,"column":47}},"loc":{"start":{"line":409,"column":47},"end":{"line":420,"column":7}},"line":409},"22":{"name":"archiveReservation","decl":{"start":{"line":438,"column":22},"end":{"line":438,"column":41}},"loc":{"start":{"line":438,"column":68},"end":{"line":462,"column":null}},"line":438},"23":{"name":"(anonymous_23)","decl":{"start":{"line":439,"column":35},"end":{"line":439,"column":47}},"loc":{"start":{"line":439,"column":47},"end":{"line":450,"column":7}},"line":439},"24":{"name":"deleteReservation","decl":{"start":{"line":467,"column":22},"end":{"line":467,"column":40}},"loc":{"start":{"line":467,"column":67},"end":{"line":491,"column":null}},"line":467},"25":{"name":"(anonymous_25)","decl":{"start":{"line":468,"column":35},"end":{"line":468,"column":47}},"loc":{"start":{"line":468,"column":47},"end":{"line":479,"column":7}},"line":468},"26":{"name":"fetchTransactions","decl":{"start":{"line":500,"column":22},"end":{"line":500,"column":66}},"loc":{"start":{"line":500,"column":66},"end":{"line":528,"column":null}},"line":500},"27":{"name":"(anonymous_27)","decl":{"start":{"line":501,"column":35},"end":{"line":501,"column":47}},"loc":{"start":{"line":501,"column":47},"end":{"line":516,"column":7}},"line":501},"28":{"name":"createTransaction","decl":{"start":{"line":533,"column":22},"end":{"line":533,"column":40}},"loc":{"start":{"line":533,"column":100},"end":{"line":573,"column":null}},"line":533},"29":{"name":"(anonymous_29)","decl":{"start":{"line":534,"column":35},"end":{"line":534,"column":47}},"loc":{"start":{"line":534,"column":47},"end":{"line":560,"column":7}},"line":534},"30":{"name":"updateTransaction","decl":{"start":{"line":578,"column":22},"end":{"line":578,"column":40}},"loc":{"start":{"line":578,"column":88},"end":{"line":617,"column":null}},"line":578},"31":{"name":"(anonymous_31)","decl":{"start":{"line":579,"column":35},"end":{"line":579,"column":47}},"loc":{"start":{"line":579,"column":47},"end":{"line":604,"column":7}},"line":579},"32":{"name":"deleteTransaction","decl":{"start":{"line":622,"column":22},"end":{"line":622,"column":40}},"loc":{"start":{"line":622,"column":67},"end":{"line":646,"column":null}},"line":622},"33":{"name":"(anonymous_33)","decl":{"start":{"line":623,"column":35},"end":{"line":623,"column":47}},"loc":{"start":{"line":623,"column":47},"end":{"line":634,"column":7}},"line":623},"34":{"name":"getSystemConfig","decl":{"start":{"line":655,"column":22},"end":{"line":655,"column":51}},"loc":{"start":{"line":655,"column":83},"end":{"line":691,"column":null}},"line":655},"35":{"name":"(anonymous_35)","decl":{"start":{"line":656,"column":35},"end":{"line":656,"column":47}},"loc":{"start":{"line":656,"column":47},"end":{"line":674,"column":7}},"line":656},"36":{"name":"setSystemConfig","decl":{"start":{"line":696,"column":22},"end":{"line":696,"column":null}},"loc":{"start":{"line":700,"column":17},"end":{"line":729,"column":null}},"line":700},"37":{"name":"(anonymous_37)","decl":{"start":{"line":701,"column":35},"end":{"line":701,"column":47}},"loc":{"start":{"line":701,"column":47},"end":{"line":717,"column":7}},"line":701}},"branchMap":{"0":{"loc":{"start":{"line":51,"column":29},"end":{"line":51,"column":null}},"type":"cond-expr","locations":[{"start":{"line":51,"column":54},"end":{"line":51,"column":84}},{"start":{"line":51,"column":84},"end":{"line":51,"column":null}}],"line":51},"1":{"loc":{"start":{"line":52,"column":15},"end":{"line":54,"column":null}},"type":"binary-expr","locations":[{"start":{"line":52,"column":15},"end":{"line":52,"column":null}},{"start":{"line":53,"column":12},"end":{"line":53,"column":null}},{"start":{"line":54,"column":12},"end":{"line":54,"column":null}}],"line":52},"2":{"loc":{"start":{"line":71,"column":15},"end":{"line":71,"column":null}},"type":"binary-expr","locations":[{"start":{"line":71,"column":15},"end":{"line":71,"column":33}},{"start":{"line":71,"column":33},"end":{"line":71,"column":null}}],"line":71},"3":{"loc":{"start":{"line":89,"column":20},"end":{"line":89,"column":null}},"type":"binary-expr","locations":[{"start":{"line":89,"column":20},"end":{"line":89,"column":49}},{"start":{"line":89,"column":49},"end":{"line":89,"column":null}}],"line":89},"4":{"loc":{"start":{"line":105,"column":23},"end":{"line":105,"column":null}},"type":"binary-expr","locations":[{"start":{"line":105,"column":23},"end":{"line":105,"column":55}},{"start":{"line":105,"column":55},"end":{"line":105,"column":null}}],"line":105},"5":{"loc":{"start":{"line":116,"column":4},"end":{"line":118,"column":null}},"type":"if","locations":[{"start":{"line":116,"column":4},"end":{"line":118,"column":null}},{"start":{},"end":{}}],"line":116},"6":{"loc":{"start":{"line":116,"column":8},"end":{"line":116,"column":24}},"type":"binary-expr","locations":[{"start":{"line":116,"column":8},"end":{"line":116,"column":17}},{"start":{"line":116,"column":17},"end":{"line":116,"column":24}}],"line":116},"7":{"loc":{"start":{"line":141,"column":8},"end":{"line":143,"column":null}},"type":"if","locations":[{"start":{"line":141,"column":8},"end":{"line":143,"column"
[...]
}},"49":{"start":{"line":137,"column":6},"end":{"line":138,"column":null}},"50":{"start":{"line":141,"column":2},"end":{"line":143,"column":null}},"51":{"start":{"line":142,"column":4},"end":{"line":142,"column":null}},"52":{"start":{"line":145,"column":28},"end":{"line":152,"column":null}},"53":{"start":{"line":146,"column":21},"end":{"line":146,"column":null}},"54":{"start":{"line":147,"column":19},"end":{"line":147,"column":null}},"55":{"start":{"line":148,"column":21},"end":{"line":150,"column":null}},"56":{"start":{"line":151,"column":4},"end":{"line":151,"column":null}},"57":{"start":{"line":154,"column":2},"end":{"line":154,"column":null}},"58":{"start":{"line":164,"column":31},"end":{"line":166,"column":null}},"59":{"start":{"line":165,"column":2},"end":{"line":165,"column":null}},"60":{"start":{"line":176,"column":35},"end":{"line":194,"column":null}},"61":{"start":{"line":181,"column":24},"end":{"line":181,"column":null}},"62":{"start":{"line":182,"column":14},"end":{"line":182,"column":null}},"63":{"start":{"line":183,"column":26},"end":{"line":183,"column":null}},"64":{"start":{"line":184,"column":17},"end":{"line":184,"column":null}},"65":{"start":{"line":185,"column":27},"end":{"line":185,"column":null}},"66":{"start":{"line":187,"column":2},"end":{"line":193,"column":null}}},"fnMap":{"0":{"name":"(anonymous_0)","decl":{"start":{"line":15,"column":41},"end":{"line":15,"column":null}},"loc":{"start":{"line":18,"column":13},"end":{"line":61,"column":null}},"line":18},"1":{"name":"(anonymous_1)","decl":{"start":{"line":31,"column":23},"end":{"line":31,"column":24}},"loc":{"start":{"line":31,"column":32},"end":{"line":57,"column":3}},"line":31},"2":{"name":"(anonymous_2)","decl":{"start":{"line":69,"column":41},"end":{"line":69,"column":42}},"loc":{"start":{"line":69,"column":74},"end":{"line":88,"column":null}},"line":69},"3":{"name":"(anonymous_3)","decl":{"start":{"line":71,"column":12},"end":{"line":71,"column":13}},"loc":{"start":{"line":71,"column":19},"end":{"line":71,"column":52}},"line":71},"4":{"name":"(anonymous_4)","decl":{"start":{"line":72,"column":12},"end":{"line":72,"column":13}},"loc":{"start":{"line":72,"column":27},"end":{"line":72,"column":46}},"line":72},"5":{"name":"(anonymous_5)","decl":{"start":{"line":75,"column":12},"end":{"line":75,"column":13}},"loc":{"start":{"line":75,"column":19},"end":{"line":75,"column":53}},"line":75},"6":{"name":"(anonymous_6)","decl":{"start":{"line":76,"column":12},"end":{"line":76,"column":13}},"loc":{"start":{"line":76,"column":27},"end":{"line":76,"column":46}},"line":76},"7":{"name":"(anonymous_7)","decl":{"start":{"line":96,"column":28},"end":{"line":96,"column":29}},"loc":{"start":{"line":96,"column":69},"end":{"line":124,"column":null}},"line":96},"8":{"name":"(anonymous_8)","decl":{"start":{"line":98,"column":4},"end":{"line":98,"column":5}},"loc":{"start":{"line":99,"column":6},"end":{"line":100,"column":null}},"line":99},"9":{"name":"(anonymous_9)","decl":{"start":{"line":108,"column":4},"end":{"line":108,"column":5}},"loc":{"start":{"line":108,"column":18},"end":{"line":108,"column":null}},"line":108},"10":{"name":"(anonymous_10)","decl":{"start":{"line":114,"column":32},"end":{"line":114,"column":33}},"loc":{"start":{"line":114,"column":41},"end":{"line":121,"column":3}},"line":114},"11":{"name":"(anonymous_11)","decl":{"start":{"line":132,"column":44},"end":{"line":132,"column":null}},"loc":{"start":{"line":134,"column":13},"end":{"line":155,"column":null}},"line":134},"12":{"name":"(anonymous_12)","decl":{"start":{"line":136,"column":4},"end":{"line":136,"column":5}},"loc":{"start":{"line":137,"column":6},"end":{"line":138,"column":null}},"line":137},"13":{"name":"(anonymous_13)","decl":{"start":{"line":145,"column":53},"end":{"line":145,"column":54}},"loc":{"start":{"line":145,"column":67},"end":{"line":152,"column":5}},"line":145},"14":{"name":"(anonymous_14)","decl":{"start":{"line":164,"column":31},"end":{"line":164,"column":32}},"loc":{"start":{"line":164,"column":79},"end":{"line":166,"column":null}},"line":164},"15":{"name":"(anonymous_15)","decl":{"start":{"line":176,"column":35},"end":{"line":176,"column":null}},"loc":{"start":{"line":180,"column":5},"end":{"line":194,"column":null}},"line":180}},"branchMap":{"0":{"loc":{"start":{"line":19,"column":2},"end":{"line":21,"column":null}},"type":"if","locations":[{"start":{"line":19,"column":2},"end":{"line":21,"column":null}},{"start":{},"end":{}}],"line":19},"1":{"loc":{"start":{"line":19,"column":6},"end":{"line":19,"column":53}},"type":"binary-expr","locations":[{"start":{"line":19,"column":6},"end":{"line":19,"column":26}},{"start":{"line":19,"column":26},"end":{"line":19,"column":53}}],"line":19},"2":{"loc":{"start":{"line":33,"column":4},"end":{"line":38,"column":null}},"type":"if","locations":[{"start":{"line":33,"column":4},"end":{"line":38,"column":null}},{"start":{},"end":{}}],"line":33},"3":{"loc":{"start":{"line":34,"column":6},"end":{"line":35,"column":null}},"type":"binary-expr","locations":[{"start":{"line":34,"column":6},"end":{"line":34,"column":null}},{"start":{"line":35,"column":6},"end":{"line":35,"column":null}}],"line":34},"4":{"loc":{"start":{"line":44,"column":25},"end":{"line":44,"column":null}},"type":"cond-expr","locations":[{"start":{"line":44,"column":51},"end":{"line":44,"column":66}},{"start":{"line":44,"column":66},"end":{"line":44,"column":null}}],"line":44},"5":{"loc":{"start":{"line":45,"column":23},"end":{"line":45,"column":null}},"type":"cond-expr","locations":[{"start":{"line":45,"column":45},"end":{"line":45,"column":58}},{"start":{"line":45,"column":58},"end":{"line":45,"column":null}}],"line":45},"6":{"loc":{"start":{"line":47,"column":4},"end":{"line":56,"column":null}},"type":"if","locations":[{"start":{"line":47,"column":4},"end":{"line":56,"column":null}},{"start":{},"end":{}}],"line":47},"7":{"loc":{"start":{"line":53,"column":6},"end":{"line":55,"column":null}},"type":"if","locations":[{"start":{"line":53,"column":6},"end":{"line":55,"column":null}},{"start":{},"end":{}}],"line":53},"8":{"loc":{"start":{"line":53,"column":10},"end":{"line":53,"column":68}},"type":"binary-expr","locations":[{"start":{"line":53,"column":10},"end":{"line":53,"column":40}},{"start":{"line":53,"column":40},"end":{"line":53,"column":68}}],"line":53},"9":{"loc":{"start":{"line":80,"column":4},"end":{"line":80,"column":null}},"type":"cond-expr","locations":[{"start":{"line":80,"column":40},"end":{"line":80,"column":73}},{"start":{"line":80,"column":73},"end":{"line":80,"column":null}}],"line":80},"10":{"loc":{"start":{"line":80,"column":4},"end":{"line":80,"column":40}},"type":"binary-expr","locations":[{"start":{"line":80,"column":4},"end":{"line":80,"column":23}},{"start":{"line":80,"column":23},"end":{"line":80,"column":40}}],"line":80},"11":{"loc":{"start":{"line":99,"column":6},"end":{"line":100,"column":null}},"type":"binary-expr","locations":[{"start":{"line":99,"column":6},"end":{"line":99,"column":null}},{"start":{"line":100,"column":6},"end":{"line":100,"column":null}}],"line":99},"12":{"loc":{"start":{"line":103,"column":2},"end":{"line":105,"column":null}},"type":"if","locations":[{"start":{"line":103,"column":2},"end":{"line":105,"column":null}},{"start":{},"end":{}}],"line":103},"13":{"loc":{"start":{"line":123,"column":9},"end":{"line":123,"column":null}},"type":"cond-expr","locations":[{"start":{"line":123,"column":33},"end":{"line":123,"column":77}},{"start":{"line":123,"column":77},"end":{"line":123,"column":null}}],"line":123},"14":{"loc":{"start":{"line":137,"column":6},"end":{"line":138,"column":null}},"type":"binary-expr","locations":[{"start":{"line":137,"column":6},"end":{"line":137,"column":null}},{"start":{"line":138,"column":6},"end":{"line":138,"column":null}}],"line":137},"15":{"loc":{"start":{"line":141,"column":2},"end":{"line":143,"column":null}},"type":"if","locations":[{"start":{"line":141,"column":2},"end":{"line":143,"column":null}},{"start":{},"end":{}}],"line":141}},"s":{"0":1,"1":14,"2":4,"3":10,"4":10,"5":10,"6":10,"7":10,"8":10,"9":10,"10":15,"11":3,"12":12,"13":12,"14":12,"15":15,"16":15,"17":4,"18":4,"19":4,"20":4,"21":10,"22":10,"23":1,"24":12,"25":24,"26":13,"27":12,"28":24,"29":11,"30":12,"31":12,"32":12,"33":1,"34":11,"35":15,"36":11,"37":3,"38":8,"39":11,"40":8,"41":8,"42":11,"43":11,"44":11,"45":11,"46":8,"47":1,"48":11,"49":16,"50":11,"51":3,"52":8,"53":12,"54":12,"55":12,"56":12,"57":8,"58":1,"59":11,"60":1,"61":5,"62":5,"63":5,"64":5,"65":5,"66":5},"f":{"0":14,"1":15,"2":12,"3":24,"4":13,"5":24,"6":11,"7":11,"8":15,"9":11,"10":11,"11":11,"12":16,"13":12,"14":11,"15":5},"b":{"0":[4,10],"1":[14,12],"2":[3,12],"3":[15,13],"4":[10,2],"5":[1,11],"6":[4,11],"7":[4,0],"8":[4,4],"9":[7,5],"10":[12,9],"11":[15,4],"12":[3,8],"13":[8,0],"14":[16,4],"15":[3,8]},"meta":{"lastBranch":16,"lastFunction":16,"lastStatement":67,"seen":{"s:15:41:61:Infinity":0,"f:15:41:15:Infinity":0,"b:19:2:21:Infinity:undefined:undefined:undefined:undefined":0,"s:19:2:21:Infinity":1,"b:19:6:19:26:19:26:19:53":1,"s:20:4:20:Infinity":2,"s:23:14:23:Infinity":3,"s:24:23:24:Infinity":4,"s:25:21:25:Infinity":5,"s:26:22:26:Infinity":6,"s:27:30:27:Infinity":7,"s:29:23:29:Infinity":8,"s:31:2:57:Infinity":9,"f:31:23:31:24":1,"b:33:4:38:Infinity:undefined:undefined:undefined:undefined":2,"s:33:4:38:Infinity":10,"b:34:6:34:Infinity:35:6:35:Infinity":3,"s:37:6:37:Infinity":11,"s:40:21:40:Infinity":12,"s:41:19:41:Infinity":13,"s:44:25:44:Infinity":14,"b:44:51:44:66:44:66:44:Infinity":4,"s:45:23:45:Infinity":15,"b:45:45:45:58:45:58:45:Infinity":5,"b:47:4:56:Infinity:undefined:undefined:undefined:undefined":6,"s:47:4:56:Infinity":16,"s:49:21:49:Infinity":17,"s:50:26:50:Infinity":18,"b:53:6:55:Infinity:undefined:undefined:undefined:undefined":7,"s:53:6:55:Infinity":19,"b:53:10:53:40:53:40:53:68":8,"s:54:8:54:Infinity":20,"s:59:31:59:Infinity":21,"s:60:2:60:Infinity":22,"s:69:41:88:Infinity":23,"f:69:41:69:42":2,"s:70:22:72:Infinity":24,"f:71:12:71:13":3,"s:71:19:71:52":25,"f:72:12:72:13":4,"s:72:27:72:46":26,"s:74:24:76:Infinity":27,"f:75:12:75:13":5,"s:75:19:75:53":28,"f:76:12:76:13":6,"s:76:27:76:46":29,"s:78:20:78:Infinity":30,"s:80:4:80:Infinity":31,"b:80:40:80:73:80:73:80:Infinity":9,"b:80:4:80:23:80:23:80:40":10,"s:82:2:87:Infinity":32,"s:96:28:124:Infinity":33,"f:96:28:96:29":7,"s:97:32:101:Infinity":34,"f:98:4:98:5":8,"s:99:6:100:Infinity":35,"b:99:6:99:Infinity:100:6:100:Infinity":11,"b:103:2:105:Infinity:undefined:undefined:undefined:undefined":12,"s:103:2:105:Infinity":36,"s:104:4:104:Infinity":37,"s:107:32:110:Infinity":38,"f:108:4:108:5":9,"s:108:18:108:Infinity":39,"s:112:26:112:Infinity":40,"s:114:2:121:Infinity":41,"f:114:32:114:33":10,"s:115:21:115:Infinity":42,"s:116:19:116:Infinity":43,"s:117:21:119:Infinity":44,"s:120:4:120:Infinity":45,"s:123:2:123:Infinity":46,"b:123:33:123:77:123:77:123:Infinity":13,"s:132:44:155:Infinity":47,"f:132:44:132:Infinity":11,"s:135:28:139:Infinity":48,"f:136:4:136:5":12,"s:137:6:138:Infinity":49,"b:137:6:137:Infinity:138:6:138:Infinity":14,"b:141:2:143:Infinity:undefined:undefined:undefined:undefined":15,"s:141:2:143:Infinity":50,"s:142:4:142:Infinity":51,"s:145:28:152:Infinity":52,"f:145:53:145:54":13,"s:146:21:146:Infinity":53,"s:147:19:147:Infinity":54,"s:148:21:150:Infinity":55,"s:151:4:151:Infinity":56,"s:154:2:154:Infinity":57,"s:164:31:166:Infinity":58,"f:164:31:164:32":14,"s:165:2:165:Infinity":59,"s:176:35:194:Infinity":60,"f:176:35:176:Infinity":15,"s:181:24:181:Infinity":61,"s:182:14:182:Infinity":62,"s:183:26:183:Infinity":63,"s:184:17:184:Infinity":64,"s:185:27:185:Infinity":65,"s:187:2:193:Infinity":66}}}
,"C:\\Proyectos Python\\Proyecto Palapa gestion servicios\\src\\utils\\retry.ts": {"path":"C:\\Proyectos Python\\Proyecto Palapa gestion servicios\\src\\utils\\retry.ts","statementMap":{"0":{"start":{"line":20,"column":48},"end":{"line":55,"column":null}},"1":{"start":{"line":26,"column":25},"end":{"line":30,"column":null}},"2":{"start":{"line":32,"column":28},"end":{"line":43,"column":null}},"3":{"start":{"line":45,"column":4},"end":{"line":45,"column":null}},"4":{"start":{"line":45,"column":39},"end":{"line":45,"column":65}},"5":{"start":{"line":48,"column":4},"end":{"line":53,"column":null}},"6":{"start":{"line":61,"column":17},"end":{"line":61,"column":null}},"7":{"start":{"line":63,"column":19},"end":{"line":63,"column":null}},"8":{"start":{"line":65,"column":2},"end":{"line":114,"column":null}},"9":{"start":{"line":65,"column":21},"end":{"line":65,"column":24}},"10":{"start":{"line":66,"column":4},"end":{"line":113,"column":null}},"11":{"start":{"line":67,"column":6},"end":{"line":71,"column":null}},"12":{"start":{"line":73,"column":19},"end":{"line":73,"column":null}},"13":{"start":{"line":75,"column":6},"end":{"line":79,"column":null}},"14":{"start":{"line":81,"column":6},"end":{"line":86,"column":null}},"15":{"start":{"line":89,"column":6},"end":{"line":89,"column":null}},"16":{"start":{"line":91,"column":6},"end":{"line":95,"column":null}},"17":{"start":{"line":97,"column":26},"end":{"line":97,"column":null}},"18":{"start":{"line":99,"column":6},"end":{"line":101,"column":null}},"19":{"start":{"line":100,"column":8},"end":{"line":100,"column":null}},"20":{"start":{"line":103,"column":20},"end":{"line":106,"column":null}},"21":{"start":{"line":108,"column":6},"end":{"line":108,"column":null}},"22":{"start":{"line":110,"column":6},"end":{"line":110,"column":null}},"23":{"start":{"line":112,"column":6},"end":{"line":112,"column":null}},"24":{"start":{"line":112,"column":35},"end":{"line":112,"column":61}},"25":{"start":{"line":116,"column":2},"end":{"line":121,"column":null}},"26":{"start":{"line":123,"column":2},"end":{"line":128,"column":null}},"27":{"start":{"line":132,"column":2},"end":{"line":132,"column":null}},"28":{"start":{"line":132,"column":45},"end":{"line":132,"column":null}},"29":{"start":{"line":136,"column":2},"end":{"line":136,"column":null}},"30":{"start":{"line":140,"column":2},"end":{"line":140,"column":null}}},"fnMap":{"0":{"name":"(anonymous_0)","decl":{"start":{"line":25,"column":18},"end":{"line":25,"column":19}},"loc":{"start":{"line":25,"column":38},"end":{"line":46,"column":null}},"line":25},"1":{"name":"(anonymous_1)","decl":{"start":{"line":45,"column":32},"end":{"line":45,"column":39}},"loc":{"start":{"line":45,"column":39},"end":{"line":45,"column":65}},"line":45},"2":{"name":"(anonymous_2)","decl":{"start":{"line":47,"column":11},"end":{"line":47,"column":12}},"loc":{"start":{"line":47,"column":63},"end":{"line":54,"column":null}},"line":47},"3":{"name":"withRetry","decl":{"start":{"line":57,"column":22},"end":{"line":57,"column":null}},"loc":{"start":{"line":60,"column":27},"end":{"line":129,"column":null}},"line":60},"4":{"name":"(anonymous_4)","decl":{"start":{"line":112,"column":24},"end":{"line":112,"column":35}},"loc":{"start":{"line":112,"column":35},"end":{"line":112,"column":61}},"line":112},"5":{"name":"createRetryWithBackoff","decl":{"start":{"line":131,"column":16},"end":{"line":131,"column":39}},"loc":{"start":{"line":131,"column":63},"end":{"line":133,"column":null}},"line":131},"6":{"name":"(anonymous_6)","decl":{"start":{"line":132,"column":9},"end":{"line":132,"column":13}},"loc":{"start":{"line":132,"column":45},"end":{"line":132,"column":null}},"line":132},"7":{"name":"isRetryableError","decl":{"start":{"line":135,"column":16},"end":{"line":135,"column":33}},"loc":{"start":{"line":135,"column":58},"end":{"line":137,"column":null}},"line":135},"8":{"name":"calculateDelay","decl":{"start":{"line":139,"column":16},"end":{"line":139,"column":31}},"loc":{"start":{"line":139,"column":111},"end":{"line":141,"column":null}},"line":139}},"branchMap":{"0":{"loc":{"start":{"line":26,"column":25},"end":{"line":30,"column":null}},"type":"cond-expr","locations":[{"start":{"line":27,"column":8},"end":{"line":27,"column":null}},{"start":{"line":28,"column":8},"end":{"line":30,"column":null}}],"line":26},"1":{"loc":{"start":{"line":28,"column":8},"end":{"line":30,"column":null}},"type":"cond-expr","locations":[{"start":{"line":29,"column":10},"end":{"line":29,"column":null}},{"start":{"line":30,"column":10},"end":{"line":30,"column":null}}],"line":28},"2":{"loc":{"start":{"line":50,"column":13},"end":{"line":50,"column":null}},"type":"cond-expr","locations":[{"start":{"line":50,"column":38},"end":{"line":50,"column":54}},{"start":{"line":50,"column":54},"end":{"line":50,"column":null}}],"line":50},"3":{"loc":{"start":{"line":59,"column":2},"end":{"line":59,"column":null}},"type":"default-arg","locations":[{"start":{"line":59,"column":26},"end":{"line":59,"column":null}}],"line":59},"4":{"loc":{"start":{"line":89,"column":18},"end":{"line":89,"column":null}},"type":"cond-expr","locations":[{"start":{"line":89,"column":43},"end":{"line":89,"column":51}},{"start":{"line":89,"column":51},"end":{"line":89,"column":null}}],"line":89},"5":{"loc":{"start":{"line":97,"column":26},"end":{"line":97,"column":null}},"type":"binary-expr","locations":[{"start":{"line":97,"column":26},"end":{"line":97,"column":58}},{"start":{"line":97,"column":58},"end":{"line":97,"column":null}}],"line":97},"6":{"loc":{"start":{"line":99,"column":6},"end":{"line":101,"column":null}},"type":"if","locations":[{"start":{"line":99,"column":6},"end":{"line":101,"column":null}},{"start":{},"end":{}}],"line":99},"7":{"loc":{"start":{"line":125,"column":8},"end":{"line":125,"column":null}},"type":"binary-expr","locations":[{"start":{"line":125,"column":8},"end":{"line":125,"column":21}},{"start":{"line":125,"column":21},"end":{"line":125,"column":null}}],"line":125},"8":{"loc":{"start":{"line":139,"column":48},"end":{"line":139,"column":66}},"type":"default-arg","locations":[{"start":{"line":139,"column":60},"end":{"line":139,"column":66}}],"line":139},"9":{"loc":{"start":{"line":139,"column":66},"end":{"line":139,"column":84}},"type":"default-arg","locations":[{"start":{"line":139,"column":77},"end":{"line":139,"column":84}}],"line":139},"10":{"loc":{"start":{"line":139,"column":84},"end":{"line":139,"column":111}},"type":"default-arg","locations":[{"start":{"line":139,"column":100},"end":{"line":139,"column":111}}],"line":139}},"s":{"0":2,"1":14,"2":14,"3":14,"4":140,"5":0,"6":17,"7":17,"8":17,"9":17,"10":17,"11":17,"12":17,"13":3,"14":3,"15":14,"16":14,"17":14,"18":14,"19":14,"20":0,"21":0,"22":0,"23":0,"24":0,"25":14,"26":17,"27":0,"28":0,"29":0,"30":0},"f":{"0":14,"1":140,"2":0,"3":17,"4":0,"5":0,"6":0,"7":0,"8":0},"b":{"0":[14,0],"1":[0,0],"2":[0,0],"3":[17],"4":[14,0],"5":[14,14],"6":[14,0],"7":[17,14],"8":[0],"9":[0],"10":[0]},"meta":{"lastBranch":11,"lastFunction":9,"lastStatement":31,"seen":{"s:20:48:55:Infinity":0,"f:25:18:25:19":0,"s:26:25:30:Infinity":1,"b:27:8:27:Infinity:28:8:30:Infinity":0,"b:29:10:29:Infinity:30:10:30:Infinity":1,"s:32:28:43:Infinity":2,"s:45:4:45:Infinity":3,"f:45:32:45:39":1,"s:45:39:45:65":4,"f:47:11:47:12":2,"s:48:4:53:Infinity":5,"b:50:38:50:54:50:54:50:Infinity":2,"f:57:22:57:Infinity":3,"b:59:26:59:Infinity":3,"s:61:17:61:Infinity":6,"s:63:19:63:Infinity":7,"s:65:2:114:Infinity":8,"s:65:21:65:24":9,"s:66:4:113:Infinity":10,"s:67:6:71:Infinity":11,"s:73:19:73:Infinity":12,"s:75:6:79:Infinity":13,"s:81:6:86:Infinity":14,"s:89:6:89:Infinity":15,"b:89:43:89:51:89:51:89:Infinity":4,"s:91:6:95:Infinity":16,"s:97:26:97:Infinity":17,"b:97:26:97:58:97:58:97:Infinity":5,"b:99:6:101:Infinity:undefined:undefined:undefined:undefined":6,"s:99:6:101:Infinity":18,"s:100:8:100:Infinity":19,"s:103:20:106:Infinity":20,"s:108:6:108:Infinity":21,"s:110:6:110:Infinity":22,"s:112:6:112:Infinity":23,"f:112:24:112:35":4,"s:112:35:112:61":24,"s:116:2:121:Infinity":25,"s:123:2:128:Infinity":26,"b:125:8:125:21:125:21:125:Infinity":7,"f:131:16:131:39":5,"s:132:2:132:Infinity":27,"f:132:9:132:13":6,"s:132:45:132:Infinity":28,"f:135:16:135:33":7,"s:136:2:136:Infinity":29,"f:139:16:139:31":8,"b:139:60:139:66":8,"b:139:77:139:84":9,"b:139:100:139:111":10,"s:140:2:140:Infinity":30}}}
}
