{"C:\\Proyectos Python\\Proyecto Palapa gestion servicios\\src\\components\\organisms\\AIAnalysisPanel.tsx": {"path":"C:\\Proyectos Python\\Proyecto Palapa gestion servicios\\src\\components\\organisms\\AIAnalysisPanel.tsx","statementMap":{"0":{"start":{"line":16,"column":55},"end":{"line":127,"column":null}},"1":{"start":{"line":27,"column":2},"end":{"line":125,"column":null}}},"fnMap":{"0":{"name":"(anonymous_0)","decl":{"start":{"line":16,"column":55},"end":{"line":16,"column":56}},"loc":{"start":{"line":26,"column":6},"end":{"line":127,"column":null}},"line":26}},"branchMap":{"0":{"loc":{"start":{"line":38,"column":22},"end":{"line":38,"column":null}},"type":"binary-expr","locations":[{"start":{"line":38,"column":22},"end":{"line":38,"column":35}},{"start":{"line":38,"column":35},"end":{"line":38,"column":null}}],"line":38},"1":{"loc":{"start":{"line":41,"column":13},"end":{"line":46,"column":null}},"type":"cond-expr","locations":[{"start":{"line":42,"column":14},"end":{"line":42,"column":null}},{"start":{"line":43,"column":16},"end":{"line":46,"column":null}}],"line":41},"2":{"loc":{"start":{"line":43,"column":16},"end":{"line":46,"column":null}},"type":"cond-expr","locations":[{"start":{"line":44,"column":14},"end":{"line":44,"column":null}},{"start":{"line":46,"column":14},"end":{"line":46,"column":null}}],"line":43},"3":{"loc":{"start":{"line":51,"column":11},"end":{"line":58,"column":null}},"type":"binary-expr","locations":[{"start":{"line":51,"column":11},"end":{"line":51,"column":null}},{"start":{"line":52,"column":12},"end":{"line":58,"column":null}}],"line":51},"4":{"loc":{"start":{"line":64,"column":7},"end":{"line":81,"column":null}},"type":"binary-expr","locations":[{"start":{"line":64,"column":7},"end":{"line":64,"column":21}},{"start":{"line":64,"column":21},"end":{"line":64,"column":null}},{"start":{"line":65,"column":8},"end":{"line":81,"column":null}}],"line":64},"5":{"loc":{"start":{"line":71,"column":72},"end":{"line":71,"column":156}},"type":"cond-expr","locations":[{"start":{"line":71,"column":92},"end":{"line":71,"column":118}},{"start":{"line":71,"column":118},"end":{"line":71,"column":156}}],"line":71},"6":{"loc":{"start":{"line":77,"column":17},"end":{"line":77,"column":null}},"type":"cond-expr","locations":[{"start":{"line":77,"column":37},"end":{"line":77,"column":80}},{"start":{"line":77,"column":80},"end":{"line":77,"column":null}}],"line":77},"7":{"loc":{"start":{"line":85,"column":7},"end":{"line":123,"column":null}},"type":"binary-expr","locations":[{"start":{"line":85,"column":7},"end":{"line":85,"column":null}},{"start":{"line":86,"column":8},"end":{"line":123,"column":null}}],"line":85},"8":{"loc":{"start":{"line":94,"column":15},"end":{"line":97,"column":null}},"type":"binary-expr","locations":[{"start":{"line":94,"column":15},"end":{"line":94,"column":null}},{"start":{"line":95,"column":16},"end":{"line":97,"column":null}}],"line":94},"9":{"loc":{"start":{"line":99,"column":15},"end":{"line":106,"column":null}},"type":"binary-expr","locations":[{"start":{"line":99,"column":15},"end":{"line":99,"column":null}},{"start":{"line":100,"column":16},"end":{"line":106,"column":null}}],"line":99},"10":{"loc":{"start":{"line":105,"column":19},"end":{"line":105,"column":null}},"type":"cond-expr","locations":[{"start":{"line":105,"column":40},"end":{"line":105,"column":73}},{"start":{"line":105,"column":73},"end":{"line":105,"column":null}}],"line":105},"11":{"loc":{"start":{"line":108,"column":15},"end":{"line":113,"column":null}},"type":"binary-expr","locations":[{"start":{"line":108,"column":15},"end":{"line":108,"column":null}},{"start":{"line":109,"column":16},"end":{"line":113,"column":null}}],"line":108}},"s":{"0":1,"1":24},"f":{"0":24},"b":{"0":[24,19],"1":[5,19],"2":[2,17],"3":[24,5],"4":[24,8,7],"5":[3,4],"6":[3,4],"7":[24,6],"8":[6,4],"9":[6,5],"10":[1,4],"11":[6,1]},"meta":{"lastBranch":12,"lastFunction":1,"lastStatement":2,"seen":{"s:16:55:127:Infinity":0,"f:16:55:16:56":0,"s:27:2:125:Infinity":1,"b:38:22:38:35:38:35:38:Infinity":0,"b:42:14:42:Infinity:43:16:46:Infinity":1,"b:44:14:44:Infinity:46:14:46:Infinity":2,"b:51:11:51:Infinity:52:12:58:Infinity":3,"b:64:7:64:21:64:21:64:Infinity:65:8:81:Infinity":4,"b:71:92:71:118:71:118:71:156":5,"b:77:37:77:80:77:80:77:Infinity":6,"b:85:7:85:Infinity:86:8:123:Infinity":7,"b:94:15:94:Infinity:95:16:97:Infinity":8,"b:99:15:99:Infinity:100:16:106:Infinity":9,"b:105:40:105:73:105:73:105:Infinity":10,"b:108:15:108:Infinity:109:16:113:Infinity":11}}}
,"C:\\Proyectos Python\\Proyecto Palapa gestion servicios\\src\\components\\templates\\ErrorBoundary.tsx": {"path":"C:\\Proyectos Python\\Proyecto Palapa gestion servicios\\src\\components\\templates\\ErrorBoundary.tsx","statementMap":{"0":{"start":{"line":16,"column":4},"end":{"line":16,"column":null}},"1":{"start":{"line":17,"column":4},"end":{"line":20,"column":null}},"2":{"start":{"line":24,"column":4},"end":{"line":24,"column":null}},"3":{"start":{"line":28,"column":4},"end":{"line":34,"column":null}},"4":{"start":{"line":38,"column":4},"end":{"line":55,"column":null}},"5":{"start":{"line":39,"column":6},"end":{"line":53,"column":null}},"6":{"start":{"line":47,"column":29},"end":{"line":47,"column":null}},"7":{"start":{"line":57,"column":4},"end":{"line":57,"column":null}}},"fnMap":{"0":{"name":"(anonymous_0)","decl":{"start":{"line":15,"column":9},"end":{"line":15,"column":21}},"loc":{"start":{"line":15,"column":48},"end":{"line":21,"column":null}},"line":15},"1":{"name":"(anonymous_1)","decl":{"start":{"line":23,"column":16},"end":{"line":23,"column":41}},"loc":{"start":{"line":23,"column":75},"end":{"line":25,"column":null}},"line":23},"2":{"name":"(anonymous_2)","decl":{"start":{"line":27,"column":9},"end":{"line":27,"column":27}},"loc":{"start":{"line":27,"column":69},"end":{"line":35,"column":null}},"line":27},"3":{"name":"(anonymous_3)","decl":{"start":{"line":37,"column":9},"end":{"line":37,"column":29}},"loc":{"start":{"line":37,"column":29},"end":{"line":58,"column":null}},"line":37},"4":{"name":"(anonymous_4)","decl":{"start":{"line":47,"column":23},"end":{"line":47,"column":29}},"loc":{"start":{"line":47,"column":29},"end":{"line":47,"column":null}},"line":47}},"branchMap":{"0":{"loc":{"start":{"line":33,"column":22},"end":{"line":33,"column":null}},"type":"binary-expr","locations":[{"start":{"line":33,"column":22},"end":{"line":33,"column":50}},{"start":{"line":33,"column":50},"end":{"line":33,"column":null}}],"line":33},"1":{"loc":{"start":{"line":38,"column":4},"end":{"line":55,"column":null}},"type":"if","locations":[{"start":{"line":38,"column":4},"end":{"line":55,"column":null}},{"start":{},"end":{}}],"line":38},"2":{"loc":{"start":{"line":39,"column":13},"end":{"line":53,"column":null}},"type":"binary-expr","locations":[{"start":{"line":39,"column":13},"end":{"line":39,"column":null}},{"start":{"line":40,"column":8},"end":{"line":53,"column":null}}],"line":39}},"s":{"0":6,"1":6,"2":4,"3":2,"4":9,"5":4,"6":0,"7":5},"f":{"0":6,"1":1,"2":2,"3":9,"4":0},"b":{"0":[2,0],"1":[4,5],"2":[4,4]},"meta":{"lastBranch":3,"lastFunction":5,"lastStatement":8,"seen":{"f:15:9:15:21":0,"s:16:4:16:Infinity":0,"s:17:4:20:Infinity":1,"f:23:16:23:41":1,"s:24:4:24:Infinity":2,"f:27:9:27:27":2,"s:28:4:34:Infinity":3,"b:33:22:33:50:33:50:33:Infinity":0,"f:37:9:37:29":3,"b:38:4:55:Infinity:undefined:undefined:undefined:undefined":1,"s:38:4:55:Infinity":4,"s:39:6:53:Infinity":5,"b:39:13:39:Infinity:40:8:53:Infinity":2,"f:47:23:47:29":4,"s:47:29:47:Infinity":6,"s:57:4:57:Infinity":7}}}
,"C:\\Proyectos Python\\Proyecto Palapa gestion servicios\\src\\hooks\\useDashboardLogic.ts": {"path":"C:\\Proyectos Python\\Proyecto Palapa gestion servicios\\src\\hooks\\useDashboardLogic.ts","statementMap":{"0":{"start":{"line":35,"column":33},"end":{"line":336,"column":null}},"1":{"start":{"line":41,"column":34},"end":{"line":41,"column":null}},"2":{"start":{"line":42,"column":32},"end":{"line":42,"column":null}},"3":{"start":{"line":43,"column":28},"end":{"line":43,"column":null}},"4":{"start":{"line":44,"column":38},"end":{"line":44,"column":null}},"5":{"start":{"line":47,"column":50},"end":{"line":47,"column":null}},"6":{"start":{"line":48,"column":46},"end":{"line":48,"column":null}},"7":{"start":{"line":51,"column":38},"end":{"line":51,"column":null}},"8":{"start":{"line":52,"column":38},"end":{"line":52,"column":null}},"9":{"start":{"line":53,"column":46},"end":{"line":53,"column":null}},"10":{"start":{"line":54,"column":40},"end":{"line":54,"column":null}},"11":{"start":{"line":57,"column":8},"end":{"line":69,"column":null}},"12":{"start":{"line":58,"column":10},"end":{"line":58,"column":null}},"13":{"start":{"line":59,"column":10},"end":{"line":59,"column":null}},"14":{"start":{"line":60,"column":10},"end":{"line":60,"column":null}},"15":{"start":{"line":61,"column":10},"end":{"line":61,"column":null}},"16":{"start":{"line":63,"column":4},"end":{"line":68,"column":null}},"17":{"start":{"line":72,"column":8},"end":{"line":74,"column":null}},"18":{"start":{"line":73,"column":4},"end":{"line":73,"column":null}},"19":{"start":{"line":77,"column":8},"end":{"line":79,"column":null}},"20":{"start":{"line":78,"column":4},"end":{"line":78,"column":null}},"21":{"start":{"line":82,"column":8},"end":{"line":84,"column":null}},"22":{"start":{"line":83,"column":4},"end":{"line":83,"column":null}},"23":{"start":{"line":87,"column":8},"end":{"line":101,"column":null}},"24":{"start":{"line":88,"column":4},"end":{"line":88,"column":null}},"25":{"start":{"line":89,"column":4},"end":{"line":89,"column":null}},"26":{"start":{"line":91,"column":21},"end":{"line":100,"column":null}},"27":{"start":{"line":92,"column":6},"end":{"line":99,"column":null}},"28":{"start":{"line":93,"column":8},"end":{"line":97,"column":null}},"29":{"start":{"line":94,"column":10},"end":{"line":94,"column":null}},"30":{"start":{"line":95,"column":10},"end":{"line":95,"column":null}},"31":{"start":{"line":96,"column":10},"end":{"line":96,"column":null}},"32":{"start":{"line":98,"column":8},"end":{"line":98,"column":null}},"33":{"start":{"line":104,"column":8},"end":{"line":122,"column":null}},"34":{"start":{"line":105,"column":4},"end":{"line":120,"column":null}},"35":{"start":{"line":106,"column":18},"end":{"line":106,"column":null}},"36":{"start":{"line":107,"column":6},"end":{"line":119,"column":null}},"37":{"start":{"line":108,"column":8},"end":{"line":108,"column":null}},"38":{"start":{"line":111,"column":8},"end":{"line":111,"column":null}},"39":{"start":{"line":112,"column":8},"end":{"line":112,"column":null}},"40":{"start":{"line":113,"column":8},"end":{"line":113,"column":null}},"41":{"start":{"line":114,"column":8},"end":{"line":118,"column":null}},"42":{"start":{"line":121,"column":4},"end":{"line":121,"column":null}},"43":{"start":{"line":125,"column":8},"end":{"line":137,"column":null}},"44":{"start":{"line":126,"column":25},"end":{"line":126,"column":null}},"45":{"start":{"line":127,"column":4},"end":{"line":127,"column":null}},"46":{"start":{"line":128,"column":4},"end":{"line":128,"column":null}},"47":{"start":{"line":129,"column":4},"end":{"line":129,"column":null}},"48":{"start":{"line":131,"column":4},"end":{"line":136,"column":null}},"49":{"start":{"line":140,"column":8},"end":{"line":235,"column":null}},"50":{"start":{"line":141,"column":4},"end":{"line":141,"column":null}},"51":{"start":{"line":141,"column":53},"end":{"line":141,"column":null}},"52":{"start":{"line":144,"column":4},"end":{"line":153,"column":null}},"53":{"start":{"line":145,"column":6},"end":{"line":150,"column":null}},"54":{"start":{"line":151,"column":6},"end":{"line":151,"column":null}},"55":{"start":{"line":152,"column":6},"end":{"line":152,"column":null}},"56":{"start":{"line":155,"column":4},"end":{"line":163,"column":null}},"57":{"start":{"line":165,"column":4},"end":{"line":165,"column":null}},"58":{"start":{"line":166,"column":4},"end":{"line":166,"column":null}},"59":{"start":{"line":168,"column":4},"end":{"line":234,"column":null}},"60":{"start":{"line":169,"column":26},"end":{"line":189,"column":null}},"61":{"start":{"line":170,"column":8},"end":{"line":173,"column":null}},"62":{"start":{"line":180,"column":12},"end":{"line":186,"column":null}},"63":{"start":{"line":191,"column":6},"end":{"line":211,"column":null}},"64":{"start":{"line":192,"column":8},"end":{"line":192,"column":null}},"65":{"start":{"line":193,"column":8},"end":{"line":193,"column":null}},"66":{"start":{"line":194,"column":8},"end":{"line":194,"column":null}},"67":{"start":{"line":196,"column":8},"end":{"line":205,"column":null}},"68":{"start":{"line":208,"column":8},"end":{"line":208,"column":null}},"69":{"start":{"line":210,"column":8},"end":{"line":210,"column":null}},"70":{"start":{"line":213,"column":30},"end":{"line":213,"column":null}},"71":{"start":{"line":214,"column":6},"end":{"line":214,"column":null}},"72":{"start":{"line":216,"column":6},"end":{"line":222,"column":null}},"73":{"start":{"line":224,"column":6},"end":{"line":231,"column":null}},"74":{"start":{"line":226,"column":8},"end":{"line":226,"column":null}},"75":{"start":{"line":227,"column":8},"end":{"line":227,"column":null}},"76":{"start":{"line":229,"column":8},"end":{"line":229,"column":null}},"77":{"start":{"line":230,"column":8},"end":{"line":230,"column":null}},"78":{"start":{"line":233,"column":6},"end":{"line":233,"column":null}},"79":{"start":{"line":238,"column":8},"end":{"line":247,"column":null}},"80":{"start":{"line":239,"column":4},"end":{"line":243,"column":null}},"81":{"start":{"line":245,"column":4},"end":{"line":245,"column":null}},"82":{"start":{"line":246,"column":4},"end":{"line":246,"column":null}},"83":{"start":{"line":250,"column":8},"end":{"line":268,"column":null}},"84":{"start":{"line":251,"column":4},"end":{"line":259,"column":null}},"85":{"start":{"line":261,"column":4},"end":{"line":261,"column":null}},"86":{"start":{"line":262,"column":4},"end":{"line":262,"column":null}},"87":{"start":{"line":263,"column":4},"end":{"line":263,"column":null}},"88":{"start":{"line":264,"column":4},"end":{"line":264,"column":null}},"89":{"start":{"line":265,"column":4},"end":{"line":265,"column":null}},"90":{"start":{"line":266,"column":4},"end":{"line":266,"column":null}},"91":{"start":{"line":267,"column":4},"end":{"line":267,"column":null}},"92":{"start":{"line":271,"column":8},"end":{"line":288,"column":null}},"93":{"start":{"line":272,"column":4},"end":{"line":276,"column":null}},"94":{"start":{"line":278,"column":4},"end":{"line":278,"column":null}},"95":{"start":{"line":279,"column":4},"end":{"line":279,"column":null}},"96":{"start":{"line":280,"column":4},"end":{"line":280,"column":null}},"97":{"start":{"line":281,"column":4},"end":{"line":281,"column":null}},"98":{"start":{"line":282,"column":4},"end":{"line":282,"column":null}},"99":{"start":{"line":283,"column":4},"end":{"line":283,"column":null}},"100":{"start":{"line":284,"column":4},"end":{"line":284,"column":null}},"101":{"start":{"line":287,"column":4},"end":{"line":287,"column":null}},"102":{"start":{"line":291,"column":8},"end":{"line":309,"column":null}},"103":{"start":{"line":292,"column":4},"end":{"line":298,"column":null}},"104":{"start":{"line":300,"column":4},"end":{"line":300,"column":null}},"105":{"start":{"line":301,"column":4},"end":{"line":301,"column":null}},"106":{"start":{"line":302,"column":4},"end":{"line":302,"column":null}},"107":{"start":{"line":303,"column":4},"end":{"line":303,"column":null}},"108":{"start":{"line":304,"column":4},"end":{"line":304,"column":null}},"109":{"start":{"line":305,"column":4},"end":{"line":305,"column":null}},"110":{"start":{"line":308,"column":4},"end":{"line":308,"column":null}},"111":{"start":{"line":311,"column":2},"end":{"line":335,"column":null}}},"fnMap":{"0":{"name":"(anonymous_0)","decl":{"start":{"line":35,"column":33},"end":{"line":35,"column":null}},"loc":{"start":{"line":39,"column":31},"end":{"line":336,"column":null}},"line":39},"1":{"name":"(anonymous_1)","decl":{"start":{"line":57,"column":26},"end":{"line":57,"column":32}},"loc":{"start":{"line":57,"column":32},"end":{"line":69,"column":5}},"line":57},"2":{"name":"(anonymous_2)","decl":{"start":{"line":72,"column":35},"end":{"line":72,"column":41}},"loc":{"start":{"line":72,"column":41},"end":{"line":74,"column":5}},"line":72},"3":{"name":"(anonymous_3)","decl":{"start":{"line":77,"column":30},"end":{"line":77,"column":51}},"loc":{"start":{"line":77,"column":51},"end":{"line":79,"column":5}},"line":77},"4":{"name":"(anonymous_4)","decl":{"start":{"line":82,"column":36},"end":{"line":82,"column":61}},"loc":{"start":{"line":82,"column":61},"end":{"line":84,"column":5}},"line":82},"5":{"name":"(anonymous_5)","decl":{"start":{"line":87,"column":37},"end":{"line":87,"column":43}},"loc":{"start":{"line":87,"column":43},"end":{"line":101,"column":5}},"line":87},"6":{"name":"(anonymous_6)","decl":{"start":{"line":91,"column":33},"end":{"line":91,"column":39}},"loc":{"start":{"line":91,"column":39},"end":{"line":100,"column":7}},"line":91},"7":{"name":"(anonymous_7)","decl":{"start":{"line":92,"column":26},"end":{"line":92,"column":27}},"loc":{"start":{"line":92,"column":36},"end":{"line":99,"column":7}},"line":92},"8":{"name":"(anonymous_8)","decl":{"start":{"line":104,"column":42},"end":{"line":104,"column":48}},"loc":{"start":{"line":104,"column":48},"end":{"line":122,"column":5}},"line":104},"9":{"name":"(anonymous_9)","decl":{"start":{"line":125,"column":43},"end":{"line":125,"column":49}},"loc":{"start":{"line":125,"column":49},"end":{"line":137,"column":5}},"line":125},"10":{"name":"(anonymous_10)","decl":{"start":{"line":140,"column":39},"end":{"line":140,"column":46}},"loc":{"start":{"line":140,"column":64},"end":{"line":235,"column":5}},"line":140},"11":{"name":"(anonymous_11)","decl":{"start":{"line":170,"column":8},"end":{"line":170,"column":14}},"loc":{"start":{"line":170,"column":8},"end":{"line":173,"column":null}},"line":170},"12":{"name":"(anonymous_12)","decl":{"start":{"line":179,"column":19},"end":{"line":179,"column":20}},"loc":{"start":{"line":179,"column":46},"end":{"line":187,"column":null}},"line":179},"13":{"name":"(anonymous_13)","decl":{"start":{"line":238,"column":45},"end":{"line":238,"column":51}},"loc":{"start":{"line":238,"column":51},"end":{"line":247,"column":5}},"line":238},"14":{"name":"(anonymous_14)","decl":{"start":{"line":250,"column":35},"end":{"line":250,"column":41}},"loc":{"start":{"line":250,"column":41},"end":{"line":268,"column":5}},"line":250},"15":{"name":"(anonymous_15)","decl":{"start":{"line":271,"column":40},"end":{"line":271,"column":47}},"loc":{"start":{"line":271,"column":70},"end":{"line":288,"column":5}},"line":271},"16":{"name":"(anonymous_16)","decl":{"start":{"line":291,"column":42},"end":{"line":291,"column":48}},"loc":{"start":{"line":291,"column":48},"end":{"line":309,"column":5}},"line":291}},"branchMap":{"0":{"loc":{"start":{"line":93,"column":8},"end":{"line":97,"column":null}},"type":"if","locations":[{"start":{"line":93,"column":8},"end":{"line":97,"column":null}},{"start":{},"end":{}}],"line":93},"1":{"loc":{"start":{"line":105,"column":4},"end":{"line":120,"column":null}},"type":"if","locations":[{"start":{"line":105,"column":4},"end":{"line":120,"column":null}},{"start":{},"end":{}}],"line":105},"2":{"loc":{"start":{"line":107,"column":6},"end":{"line":119,"column":null}},"type":"if","locations":[{"start":{"line":107,"column":6},"end":{"line":119,"column":null}},{"start":{"line":109,"column":13},"end":{"line":119,"column":null}}],"line":107},"3":{"loc":{"start":{"line":140,"column":46},"end":{"line":140,"column":64}},"type":"default-arg","locations":[{"start":{"line":140,"column":54},"end":{"line":140,"column":64}}],"line":140},"4":{"loc":{"start":{"line":141,"column":4},"end":{"line":141,"column":null}},"type":"if","locations":[{"start":{"line":141,"column":4},"end":{"line":141,"column":null}},{"start":{},"end":{}}],"line":141},"5":{"loc":{"start":{"line":141,"column":8},"end":{"line":141,"column":53}},"type":"binary-expr","locations":[{"start":{"line":141,"column":8},"end":{"line":141,"column":22}},{"start":{"line":141,"column":22},"end":{"line":141,"column":44}},{"start":{"line":141,"column":44},"end":{"line":141,"column":53}}],"line":141},"6":{"loc":{"start":{"line":144,"column":4},"end":{"line":153,"column":null}},"type":"if","locations":[{"start":{"line":144,"column":4},"end":{"line":153,"column":null}},{"start":{},"end":{}}],"line":144},"7":{"loc":{"start":{"line":144,"column":8},"end":{"line":144,"column":41}},"type":"binary-expr","locations":[{"start":{"line":144,"column":8},"end":{"line":144,"column":18}},{"start":{"line":144,"column":18},"end":{"line":144,"column":41}}],"line":144},"8":{"loc":{"start":{"line":184,"column":21},"end":{"line":184,"column":null}},"type":"cond-expr","locations":[{"start":{"line":184,"column":46},"end":{"line":184,"column":62}},{"start":{"line":184,"column":62},"end":{"line":184,"column":null}}],"line":184},"9":{"loc":{"start":{"line":191,"column":6},"end":{"line":211,"column":null}},"type":"if","locations":[{"start":{"line":191,"column":6},"end":{"line":211,"column":null}},{"start":{"line":209,"column":13},"end":{"line":211,"column":null}}],"line":191},"10":{"loc":{"start":{"line":191,"column":10},"end":{"line":191,"column":85}},"type":"binary-expr","locations":[{"start":{"line":191,"column":10},"end":{"line":191,"column":33}},{"start":{"line":191,"column":33},"end":{"line":191,"column":62}},{"start":{"line":191,"column":62},"end":{"line":191,"column":85}}],"line":191},"11":{"loc":{"start":{"line":210,"column":24},"end":{"line":210,"column":125}},"type":"binary-expr","locations":[{"start":{"line":210,"column":24},"end":{"line":210,"column":51}},{"start":{"line":210,"column":51},"end":{"line":210,"column":81}},{"start":{"line":210,"column":81},"end":{"line":210,"column":125}}],"line":210},"12":{"loc":{"start":{"line":216,"column":15},"end":{"line":216,"column":91}},"type":"cond-expr","locations":[{"start":{"line":216,"column":40},"end":{"line":216,"column":48}},{"start":{"line":216,"column":48},"end":{"line":216,"column":91}}],"line":216},"13":{"loc":{"start":{"line":224,"column":6},"end":{"line":231,"column":null}},"type":"if","locations":[{"start":{"line":224,"column":6},"end":{"line":231,"column":null}},{"start":{"line":228,"column":13},"end":{"line":231,"column":null}}],"line":224},"14":{"loc":{"start":{"line":227,"column":19},"end":{"line":227,"column":79}},"type":"cond-expr","locations":[{"start":{"line":227,"column":44},"end":{"line":227,"column":60}},{"start":{"line":227,"column":60},"end":{"line":227,"column":79}}],"line":227},"15":{"loc":{"start":{"line":230,"column":19},"end":{"line":230,"column":79}},"type":"cond-expr","locations":[{"start":{"line":230,"column":44},"end":{"line":230,"column":60}},{"start":{"line":230,"column":60},"end":{"line":230,"column":79}}],"line":230}},"s":{"0":1,"1":32,"2":32,"3":32,"4":32,"5":32,"6":32,"7":32,"8":32,"9":32,"10":32,"11":32,"12":12,"13":12,"14":12,"15":12,"16":12,"17":32,"18":12,"19":32,"20":12,"21":32,"22":12,"23":32,"24":4,"25":4,"26":4,"27":0,"28":0,"29":0,"30":0,"31":0,"32":0,"33":32,"34":17,"35":2,"36":2,"37":1,"38":1,"39":1,"40":1,"41":1,"42":16,"43":32,"44":4,"45":4,"46":4,"47":4,"48":4,"49":32,"50":18,"51":0,"52":18,"53":1,"54":1,"55":1,"56":17,"57":17,"58":17,"59":17,"60":17,"61":17,"62":0,"63":17,"64":3,"65":3,"66":3,"67":3,"68":3,"69":14,"70":14,"71":14,"72":14,"73":14,"74":4,"75":4,"76":10,"77":10,"78":17,"79":32,"80":1,"81":1,"82":1,"83":32,"84":1,"85":1,"86":1,"87":1,"88":1,"89":1,"90":1,"91":1,"92":32,"93":1,"94":1,"95":1,"96":1,"97":1,"98":1,"99":1,"100":1,"101":1,"102":32,"103":1,"104":1,"105":1,"106":1,"107":1,"108":1,"109":1,"110":1,"111":32},"f":{"0":32,"1":12,"2":12,"3":12,"4":12,"5":4,"6":0,"7":0,"8":17,"9":4,"10":18,"11":17,"12":0,"13":1,"14":1,"15":1,"16":1},"b":{"0":[0,0],"1":[2,15],"2":[1,1],"3":[18],"4":[0,18],"5":[18,18,0],"6":[1,17],"7":[18,17],"8":[0,0],"9":[3,14],"10":[17,3,3],"11":[14,14,0],"12":[14,0],"13":[4,10],"14":[4,0],"15":[10,0]},"meta":{"lastBranch":16,"lastFunction":17,"lastStatement":112,"seen":{"s:35:33:336:Infinity":0,"f:35:33:35:Infinity":0,"s:41:34:41:Infinity":1,"s:42:32:42:Infinity":2,"s:43:28:43:Infinity":3,"s:44:38:44:Infinity":4,"s:47:50:47:Infinity":5,"s:48:46:48:Infinity":6,"s:51:38:51:Infinity":7,"s:52:38:52:Infinity":8,"s:53:46:53:Infinity":9,"s:54:40:54:Infinity":10,"s:57:8:69:Infinity":11,"f:57:26:57:32":1,"s:58:10:58:Infinity":12,"s:59:10:59:Infinity":13,"s:60:10:60:Infinity":14,"s:61:10:61:Infinity":15,"s:63:4:68:Infinity":16,"s:72:8:74:Infinity":17,"f:72:35:72:41":2,"s:73:4:73:Infinity":18,"s:77:8:79:Infinity":19,"f:77:30:77:51":3,"s:78:4:78:Infinity":20,"s:82:8:84:Infinity":21,"f:82:36:82:61":4,"s:83:4:83:Infinity":22,"s:87:8:101:Infinity":23,"f:87:37:87:43":5,"s:88:4:88:Infinity":24,"s:89:4:89:Infinity":25,"s:91:21:100:Infinity":26,"f:91:33:91:39":6,"s:92:6:99:Infinity":27,"f:92:26:92:27":7,"b:93:8:97:Infinity:undefined:undefined:undefined:undefined":0,"s:93:8:97:Infinity":28,"s:94:10:94:Infinity":29,"s:95:10:95:Infinity":30,"s:96:10:96:Infinity":31,"s:98:8:98:Infinity":32,"s:104:8:122:Infinity":33,"f:104:42:104:48":8,"b:105:4:120:Infinity:undefined:undefined:undefined:undefined":1,"s:105:4:120:Infinity":34,"s:106:18:106:Infinity":35,"b:107:6:119:Infinity:109:13:119:Infinity":2,"s:107:6:119:Infinity":36,"s:108:8:108:Infinity":37,"s:111:8:111:Infinity":38,"s:112:8:112:Infinity":39,"s:113:8:113:Infinity":40,"s:114:8:118:Infinity":41,"s:121:4:121:Infinity":42,"s:125:8:137:Infinity":43,"f:125:43:125:49":9,"s:126:25:126:Infinity":44,"s:127:4:127:Infinity":45,"s:128:4:128:Infinity":46,"s:129:4:129:Infinity":47,"s:131:4:136:Infinity":48,"s:140:8:235:Infinity":49,"f:140:39:140:46":10,"b:140:54:140:64":3,"b:141:4:141:Infinity:undefined:undefined:undefined:undefined":4,"s:141:4:141:Infinity":50,"b:141:8:141:22:141:22:141:44:141:44:141:53":5,"s:141:53:141:Infinity":51,"b:144:4:153:Infinity:undefined:undefined:undefined:undefined":6,"s:144:4:153:Infinity":52,"b:144:8:144:18:144:18:144:41":7,"s:145:6:150:Infinity":53,"s:151:6:151:Infinity":54,"s:152:6:152:Infinity":55,"s:155:4:163:Infinity":56,"s:165:4:165:Infinity":57,"s:166:4:166:Infinity":58,"s:168:4:234:Infinity":59,"s:169:26:189:Infinity":60,"f:170:8:170:14":11,"s:170:8:173:Infinity":61,"f:179:19:179:20":12,"s:180:12:186:Infinity":62,"b:184:46:184:62:184:62:184:Infinity":8,"b:191:6:211:Infinity:209:13:211:Infinity":9,"s:191:6:211:Infinity":63,"b:191:10:191:33:191:33:191:62:191:62:191:85":10,"s:192:8:192:Infinity":64,"s:193:8:193:Infinity":65,"s:194:8:194:Infinity":66,"s:196:8:205:Infinity":67,"s:208:8:208:Infinity":68,"s:210:8:210:Infinity":69,"b:210:24:210:51:210:51:210:81:210:81:210:125":11,"s:213:30:213:Infinity":70,"s:214:6:214:Infinity":71,"s:216:6:222:Infinity":72,"b:216:40:216:48:216:48:216:91":12,"b:224:6:231:Infinity:228:13:231:Infinity":13,"s:224:6:231:Infinity":73,"s:226:8:226:Infinity":74,"s:227:8:227:Infinity":75,"b:227:44:227:60:227:60:227:79":14,"s:229:8:229:Infinity":76,"s:230:8:230:Infinity":77,"b:230:44:230:60:230:60:230:79":15,"s:233:6:233:Infinity":78,"s:238:8:247:Infinity":79,"f:238:45:238:51":13,"s:239:4:243:Infinity":80,"s:245:4:245:Infinity":81,"s:246:4:246:Infinity":82,"s:250:8:268:Infinity":83,"f:250:35:250:41":14,"s:251:4:259:Infinity":84,"s:261:4:261:Infinity":85,"s:262:4:262:Infinity":86,"s:263:4:263:Infinity":87,"s:264:4:264:Infinity":88,"s:265:4:265:Infinity":89,"s:266:4:266:Infinity":90,"s:267:4:267:Infinity":91,"s:271:8:288:Infinity":92,"f:271:40:271:47":15,"s:272:4:276:Infinity":93,"s:278:4:278:Infinity":94,"s:279:4:279:Infinity":95,"s:280:4:280:Infinity":96,"s:281:4:281:Infinity":97,"s:282:4:282:Infinity":98,"s:283:4:283:Infinity":99,"s:284:4:284:Infinity":100,"s:287:4:287:Infinity":101,"s:291:8:309:Infinity":102,"f:291:42:291:48":16,"s:292:4:298:Infinity":103,"s:300:4:300:Infinity":104,"s:301:4:301:Infinity":105,"s:302:4:302:Infinity":106,"s:303:4:303:Infinity":107,"s:304:4:304:Infinity":108,"s:305:4:305:Infinity":109,"s:308:4:308:Infinity":110,"s:311:2:335:Infinity":111}}}
,"C:\\Proyectos Python\\Proyecto Palapa gestion servicios\\src\\types\\ai.schema.ts": {"path":"C:\\Proyectos Python\\Proyecto Palapa gestion servicios\\src\\types\\ai.schema.ts","statementMap":{"0":{"start":{"line":6,"column":35},"end":{"line":10,"column":null}},"1":{"start":{"line":15,"column":38},"end":{"line":18,"column":null}},"2":{"start":{"line":43,"column":34},"end":{"line":49,"column":null}},"3":{"start":{"line":59,"column":42},"end":{"line":65,"column":null}},"4":{"start":{"line":60,"column":2},"end":{"line":65,"column":null}},"5":{"start":{"line":72,"column":34},"end":{"line":72,"column":null}},"6":{"start":{"line":75,"column":34},"end":{"line":75,"column":null}},"7":{"start":{"line":86,"column":30},"end":{"line":90,"column":null}},"8":{"start":{"line":102,"column":38},"end":{"line":109,"column":null}},"9":{"start":{"line":112,"column":29},"end":{"line":117,"column":null}},"10":{"start":{"line":120,"column":36},"end":{"line":125,"column":null}},"11":{"start":{"line":137,"column":37},"end":{"line":142,"column":null}},"12":{"start":{"line":153,"column":34},"end":{"line":160,"column":null}},"13":{"start":{"line":157,"column":17},"end":{"line":157,"column":null}},"14":{"start":{"line":158,"column":17},"end":{"line":158,"column":null}},"15":{"start":{"line":159,"column":2},"end":{"line":159,"column":null}},"16":{"start":{"line":165,"column":37},"end":{"line":179,"column":null}},"17":{"start":{"line":169,"column":17},"end":{"line":172,"column":null}},"18":{"start":{"line":174,"column":2},"end":{"line":176,"column":null}},"19":{"start":{"line":175,"column":4},"end":{"line":175,"column":null}},"20":{"start":{"line":178,"column":2},"end":{"line":178,"column":null}},"21":{"start":{"line":184,"column":35},"end":{"line":198,"column":null}},"22":{"start":{"line":188,"column":40},"end":{"line":191,"column":null}},"23":{"start":{"line":193,"column":2},"end":{"line":195,"column":null}},"24":{"start":{"line":194,"column":4},"end":{"line":194,"column":null}},"25":{"start":{"line":197,"column":2},"end":{"line":197,"column":null}}},"fnMap":{"0":{"name":"(anonymous_0)","decl":{"start":{"line":59,"column":42},"end":{"line":59,"column":67}},"loc":{"start":{"line":60,"column":2},"end":{"line":65,"column":null}},"line":60},"1":{"name":"(anonymous_1)","decl":{"start":{"line":153,"column":34},"end":{"line":153,"column":null}},"loc":{"start":{"line":156,"column":24},"end":{"line":160,"column":null}},"line":156},"2":{"name":"(anonymous_2)","decl":{"start":{"line":165,"column":37},"end":{"line":165,"column":null}},"loc":{"start":{"line":168,"column":24},"end":{"line":179,"column":null}},"line":168},"3":{"name":"(anonymous_3)","decl":{"start":{"line":184,"column":35},"end":{"line":184,"column":null}},"loc":{"start":{"line":187,"column":28},"end":{"line":198,"column":null}},"line":187}},"branchMap":{"0":{"loc":{"start":{"line":174,"column":2},"end":{"line":176,"column":null}},"type":"if","locations":[{"start":{"line":174,"column":2},"end":{"line":176,"column":null}},{"start":{},"end":{}}],"line":174},"1":{"loc":{"start":{"line":193,"column":2},"end":{"line":195,"column":null}},"type":"if","locations":[{"start":{"line":193,"column":2},"end":{"line":195,"column":null}},{"start":{},"end":{}}],"line":193}},"s":{"0":2,"1":2,"2":2,"3":2,"4":0,"5":2,"6":2,"7":2,"8":2,"9":2,"10":2,"11":2,"12":2,"13":0,"14":0,"15":0,"16":2,"17":0,"18":0,"19":0,"20":0,"21":2,"22":0,"23":0,"24":0,"25":0},"f":{"0":0,"1":0,"2":0,"3":0},"b":{"0":[0,0],"1":[0,0]},"meta":{"lastBranch":2,"lastFunction":4,"lastStatement":26,"seen":{"s:6:35:10:Infinity":0,"s:15:38:18:Infinity":1,"s:43:34:49:Infinity":2,"s:59:42:65:Infinity":3,"f:59:42:59:67":0,"s:60:2:65:Infinity":4,"s:72:34:72:Infinity":5,"s:75:34:75:Infinity":6,"s:86:30:90:Infinity":7,"s:102:38:109:Infinity":8,"s:112:29:117:Infinity":9,"s:120:36:125:Infinity":10,"s:137:37:142:Infinity":11,"s:153:34:160:Infinity":12,"f:153:34:153:Infinity":1,"s:157:17:157:Infinity":13,"s:158:17:158:Infinity":14,"s:159:2:159:Infinity":15,"s:165:37:179:Infinity":16,"f:165:37:165:Infinity":2,"s:169:17:172:Infinity":17,"b:174:2:176:Infinity:undefined:undefined:undefined:undefined":0,"s:174:2:176:Infinity":18,"s:175:4:175:Infinity":19,"s:178:2:178:Infinity":20,"s:184:35:198:Infinity":21,"f:184:35:184:Infinity":3,"s:188:40:191:Infinity":22,"b:193:2:195:Infinity:undefined:undefined:undefined:undefined":1,"s:193:2:195:Infinity":23,"s:194:4:194:Infinity":24,"s:197:2:197:Infinity":25}}}
,"C:\\Proyectos Python\\Proyecto Palapa gestion servicios\\src\\types\\index.ts": {"path":"C:\\Proyectos Python\\Proyecto Palapa gestion servicios\\src\\types\\index.ts","statementMap":{"0":{"start":{"line":320,"column":0},"end":{"line":320,"column":null}},"1":{"start":{"line":3,"column":7},"end":{"line":3,"column":null}},"2":{"start":{"line":4,"column":2},"end":{"line":4,"column":null}},"3":{"start":{"line":5,"column":2},"end":{"line":5,"column":null}},"4":{"start":{"line":3,"column":12},"end":{"line":3,"column":null}},"5":{"start":{"line":8,"column":7},"end":{"line":8,"column":null}},"6":{"start":{"line":9,"column":2},"end":{"line":9,"column":null}},"7":{"start":{"line":10,"column":2},"end":{"line":10,"column":null}},"8":{"start":{"line":8,"column":12},"end":{"line":8,"column":null}},"9":{"start":{"line":13,"column":7},"end":{"line":13,"column":null}},"10":{"start":{"line":14,"column":2},"end":{"line":14,"column":null}},"11":{"start":{"line":15,"column":2},"end":{"line":15,"column":null}},"12":{"start":{"line":16,"column":2},"end":{"line":16,"column":null}},"13":{"start":{"line":17,"column":2},"end":{"line":17,"column":null}},"14":{"start":{"line":13,"column":12},"end":{"line":13,"column":null}}},"fnMap":{"0":{"name":"(anonymous_0)","decl":{"start":{"line":3,"column":7},"end":{"line":3,"column":12}},"loc":{"start":{"line":3,"column":7},"end":{"line":3,"column":null}},"line":3},"1":{"name":"(anonymous_1)","decl":{"start":{"line":8,"column":7},"end":{"line":8,"column":12}},"loc":{"start":{"line":8,"column":7},"end":{"line":8,"column":null}},"line":8},"2":{"name":"(anonymous_2)","decl":{"start":{"line":13,"column":7},"end":{"line":13,"column":12}},"loc":{"start":{"line":13,"column":7},"end":{"line":13,"column":null}},"line":13}},"branchMap":{"0":{"loc":{"start":{"line":3,"column":12},"end":{"line":3,"column":null}},"type":"binary-expr","locations":[{"start":{"line":3,"column":12},"end":{"line":3,"column":null}},{"start":{"line":3,"column":12},"end":{"line":3,"column":null}}],"line":3},"1":{"loc":{"start":{"line":8,"column":12},"end":{"line":8,"column":null}},"type":"binary-expr","locations":[{"start":{"line":8,"column":12},"end":{"line":8,"column":null}},{"start":{"line":8,"column":12},"end":{"line":8,"column":null}}],"line":8},"2":{"loc":{"start":{"line":13,"column":12},"end":{"line":13,"column":null}},"type":"binary-expr","locations":[{"start":{"line":13,"column":12},"end":{"line":13,"column":null}},{"start":{"line":13,"column":12},"end":{"line":13,"column":null}}],"line":13}},"s":{"0":2,"1":2,"2":2,"3":2,"4":2,"5":2,"6":2,"7":2,"8":2,"9":2,"10":2,"11":2,"12":2,"13":2,"14":2},"f":{"0":2,"1":2,"2":2},"b":{"0":[2,2],"1":[2,2],"2":[2,2]},"meta":{"lastBranch":3,"lastFunction":3,"lastStatement":15,"seen":{"s:320:0:320:Infinity":0,"s:3:7:3:Infinity":1,"f:3:7:3:12":0,"s:4:2:4:Infinity":2,"s:5:2:5:Infinity":3,"s:3:12:3:Infinity":4,"b:3:12:3:Infinity:3:12:3:Infinity":0,"s:8:7:8:Infinity":5,"f:8:7:8:12":1,"s:9:2:9:Infinity":6,"s:10:2:10:Infinity":7,"s:8:12:8:Infinity":8,"b:8:12:8:Infinity:8:12:8:Infinity":1,"s:13:7:13:Infinity":9,"f:13:7:13:12":2,"s:14:2:14:Infinity":10,"s:15:2:15:Infinity":11,"s:16:2:16:Infinity":12,"s:17:2:17:Infinity":13,"s:13:12:13:Infinity":14,"b:13:12:13:Infinity:13:12:13:Infinity":2}}}
,"C:\\Proyectos Python\\Proyecto Palapa gestion servicios\\src\\utils\\calculations.ts": {"path":"C:\\Proyectos Python\\Proyecto Palapa gestion servicios\\src\\utils\\calculations.ts","statementMap":{"0":{"start":{"line":15,"column":41},"end":{"line":61,"column":null}},"1":{"start":{"line":19,"column":2},"end":{"line":21,"column":null}},"2":{"start":{"line":20,"column":4},"end":{"line":20,"column":null}},"3":{"start":{"line":23,"column":14},"end":{"line":23,"column":null}},"4":{"start":{"line":24,"column":23},"end":{"line":24,"column":null}},"5":{"start":{"line":25,"column":21},"end":{"line":25,"column":null}},"6":{"start":{"line":26,"column":22},"end":{"line":26,"column":null}},"7":{"start":{"line":27,"column":30},"end":{"line":27,"column":null}},"8":{"start":{"line":29,"column":23},"end":{"line":29,"column":null}},"9":{"start":{"line":31,"column":2},"end":{"line":57,"column":null}},"10":{"start":{"line":33,"column":4},"end":{"line":38,"column":null}},"11":{"start":{"line":37,"column":6},"end":{"line":37,"column":null}},"12":{"start":{"line":40,"column":21},"end":{"line":40,"column":null}},"13":{"start":{"line":41,"column":19},"end":{"line":41,"column":null}},"14":{"start":{"line":44,"column":25},"end":{"line":44,"column":null}},"15":{"start":{"line":45,"column":23},"end":{"line":45,"column":null}},"16":{"start":{"line":47,"column":4},"end":{"line":56,"column":null}},"17":{"start":{"line":49,"column":21},"end":{"line":49,"column":null}},"18":{"start":{"line":50,"column":26},"end":{"line":50,"column":null}},"19":{"start":{"line":53,"column":6},"end":{"line":55,"column":null}},"20":{"start":{"line":54,"column":8},"end":{"line":54,"column":null}},"21":{"start":{"line":59,"column":31},"end":{"line":59,"column":null}},"22":{"start":{"line":60,"column":2},"end":{"line":60,"column":null}},"23":{"start":{"line":69,"column":41},"end":{"line":88,"column":null}},"24":{"start":{"line":70,"column":22},"end":{"line":72,"column":null}},"25":{"start":{"line":71,"column":19},"end":{"line":71,"column":52}},"26":{"start":{"line":72,"column":27},"end":{"line":72,"column":46}},"27":{"start":{"line":74,"column":24},"end":{"line":76,"column":null}},"28":{"start":{"line":75,"column":19},"end":{"line":75,"column":53}},"29":{"start":{"line":76,"column":27},"end":{"line":76,"column":46}},"30":{"start":{"line":78,"column":20},"end":{"line":78,"column":null}},"31":{"start":{"line":80,"column":4},"end":{"line":80,"column":null}},"32":{"start":{"line":82,"column":2},"end":{"line":87,"column":null}},"33":{"start":{"line":96,"column":28},"end":{"line":124,"column":null}},"34":{"start":{"line":97,"column":32},"end":{"line":101,"column":null}},"35":{"start":{"line":99,"column":6},"end":{"line":100,"column":null}},"36":{"start":{"line":103,"column":2},"end":{"line":105,"column":null}},"37":{"start":{"line":104,"column":4},"end":{"line":104,"column":null}},"38":{"start":{"line":107,"column":32},"end":{"line":110,"column":null}},"39":{"start":{"line":108,"column":18},"end":{"line":108,"column":null}},"40":{"start":{"line":112,"column":26},"end":{"line":112,"column":null}},"41":{"start":{"line":114,"column":2},"end":{"line":121,"column":null}},"42":{"start":{"line":115,"column":21},"end":{"line":115,"column":null}},"43":{"start":{"line":116,"column":19},"end":{"line":116,"column":null}},"44":{"start":{"line":117,"column":21},"end":{"line":119,"column":null}},"45":{"start":{"line":120,"column":4},"end":{"line":120,"column":null}},"46":{"start":{"line":123,"column":2},"end":{"line":123,"column":null}},"47":{"start":{"line":132,"column":44},"end":{"line":155,"column":null}},"48":{"start":{"line":135,"column":28},"end":{"line":139,"column":null}},"49":{"start":{"line":137,"column":6},"end":{"line":138,"column":null}},"50":{"start":{"line":141,"column":2},"end":{"line":143,"column":null}},"51":{"start":{"line":142,"column":4},"end":{"line":142,"column":null}},"52":{"start":{"line":145,"column":28},"end":{"line":152,"column":null}},"53":{"start":{"line":146,"column":21},"end":{"line":146,"column":null}},"54":{"start":{"line":147,"column":19},"end":{"line":147,"column":null}},"55":{"start":{"line":148,"column":21},"end":{"line":150,"column":null}},"56":{"start":{"line":151,"column":4},"end":{"line":151,"column":null}},"57":{"start":{"line":154,"column":2},"end":{"line":154,"column":null}},"58":{"start":{"line":164,"column":31},"end":{"line":166,"column":null}},"59":{"start":{"line":165,"column":2},"end":{"line":165,"column":null}},"60":{"start":{"line":176,"column":35},"end":{"line":194,"column":null}},"61":{"start":{"line":181,"column":24},"end":{"line":181,"column":null}},"62":{"start":{"line":182,"column":14},"end":{"line":182,"column":null}},"63":{"start":{"line":183,"column":26},"end":{"line":183,"column":null}},"64":{"start":{"line":184,"column":17},"end":{"line":184,"column":null}},"65":{"start":{"line":185,"column":27},"end":{"line":185,"column":null}},"66":{"start":{"line":187,"column":2},"end":{"line":193,"column":null}}},"fnMap":{"0":{"name":"(anonymous_0)","decl":{"start":{"line":15,"column":41},"end":{"line":15,"column":null}},"loc":{"start":{"line":18,"column":13},"end":{"line":61,"column":null}},"line":18},"1":{"name":"(anonymous_1)","decl":{"start":{"line":31,"column":23},"end":{"line":31,"column":24}},"loc":{"start":{"line":31,"column":32},"end":{"line":57,"column":3}},"line":31},"2":{"name":"(anonymous_2)","decl":{"start":{"line":69,"column":41},"end":{"line":69,"column":42}},"loc":{"start":{"line":69,"column":74},"end":{"line":88,"column":null}},"line":69},"3":{"name":"(anonymous_3)","decl":{"start":{"line":71,"column":12},"end":{"line":71,"column":13}},"loc":{"start":{"line":71,"column":19},"end":{"line":71,"column":52}},"line":71},"4":{"name":"(anonymous_4)","decl":{"start":{"line":72,"column":12},"end":{"line":72,"column":13}},"loc":{"start":{"line":72,"column":27},"end":{"line":72,"column":46}},"line":72},"5":{"name":"(anonymous_5)","decl":{"start":{"line":75,"column":12},"end":{"line":75,"column":13}},"loc":{"start":{"line":75,"column":19},"end":{"line":75,"column":53}},"line":75},"6":{"name":"(anonymous_6)","decl":{"start":{"line":76,"column":12},"end":{"line":76,"column":13}},"loc":{"start":{"line":76,"column":27},"end":{"line":76,"column":46}},"line":76},"7":{"name":"(anonymous_7)","decl":{"start":{"line":96,"column":28},"end":{"line":96,"column":29}},"loc":{"start":{"line":96,"column":69},"end":{"line":124,"column":null}},"line":96},"8":{"name":"(anonymous_8)","decl":{"start":{"line":98,"column":4},"end":{"line":98,"column":5}},"loc":{"start":{"line":99,"column":6},"end":{"line":100,"column":null}},"line":99},"9":{"name":"(anonymous_9)","decl":{"start":{"line":108,"column":4},"end":{"line":108,"column":5}},"loc":{"start":{"line":108,"column":18},"end":{"line":108,"column":null}},"line":108},"10":{"name":"(anonymous_10)","decl":{"start":{"line":114,"column":32},"end":{"line":114,"column":33}},"loc":{"start":{"line":114,"column":41},"end":{"line":121,"column":3}},"line":114},"11":{"name":"(anonymous_11)","decl":{"start":{"line":132,"column":44},"end":{"line":132,"column":null}},"loc":{"start":{"line":134,"column":13},"end":{"line":155,"column":null}},"line":134},"12":{"name":"(anonymous_12)","decl":{"start":{"line":136,"column":4},"end":{"line":136,"column":5}},"loc":{"start":{"line":137,"column":6},"end":{"line":138,"column":null}},"line":137},"13":{"name":"(anonymous_13)","decl":{"start":{"line":145,"column":53},"end":{"line":145,"column":54}},"loc":{"start":{"line":145,"column":67},"end":{"line":152,"column":5}},"line":145},"14":{"name":"(anonymous_14)","decl":{"start":{"line":164,"column":31},"end":{"line":164,"column":32}},"loc":{"start":{"line":164,"column":79},"end":{"line":166,"column":null}},"line":164},"15":{"name":"(anonymous_15)","decl":{"start":{"line":176,"column":35},"end":{"line":176,"column":null}},"loc":{"start":{"line":180,"column":5},"end":{"line":194,"column":null}},"line":180}},"branchMap":{"0":{"loc":{"start":{"line":19,"column":2},"end":{"line":21,"column":null}},"type":"if","locations":[{"start":{"line":19,"column":2},"end":{"line":21,"column":null}},{"start":{},"end":{}}],"line":19},"1":{"loc":{"start":{"line":19,"column":6},"end":{"line":19,"column":53}},"type":"binary-expr","locations":[{"start":{"line":19,"column":6},"end":{"line":19,"column":26}},{"start":{"line":19,"column":26},"end":{"line":19,"column":53}}],"line":19},"2":{"loc":{"start":{"line":33,"column":4},"end":{"line":38,"column":null}},"type":"if","locations":[{"start":{"line":33,"column":4},"end":{"line":38,"column":null}},{"start":{},"end":{}}],"line":33},"3":{"loc":{"start":{"line":34,"column":6},"end":{"line":35,"column":null}},"type":"binary-expr","locations":[{"start":{"line":34,"column":6},"end":{"line":34,"column":null}},{"start":{"line":35,"column":6},"end":{"line":35,"column":null}}],"line":34},"4":{"loc":{"start":{"line":44,"column":25},"end":{"line":44,"column":null}},"type":"cond-expr","locations":[{"start":{"line":44,"column":51},"end":{"line":44,"column":66}},{"start":{"line":44,"column":66},"end":{"line":44,"column":null}}],"line":44},"5":{"loc":{"start":{"line":45,"column":23},"end":{"line":45,"column":null}},"type":"cond-expr","locations":[{"start":{"line":45,"column":45},"end":{"line":45,"column":58}},{"start":{"line":45,"column":58},"end":{"line":45,"column":null}}],"line":45},"6":{"loc":{"start":{"line":47,"column":4},"end":{"line":56,"column":null}},"type":"if","locations":[{"start":{"line":47,"column":4},"end":{"line":56,"column":null}},{"start":{},"end":{}}],"line":47},"7":{"loc":{"start":{"line":53,"column":6},"end":{"line":55,"column":null}},"type":"if","locations":[{"start":{"line":53,"column":6},"end":{"line":55,"column":null}},{"start":{},"end":{}}],"line":53},"8":{"loc":{"start":{"line":53,"column":10},"end":{"line":53,"column":68}},"type":"binary-expr","locations":[{"start":{"line":53,"column":10},"end":{"line":53,"column":40}},{"start":{"line":53,"column":40},"end":{"line":53,"column":68}}],"line":53},"9":{"loc":{"start":{"line":80,"column":4},"end":{"line":80,"column":null}},"type":"cond-expr","locations":[{"start":{"line":80,"column":40},"end":{"line":80,"column":73}},{"start":{"line":80,"column":73},"end":{"line":80,"column":null}}],"line":80},"10":{"loc":{"start":{"line":80,"column":4},"end":{"line":80,"column":40}},"type":"binary-expr","locations":[{"start":{"line":80,"column":4},"end":{"line":80,"column":23}},{"start":{"line":80,"column":23},"end":{"line":80,"column":40}}],"line":80},"11":{"loc":{"start":{"line":99,"column":6},"end":{"line":100,"column":null}},"type":"binary-expr","locations":[{"start":{"line":99,"column":6},"end":{"line":99,"column":null}},{"start":{"line":100,"column":6},"end":{"line":100,"column":null}}],"line":99},"12":{"loc":{"start":{"line":103,"column":2},"end":{"line":105,"column":null}},"type":"if","locations":[{"start":{"line":103,"column":2},"end":{"line":105,"column":null}},{"start":{},"end":{}}],"line":103},"13":{"loc":{"start":{"line":123,"column":9},"end":{"line":123,"column":null}},"type":"cond-expr","locations":[{"start":{"line":123,"column":33},"end":{"line":123,"column":77}},{"start":{"line":123,"column":77},"end":{"line":123,"column":null}}],"line":123},"14":{"loc":{"start":{"line":137,"column":6},"end":{"line":138,"column":null}},"type":"binary-expr","locations":[{"start":{"line":137,"column":6},"end":{"line":137,"column":null}},{"start":{"line":138,"column":6},"end":{"line":138,"column":null}}],"line":137},"15":{"loc":{"start":{"line":141,"column":2},"end":{"line":143,"column":null}},"type":"if","locations":[{"start":{"line":141,"column":2},"end":{"line":143,"column":null}},{"start":{},"end":{}}],"line":141}},"s":{"0":1,"1":14,"2":4,"3":10,"4":10,"5":10,"6":10,"7":10,"8":10,"9":10,"10":15,"11":3,"12":12,"13":12,"14":12,"15":15,"16":15,"17":4,"18":4,"19":4,"20":4,"21":10,"22":10,"23":1,"24":12,"25":24,"26":13,"27":12,"28":24,"29":11,"30":12,"31":12,"32":12,"33":1,"34":11,"35":15,"36":11,"37":3,"38":8,"39":11,"40":8,"41":8,"42":11,"43":11,"44":11,"45":11,"46":8,"47":1,"48":11,"49":16,"50":11,"51":3,"52":8,"53":12,"54":12,"55":12,"56":12,"57":8,"58":1,"59":11,"60":1,"61":5,"62":5,"63":5,"64":5,"65":5,"66":5},"f":{"0":14,"1":15,"2":12,"3":24,"4":13,"5":24,"6":11,"7":11,"8":15,"9":11,"10":11,"11":11,"12":16,"13":12,"14":11,"15":5},"b":{"0":[4,10],"1":[14,12],"2":[3,12],"3":[15,13],"4":[10,2],"5":[0,12],"6":[4,11],"7":[4,0],"8":[4,4],"9":[7,5],"10":[12,9],"11":[15,4],"12":[3,8],"13":[8,0],"14":[16,4],"15":[3,8]},"meta":{"lastBranch":16,"lastFunction":16,"lastStatement":67,"seen":{"s:15:41:61:Infinity":0,"f:15:41:15:Infinity":0,"b:19:2:21:Infinity:undefined:undefined:undefined:undefined":0,"s:19:2:21:Infinity":1,"b:19:6:19:26:19:26:19:53":1,"s:20:4:20:Infinity":2,"s:23:14:23:Infinity":3,"s:24:23:24:Infinity":4,"s:25:21:25:Infinity":5,"s:26:22:26:Infinity":6,"s:27:30:27:Infinity":7,"s:29:23:29:Infinity":8,"s:31:2:57:Infinity":9,"f:31:23:31:24":1,"b:33:4:38:Infinity:undefined:undefined:undefined:undefined":2,"s:33:4:38:Infinity":10,"b:34:6:34:Infinity:35:6:35:Infinity":3,"s:37:6:37:Infinity":11,"s:40:21:40:Infinity":12,"s:41:19:41:Infinity":13,"s:44:25:44:Infinity":14,"b:44:51:44:66:44:66:44:Infinity":4,"s:45:23:45:Infinity":15,"b:45:45:45:58:45:58:45:Infinity":5,"b:47:4:56:Infinity:undefined:undefined:undefined:undefined":6,"s:47:4:56:Infinity":16,"s:49:21:49:Infinity":17,"s:50:26:50:Infinity":18,"b:53:6:55:Infinity:undefined:undefined:undefined:undefined":7,"s:53:6:55:Infinity":19,"b:53:10:53:40:53:40:53:68":8,"s:54:8:54:Infinity":20,"s:59:31:59:Infinity":21,"s:60:2:60:Infinity":22,"s:69:41:88:Infinity":23,"f:69:41:69:42":2,"s:70:22:72:Infinity":24,"f:71:12:71:13":3,"s:71:19:71:52":25,"f:72:12:72:13":4,"s:72:27:72:46":26,"s:74:24:76:Infinity":27,"f:75:12:75:13":5,"s:75:19:75:53":28,"f:76:12:76:13":6,"s:76:27:76:46":29,"s:78:20:78:Infinity":30,"s:80:4:80:Infinity":31,"b:80:40:80:73:80:73:80:Infinity":9,"b:80:4:80:23:80:23:80:40":10,"s:82:2:87:Infinity":32,"s:96:28:124:Infinity":33,"f:96:28:96:29":7,"s:97:32:101:Infinity":34,"f:98:4:98:5":8,"s:99:6:100:Infinity":35,"b:99:6:99:Infinity:100:6:100:Infinity":11,"b:103:2:105:Infinity:undefined:undefined:undefined:undefined":12,"s:103:2:105:Infinity":36,"s:104:4:104:Infinity":37,"s:107:32:110:Infinity":38,"f:108:4:108:5":9,"s:108:18:108:Infinity":39,"s:112:26:112:Infinity":40,"s:114:2:121:Infinity":41,"f:114:32:114:33":10,"s:115:21:115:Infinity":42,"s:116:19:116:Infinity":43,"s:117:21:119:Infinity":44,"s:120:4:120:Infinity":45,"s:123:2:123:Infinity":46,"b:123:33:123:77:123:77:123:Infinity":13,"s:132:44:155:Infinity":47,"f:132:44:132:Infinity":11,"s:135:28:139:Infinity":48,"f:136:4:136:5":12,"s:137:6:138:Infinity":49,"b:137:6:137:Infinity:138:6:138:Infinity":14,"b:141:2:143:Infinity:undefined:undefined:undefined:undefined":15,"s:141:2:143:Infinity":50,"s:142:4:142:Infinity":51,"s:145:28:152:Infinity":52,"f:145:53:145:54":13,"s:146:21:146:Infinity":53,"s:147:19:147:Infinity":54,"s:148:21:150:Infinity":55,"s:151:4:151:Infinity":56,"s:154:2:154:Infinity":57,"s:164:31:166:Infinity":58,"f:164:31:164:32":14,"s:165:2:165:Infinity":59,"s:176:35:194:Infinity":60,"f:176:35:176:Infinity":15,"s:181:24:181:Infinity":61,"s:182:14:182:Infinity":62,"s:183:26:183:Infinity":63,"s:184:17:184:Infinity":64,"s:185:27:185:Infinity":65,"s:187:2:193:Infinity":66}}}
,"C:\\Proyectos Python\\Proyecto Palapa gestion servicios\\src\\utils\\retry.ts": {"path":"C:\\Proyectos Python\\Proyecto Palapa gestion servicios\\src\\utils\\retry.ts","statementMap":{"0":{"start":{"line":20,"column":48},"end":{"line":55,"column":null}},"1":{"start":{"line":26,"column":25},"end":{"line":30,"column":null}},"2":{"start":{"line":32,"column":28},"end":{"line":43,"column":null}},"3":{"start":{"line":45,"column":4},"end":{"line":45,"column":null}},"4":{"start":{"line":45,"column":39},"end":{"line":45,"column":65}},"5":{"start":{"line":48,"column":4},"end":{"line":53,"column":null}},"6":{"start":{"line":61,"column":17},"end":{"line":61,"column":null}},"7":{"start":{"line":63,"column":19},"end":{"line":63,"column":null}},"8":{"start":{"line":65,"column":2},"end":{"line":114,"column":null}},"9":{"start":{"line":65,"column":21},"end":{"line":65,"column":24}},"10":{"start":{"line":66,"column":4},"end":{"line":113,"column":null}},"11":{"start":{"line":67,"column":6},"end":{"line":71,"column":null}},"12":{"start":{"line":73,"column":19},"end":{"line":73,"column":null}},"13":{"start":{"line":75,"column":6},"end":{"line":79,"column":null}},"14":{"start":{"line":81,"column":6},"end":{"line":86,"column":null}},"15":{"start":{"line":89,"column":6},"end":{"line":89,"column":null}},"16":{"start":{"line":91,"column":6},"end":{"line":95,"column":null}},"17":{"start":{"line":97,"column":26},"end":{"line":97,"column":null}},"18":{"start":{"line":99,"column":6},"end":{"line":101,"column":null}},"19":{"start":{"line":100,"column":8},"end":{"line":100,"column":null}},"20":{"start":{"line":103,"column":20},"end":{"line":106,"column":null}},"21":{"start":{"line":108,"column":6},"end":{"line":108,"column":null}},"22":{"start":{"line":110,"column":6},"end":{"line":110,"column":null}},"23":{"start":{"line":112,"column":6},"end":{"line":112,"column":null}},"24":{"start":{"line":112,"column":35},"end":{"line":112,"column":61}},"25":{"start":{"line":116,"column":2},"end":{"line":121,"column":null}},"26":{"start":{"line":123,"column":2},"end":{"line":128,"column":null}},"27":{"start":{"line":132,"column":2},"end":{"line":132,"column":null}},"28":{"start":{"line":132,"column":45},"end":{"line":132,"column":null}},"29":{"start":{"line":136,"column":2},"end":{"line":136,"column":null}},"30":{"start":{"line":140,"column":2},"end":{"line":140,"column":null}}},"fnMap":{"0":{"name":"(anonymous_0)","decl":{"start":{"line":25,"column":18},"end":{"line":25,"column":19}},"loc":{"start":{"line":25,"column":38},"end":{"line":46,"column":null}},"line":25},"1":{"name":"(anonymous_1)","decl":{"start":{"line":45,"column":32},"end":{"line":45,"column":39}},"loc":{"start":{"line":45,"column":39},"end":{"line":45,"column":65}},"line":45},"2":{"name":"(anonymous_2)","decl":{"start":{"line":47,"column":11},"end":{"line":47,"column":12}},"loc":{"start":{"line":47,"column":63},"end":{"line":54,"column":null}},"line":47},"3":{"name":"withRetry","decl":{"start":{"line":57,"column":22},"end":{"line":57,"column":null}},"loc":{"start":{"line":60,"column":27},"end":{"line":129,"column":null}},"line":60},"4":{"name":"(anonymous_4)","decl":{"start":{"line":112,"column":24},"end":{"line":112,"column":35}},"loc":{"start":{"line":112,"column":35},"end":{"line":112,"column":61}},"line":112},"5":{"name":"createRetryWithBackoff","decl":{"start":{"line":131,"column":16},"end":{"line":131,"column":39}},"loc":{"start":{"line":131,"column":63},"end":{"line":133,"column":null}},"line":131},"6":{"name":"(anonymous_6)","decl":{"start":{"line":132,"column":9},"end":{"line":132,"column":13}},"loc":{"start":{"line":132,"column":45},"end":{"line":132,"column":null}},"line":132},"7":{"name":"isRetryableError","decl":{"start":{"line":135,"column":16},"end":{"line":135,"column":33}},"loc":{"start":{"line":135,"column":58},"end":{"line":137,"column":null}},"line":135},"8":{"name":"calculateDelay","decl":{"start":{"line":139,"column":16},"end":{"line":139,"column":31}},"loc":{"start":{"line":139,"column":111},"end":{"line":141,"column":null}},"line":139}},"branchMap":{"0":{"loc":{"start":{"line":26,"column":25},"end":{"line":30,"column":null}},"type":"cond-expr","locations":[{"start":{"line":27,"column":8},"end":{"line":27,"column":null}},{"start":{"line":28,"column":8},"end":{"line":30,"column":null}}],"line":26},"1":{"loc":{"start":{"line":28,"column":8},"end":{"line":30,"column":null}},"type":"cond-expr","locations":[{"start":{"line":29,"column":10},"end":{"line":29,"column":null}},{"start":{"line":30,"column":10},"end":{"line":30,"column":null}}],"line":28},"2":{"loc":{"start":{"line":50,"column":13},"end":{"line":50,"column":null}},"type":"cond-expr","locations":[{"start":{"line":50,"column":38},"end":{"line":50,"column":54}},{"start":{"line":50,"column":54},"end":{"line":50,"column":null}}],"line":50},"3":{"loc":{"start":{"line":59,"column":2},"end":{"line":59,"column":null}},"type":"default-arg","locations":[{"start":{"line":59,"column":26},"end":{"line":59,"column":null}}],"line":59},"4":{"loc":{"start":{"line":89,"column":18},"end":{"line":89,"column":null}},"type":"cond-expr","locations":[{"start":{"line":89,"column":43},"end":{"line":89,"column":51}},{"start":{"line":89,"column":51},"end":{"line":89,"column":null}}],"line":89},"5":{"loc":{"start":{"line":97,"column":26},"end":{"line":97,"column":null}},"type":"binary-expr","locations":[{"start":{"line":97,"column":26},"end":{"line":97,"column":58}},{"start":{"line":97,"column":58},"end":{"line":97,"column":null}}],"line":97},"6":{"loc":{"start":{"line":99,"column":6},"end":{"line":101,"column":null}},"type":"if","locations":[{"start":{"line":99,"column":6},"end":{"line":101,"column":null}},{"start":{},"end":{}}],"line":99},"7":{"loc":{"start":{"line":125,"column":8},"end":{"line":125,"column":null}},"type":"binary-expr","locations":[{"start":{"line":125,"column":8},"end":{"line":125,"column":21}},{"start":{"line":125,"column":21},"end":{"line":125,"column":null}}],"line":125},"8":{"loc":{"start":{"line":139,"column":48},"end":{"line":139,"column":66}},"type":"default-arg","locations":[{"start":{"line":139,"column":60},"end":{"line":139,"column":66}}],"line":139},"9":{"loc":{"start":{"line":139,"column":66},"end":{"line":139,"column":84}},"type":"default-arg","locations":[{"start":{"line":139,"column":77},"end":{"line":139,"column":84}}],"line":139},"10":{"loc":{"start":{"line":139,"column":84},"end":{"line":139,"column":111}},"type":"default-arg","locations":[{"start":{"line":139,"column":100},"end":{"line":139,"column":111}}],"line":139}},"s":{"0":1,"1":14,"2":14,"3":14,"4":140,"5":0,"6":17,"7":17,"8":17,"9":17,"10":17,"11":17,"12":17,"13":3,"14":3,"15":14,"16":14,"17":14,"18":14,"19":14,"20":0,"21":0,"22":0,"23":0,"24":0,"25":14,"26":17,"27":0,"28":0,"29":0,"30":0},"f":{"0":14,"1":140,"2":0,"3":17,"4":0,"5":0,"6":0,"7":0,"8":0},"b":{"0":[14,0],"1":[0,0],"2":[0,0],"3":[17],"4":[14,0],"5":[14,14],"6":[14,0],"7":[17,14],"8":[0],"9":[0],"10":[0]},"meta":{"lastBranch":11,"lastFunction":9,"lastStatement":31,"seen":{"s:20:48:55:Infinity":0,"f:25:18:25:19":0,"s:26:25:30:Infinity":1,"b:27:8:27:Infinity:28:8:30:Infinity":0,"b:29:10:29:Infinity:30:10:30:Infinity":1,"s:32:28:43:Infinity":2,"s:45:4:45:Infinity":3,"f:45:32:45:39":1,"s:45:39:45:65":4,"f:47:11:47:12":2,"s:48:4:53:Infinity":5,"b:50:38:50:54:50:54:50:Infinity":2,"f:57:22:57:Infinity":3,"b:59:26:59:Infinity":3,"s:61:17:61:Infinity":6,"s:63:19:63:Infinity":7,"s:65:2:114:Infinity":8,"s:65:21:65:24":9,"s:66:4:113:Infinity":10,"s:67:6:71:Infinity":11,"s:73:19:73:Infinity":12,"s:75:6:79:Infinity":13,"s:81:6:86:Infinity":14,"s:89:6:89:Infinity":15,"b:89:43:89:51:89:51:89:Infinity":4,"s:91:6:95:Infinity":16,"s:97:26:97:Infinity":17,"b:97:26:97:58:97:58:97:Infinity":5,"b:99:6:101:Infinity:undefined:undefined:undefined:undefined":6,"s:99:6:101:Infinity":18,"s:100:8:100:Infinity":19,"s:103:20:106:Infinity":20,"s:108:6:108:Infinity":21,"s:110:6:110:Infinity":22,"s:112:6:112:Infinity":23,"f:112:24:112:35":4,"s:112:35:112:61":24,"s:116:2:121:Infinity":25,"s:123:2:128:Infinity":26,"b:125:8:125:21:125:21:125:Infinity":7,"f:131:16:131:39":5,"s:132:2:132:Infinity":27,"f:132:9:132:13":6,"s:132:45:132:Infinity":28,"f:135:16:135:33":7,"s:136:2:136:Infinity":29,"f:139:16:139:31":8,"b:139:60:139:66":8,"b:139:77:139:84":9,"b:139:100:139:111":10,"s:140:2:140:Infinity":30}}}
}
