TN:
SF:src\components\organisms\AIAnalysisPanel.tsx
FN:16,(anonymous_0)
FNF:1
FNH:1
FNDA:24,(anonymous_0)
DA:16,1
DA:27,24
LF:2
LH:2
BRDA:38,0,0,24
BRDA:38,0,1,19
BRDA:41,1,0,5
BRDA:41,1,1,19
BRDA:43,2,0,2
BRDA:43,2,1,17
BRDA:51,3,0,24
BRDA:51,3,1,5
BRDA:64,4,0,24
BRDA:64,4,1,8
BRDA:64,4,2,7
BRDA:71,5,0,3
BRDA:71,5,1,4
BRDA:77,6,0,3
BRDA:77,6,1,4
BRDA:85,7,0,24
BRDA:85,7,1,6
BRDA:94,8,0,6
BRDA:94,8,1,4
BRDA:99,9,0,6
BRDA:99,9,1,5
BRDA:105,10,0,1
BRDA:105,10,1,4
BRDA:108,11,0,6
BRDA:108,11,1,1
BRF:25
BRH:25
end_of_record
TN:
SF:src\components\templates\ErrorBoundary.tsx
FN:15,(anonymous_0)
FN:23,(anonymous_1)
FN:27,(anonymous_2)
FN:37,(anonymous_3)
FN:47,(anonymous_4)
FNF:5
FNH:4
FNDA:6,(anonymous_0)
FNDA:1,(anonymous_1)
FNDA:2,(anonymous_2)
FNDA:9,(anonymous_3)
FNDA:0,(anonymous_4)
DA:16,6
DA:17,6
DA:24,4
DA:28,2
DA:38,9
DA:39,4
DA:47,0
DA:57,5
LF:8
LH:7
BRDA:33,0,0,2
BRDA:33,0,1,0
BRDA:38,1,0,4
BRDA:38,1,1,5
BRDA:39,2,0,4
BRDA:39,2,1,4
BRF:6
BRH:5
end_of_record
TN:
SF:src\hooks\useDashboardLogic.ts
FN:35,(anonymous_0)
FN:57,(anonymous_1)
FN:72,(anonymous_2)
FN:77,(anonymous_3)
FN:82,(anonymous_4)
FN:87,(anonymous_5)
FN:91,(anonymous_6)
FN:92,(anonymous_7)
FN:104,(anonymous_8)
FN:125,(anonymous_9)
FN:140,(anonymous_10)
FN:170,(anonymous_11)
FN:179,(anonymous_12)
FN:238,(anonymous_13)
FN:250,(anonymous_14)
FN:271,(anonymous_15)
FN:291,(anonymous_16)
FNF:17
FNH:14
FNDA:32,(anonymous_0)
FNDA:12,(anonymous_1)
FNDA:12,(anonymous_2)
FNDA:12,(anonymous_3)
FNDA:12,(anonymous_4)
FNDA:4,(anonymous_5)
FNDA:0,(anonymous_6)
FNDA:0,(anonymous_7)
FNDA:17,(anonymous_8)
FNDA:4,(anonymous_9)
FNDA:18,(anonymous_10)
FNDA:17,(anonymous_11)
FNDA:0,(anonymous_12)
FNDA:1,(anonymous_13)
FNDA:1,(anonymous_14)
FNDA:1,(anonymous_15)
FNDA:1,(anonymous_16)
DA:35,1
DA:41,32
DA:42,32
DA:43,32
DA:44,32
DA:47,32
DA:48,32
DA:51,32
DA:52,32
DA:53,32
DA:54,32
DA:57,32
DA:58,12
DA:59,12
DA:60,12
DA:61,12
DA:63,12
DA:72,32
DA:73,12
DA:77,32
DA:78,12
DA:82,32
DA:83,12
DA:87,32
DA:88,4
DA:89,4
DA:91,4
DA:92,0
DA:93,0
DA:94,0
DA:95,0
DA:96,0
DA:98,0
DA:104,32
DA:105,17
DA:106,2
DA:107,2
DA:108,1
DA:111,1
DA:112,1
DA:113,1
DA:114,1
DA:121,16
DA:125,32
DA:126,4
DA:127,4
DA:128,4
DA:129,4
DA:131,4
DA:140,32
DA:141,18
DA:144,18
DA:145,1
DA:151,1
DA:152,1
DA:155,17
DA:165,17
DA:166,17
DA:168,17
DA:169,17
DA:170,17
DA:180,0
DA:191,17
DA:192,3
DA:193,3
DA:194,3
DA:196,3
DA:208,3
DA:210,14
DA:213,14
DA:214,14
DA:216,14
DA:224,14
DA:226,4
DA:227,4
DA:229,10
DA:230,10
DA:233,17
DA:238,32
DA:239,1
DA:245,1
DA:246,1
DA:250,32
DA:251,1
DA:261,1
DA:262,1
DA:263,1
DA:264,1
DA:265,1
DA:266,1
DA:267,1
DA:271,32
DA:272,1
DA:278,1
DA:279,1
DA:280,1
DA:281,1
DA:282,1
DA:283,1
DA:284,1
DA:287,1
DA:291,32
DA:292,1
DA:300,1
DA:301,1
DA:302,1
DA:303,1
DA:304,1
DA:305,1
DA:308,1
DA:311,32
LF:111
LH:104
BRDA:93,0,0,0
BRDA:93,0,1,0
BRDA:105,1,0,2
BRDA:105,1,1,15
BRDA:107,2,0,1
BRDA:107,2,1,1
BRDA:140,3,0,18
BRDA:141,4,0,0
BRDA:141,4,1,18
BRDA:141,5,0,18
BRDA:141,5,1,18
BRDA:141,5,2,0
BRDA:144,6,0,1
BRDA:144,6,1,17
BRDA:144,7,0,18
BRDA:144,7,1,17
BRDA:184,8,0,0
BRDA:184,8,1,0
BRDA:191,9,0,3
BRDA:191,9,1,14
BRDA:191,10,0,17
BRDA:191,10,1,3
BRDA:191,10,2,3
BRDA:210,11,0,14
BRDA:210,11,1,14
BRDA:210,11,2,0
BRDA:216,12,0,14
BRDA:216,12,1,0
BRDA:224,13,0,4
BRDA:224,13,1,10
BRDA:227,14,0,4
BRDA:227,14,1,0
BRDA:230,15,0,10
BRDA:230,15,1,0
BRF:34
BRH:24
end_of_record
TN:
SF:src\types\ai.schema.ts
FN:59,(anonymous_0)
FN:153,(anonymous_1)
FN:165,(anonymous_2)
FN:184,(anonymous_3)
FNF:4
FNH:0
FNDA:0,(anonymous_0)
FNDA:0,(anonymous_1)
FNDA:0,(anonymous_2)
FNDA:0,(anonymous_3)
DA:6,2
DA:15,2
DA:43,2
DA:59,2
DA:60,0
DA:72,2
DA:75,2
DA:86,2
DA:102,2
DA:112,2
DA:120,2
DA:137,2
DA:153,2
DA:157,0
DA:158,0
DA:159,0
DA:165,2
DA:169,0
DA:174,0
DA:175,0
DA:178,0
DA:184,2
DA:188,0
DA:193,0
DA:194,0
DA:197,0
LF:26
LH:14
BRDA:174,0,0,0
BRDA:174,0,1,0
BRDA:193,1,0,0
BRDA:193,1,1,0
BRF:4
BRH:0
end_of_record
TN:
SF:src\types\index.ts
FN:3,(anonymous_0)
FN:8,(anonymous_1)
FN:13,(anonymous_2)
FNF:3
FNH:3
FNDA:2,(anonymous_0)
FNDA:2,(anonymous_1)
FNDA:2,(anonymous_2)
DA:3,2
DA:4,2
DA:5,2
DA:8,2
DA:9,2
DA:10,2
DA:13,2
DA:14,2
DA:15,2
DA:16,2
DA:17,2
DA:320,2
LF:12
LH:12
BRDA:3,0,0,2
BRDA:3,0,1,2
BRDA:8,1,0,2
BRDA:8,1,1,2
BRDA:13,2,0,2
BRDA:13,2,1,2
BRF:6
BRH:6
end_of_record
TN:
SF:src\utils\calculations.ts
FN:15,(anonymous_0)
FN:31,(anonymous_1)
FN:69,(anonymous_2)
FN:71,(anonymous_3)
FN:72,(anonymous_4)
FN:75,(anonymous_5)
FN:76,(anonymous_6)
FN:96,(anonymous_7)
FN:98,(anonymous_8)
FN:108,(anonymous_9)
FN:114,(anonymous_10)
FN:132,(anonymous_11)
FN:136,(anonymous_12)
FN:145,(anonymous_13)
FN:164,(anonymous_14)
FN:176,(anonymous_15)
FNF:16
FNH:16
FNDA:14,(anonymous_0)
FNDA:15,(anonymous_1)
FNDA:12,(anonymous_2)
FNDA:24,(anonymous_3)
FNDA:13,(anonymous_4)
FNDA:24,(anonymous_5)
FNDA:11,(anonymous_6)
FNDA:11,(anonymous_7)
FNDA:15,(anonymous_8)
FNDA:11,(anonymous_9)
FNDA:11,(anonymous_10)
FNDA:11,(anonymous_11)
FNDA:16,(anonymous_12)
FNDA:12,(anonymous_13)
FNDA:11,(anonymous_14)
FNDA:5,(anonymous_15)
DA:15,1
DA:19,14
DA:20,4
DA:23,10
DA:24,10
DA:25,10
DA:26,10
DA:27,10
DA:29,10
DA:31,10
DA:33,15
DA:37,3
DA:40,12
DA:41,12
DA:44,12
DA:45,15
DA:47,15
DA:49,4
DA:50,4
DA:53,4
DA:54,4
DA:59,10
DA:60,10
DA:69,1
DA:70,12
DA:71,24
DA:72,13
DA:74,12
DA:75,24
DA:76,11
DA:78,12
DA:80,12
DA:82,12
DA:96,1
DA:97,11
DA:99,15
DA:103,11
DA:104,3
DA:107,8
DA:108,11
DA:112,8
DA:114,8
DA:115,11
DA:116,11
DA:117,11
DA:120,11
DA:123,8
DA:132,1
DA:135,11
DA:137,16
DA:141,11
DA:142,3
DA:145,8
DA:146,12
DA:147,12
DA:148,12
DA:151,12
DA:154,8
DA:164,1
DA:165,11
DA:176,1
DA:181,5
DA:182,5
DA:183,5
DA:184,5
DA:185,5
DA:187,5
LF:67
LH:67
BRDA:19,0,0,4
BRDA:19,0,1,10
BRDA:19,1,0,14
BRDA:19,1,1,12
BRDA:33,2,0,3
BRDA:33,2,1,12
BRDA:34,3,0,15
BRDA:34,3,1,13
BRDA:44,4,0,10
BRDA:44,4,1,2
BRDA:45,5,0,0
BRDA:45,5,1,12
BRDA:47,6,0,4
BRDA:47,6,1,11
BRDA:53,7,0,4
BRDA:53,7,1,0
BRDA:53,8,0,4
BRDA:53,8,1,4
BRDA:80,9,0,7
BRDA:80,9,1,5
BRDA:80,10,0,12
BRDA:80,10,1,9
BRDA:99,11,0,15
BRDA:99,11,1,4
BRDA:103,12,0,3
BRDA:103,12,1,8
BRDA:123,13,0,8
BRDA:123,13,1,0
BRDA:137,14,0,16
BRDA:137,14,1,4
BRDA:141,15,0,3
BRDA:141,15,1,8
BRF:32
BRH:29
end_of_record
TN:
SF:src\utils\retry.ts
FN:25,(anonymous_0)
FN:45,(anonymous_1)
FN:47,(anonymous_2)
FN:57,withRetry
FN:112,(anonymous_4)
FN:131,createRetryWithBackoff
FN:132,(anonymous_6)
FN:135,isRetryableError
FN:139,calculateDelay
FNF:9
FNH:3
FNDA:14,(anonymous_0)
FNDA:140,(anonymous_1)
FNDA:0,(anonymous_2)
FNDA:17,withRetry
FNDA:0,(anonymous_4)
FNDA:0,createRetryWithBackoff
FNDA:0,(anonymous_6)
FNDA:0,isRetryableError
FNDA:0,calculateDelay
DA:20,1
DA:26,14
DA:32,14
DA:45,140
DA:48,0
DA:61,17
DA:63,17
DA:65,17
DA:66,17
DA:67,17
DA:73,17
DA:75,3
DA:81,3
DA:89,14
DA:91,14
DA:97,14
DA:99,14
DA:100,14
DA:103,0
DA:108,0
DA:110,0
DA:112,0
DA:116,14
DA:123,17
DA:132,0
DA:136,0
DA:140,0
LF:27
LH:19
BRDA:26,0,0,14
BRDA:26,0,1,0
BRDA:28,1,0,0
BRDA:28,1,1,0
BRDA:50,2,0,0
BRDA:50,2,1,0
BRDA:59,3,0,17
BRDA:89,4,0,14
BRDA:89,4,1,0
BRDA:97,5,0,14
BRDA:97,5,1,14
BRDA:99,6,0,14
BRDA:99,6,1,0
BRDA:125,7,0,17
BRDA:125,7,1,14
BRDA:139,8,0,0
BRDA:139,9,0,0
BRDA:139,10,0,0
BRF:18
BRH:8
end_of_record
