TN:
SF:src\components\organisms\AIAnalysisPanel.tsx
FN:16,(anonymous_0)
FNF:1
FNH:1
FNDA:24,(anonymous_0)
DA:16,1
DA:27,24
LF:2
LH:2
BRDA:38,0,0,24
BRDA:38,0,1,19
BRDA:41,1,0,5
BRDA:41,1,1,19
BRDA:43,2,0,2
BRDA:43,2,1,17
BRDA:51,3,0,24
BRDA:51,3,1,5
BRDA:64,4,0,24
BRDA:64,4,1,8
BRDA:64,4,2,7
BRDA:71,5,0,3
BRDA:71,5,1,4
BRDA:77,6,0,3
BRDA:77,6,1,4
BRDA:85,7,0,24
BRDA:85,7,1,6
BRDA:94,8,0,6
BRDA:94,8,1,4
BRDA:99,9,0,6
BRDA:99,9,1,5
BRDA:105,10,0,1
BRDA:105,10,1,4
BRDA:108,11,0,6
BRDA:108,11,1,1
BRF:25
BRH:25
end_of_record
TN:
SF:src\components\templates\ErrorBoundary.tsx
FN:15,(anonymous_0)
FN:23,(anonymous_1)
FN:27,(anonymous_2)
FN:37,(anonymous_3)
FN:47,(anonymous_4)
FNF:5
FNH:4
FNDA:6,(anonymous_0)
FNDA:1,(anonymous_1)
FNDA:2,(anonymous_2)
FNDA:9,(anonymous_3)
FNDA:0,(anonymous_4)
DA:16,6
DA:17,6
DA:24,4
DA:28,2
DA:38,9
DA:39,4
DA:47,0
DA:57,5
LF:8
LH:7
BRDA:33,0,0,2
BRDA:33,0,1,0
BRDA:38,1,0,4
BRDA:38,1,1,5
BRDA:39,2,0,4
BRDA:39,2,1,4
BRF:6
BRH:5
end_of_record
TN:
SF:src\hooks\useDashboardLogic.ts
FN:35,(anonymous_0)
FN:57,(anonymous_1)
FN:72,(anonymous_2)
FN:77,(anonymous_3)
FN:82,(anonymous_4)
FN:87,(anonymous_5)
FN:91,(anonymous_6)
FN:92,(anonymous_7)
FN:104,(anonymous_8)
FN:125,(anonymous_9)
FN:140,(anonymous_10)
FN:170,(anonymous_11)
FN:179,(anonymous_12)
FN:238,(anonymous_13)
FN:250,(anonymous_14)
FN:271,(anonymous_15)
FN:291,(anonymous_16)
FNF:17
FNH:14
FNDA:32,(anonymous_0)
FNDA:12,(anonymous_1)
FNDA:12,(anonymous_2)
FNDA:12,(anonymous_3)
FNDA:12,(anonymous_4)
FNDA:4,(anonymous_5)
FNDA:0,(anonymous_6)
FNDA:0,(anonymous_7)
FNDA:17,(anonymous_8)
FNDA:4,(anonymous_9)
FNDA:18,(anonymous_10)
FNDA:17,(anonymous_11)
FNDA:0,(anonymous_12)
FNDA:1,(anonymous_13)
FNDA:1,(anonymous_14)
FNDA:1,(anonymous_15)
FNDA:1,(anonymous_16)
DA:35,1
DA:41,32
DA:42,32
DA:43,32
DA:44,32
DA:47,32
DA:48,32
DA:51,32
DA:52,32
DA:53,32
DA:54,32
DA:57,32
DA:58,12
DA:59,12
DA:60,12
DA:61,12
DA:63,12
DA:72,32
DA:73,12
DA:77,32
DA:78,12
DA:82,32
DA:83,12
DA:87,32
DA:88,4
DA:89,4
DA:91,4
DA:92,0
DA:93,0
DA:94,0
DA:95,0
DA:96,0
DA:98,0
DA:104,32
DA:105,17
DA:106,2
DA:107,2
DA:108,1
DA:111,1
DA:112,1
DA:113,1
DA:114,1
DA:121,16
DA:125,32
DA:126,4
DA:127,4
DA:128,4
DA:129,4
DA:131,4
DA:140,32
DA:141,18
DA:144,18
DA:145,1
DA:151,1
DA:152,1
DA:155,17
DA:165,17
DA:166,17
DA:168,17
DA:169,17
DA:170,17
DA:180,0
DA:191,17
DA:192,3
DA:193,3
DA:194,3
DA:196,3
DA:208,3
DA:210,14
DA:213,14
DA:214,14
DA:216,14
DA:224,14
DA:226,4
DA:227,4
DA:229,10
DA:230,10
DA:233,17
DA:238,32
DA:239,1
DA:245,1
DA:246,1
DA:250,32
DA:251,1
DA:261,1
DA:262,1
DA:263,1
DA:264,1
DA:265,1
DA:266,1
DA:267,1
DA:271,32
DA:272,1
DA:278,1
DA:279,1
DA:280,1
DA:281,1
DA:282,1
DA:283,1
DA:284,1
DA:287,1
DA:291,32
DA:292,1
DA:300,1
DA:301,1
DA:302,1
DA:303,1
DA:304,1
DA:305,1
DA:308,1
DA:311,32
LF:111
LH:104
BRDA:93,0,0,0
BRDA:93,0,1,0
BRDA:105,1,0,2
BRDA:105,1,1,15
BRDA:107,2,0,1
BRDA:107,2,1,1
BRDA:140,3,0,18
BRDA:141,4,0,0
BRDA:141,4,1,18
BRDA:141,5,0,18
BRDA:141,5,1,18
BRDA:141,5,2,0
BRDA:144,6,0,1
BRDA:144,6,1,17
BRDA:144,7,0,18
BRDA:144,7,1,17
BRDA:184,8,0,0
BRDA:184,8,1,0
BRDA:191,9,0,3
BRDA:191,9,1,14
BRDA:191,10,0,17
BRDA:191,10,1,3
BRDA:191,10,2,3
BRDA:210,11,0,14
BRDA:210,11,1,14
BRDA:210,11,2,0
BRDA:216,12,0,14
BRDA:216,12,1,0
BRDA:224,13,0,4
BRDA:224,13,1,10
BRDA:227,14,0,4
BRDA:227,14,1,0
BRDA:230,15,0,10
BRDA:230,15,1,0
BRF:34
BRH:24
end_of_record
TN:
SF:src\services\storageAdapter.ts
FN:33,getFromLocalStorage
FN:43,saveToLocalStorage
FN:61,(anonymous_2)
FN:73,(anonymous_3)
FN:89,(anonymous_4)
FN:96,(anonymous_5)
FN:104,(anonymous_6)
FN:112,(anonymous_7)
FN:118,(anonymous_8)
FN:130,(anonymous_9)
FN:146,(anonymous_10)
FN:153,(anonymous_11)
FN:161,(anonymous_12)
FN:169,(anonymous_13)
FN:176,(anonymous_14)
FN:184,(anonymous_15)
FN:191,(anonymous_16)
FN:199,(anonymous_17)
FN:205,(anonymous_18)
FN:217,(anonymous_19)
FN:233,(anonymous_20)
FN:240,(anonymous_21)
FN:248,(anonymous_22)
FN:256,(anonymous_23)
FN:269,migrateLocalStorageToSupabase
FN:347,backupLocalStorage
FN:364,restoreFromBackup
FNF:27
FNH:23
FNDA:24,getFromLocalStorage
FNDA:12,saveToLocalStorage
FNDA:4,(anonymous_2)
FNDA:3,(anonymous_3)
FNDA:1,(anonymous_4)
FNDA:0,(anonymous_5)
FNDA:1,(anonymous_6)
FNDA:0,(anonymous_7)
FNDA:3,(anonymous_8)
FNDA:1,(anonymous_9)
FNDA:0,(anonymous_10)
FNDA:0,(anonymous_11)
FNDA:2,(anonymous_12)
FNDA:1,(anonymous_13)
FNDA:1,(anonymous_14)
FNDA:1,(anonymous_15)
FNDA:1,(anonymous_16)
FNDA:1,(anonymous_17)
FNDA:2,(anonymous_18)
FNDA:1,(anonymous_19)
FNDA:1,(anonymous_20)
FNDA:1,(anonymous_21)
FNDA:2,(anonymous_22)
FNDA:1,(anonymous_23)
FNDA:4,migrateLocalStorageToSupabase
FNDA:1,backupLocalStorage
FNDA:1,restoreFromBackup
DA:20,1
DA:34,24
DA:35,24
DA:36,24
DA:38,1
DA:39,1
DA:44,12
DA:45,12
DA:47,1
DA:58,1
DA:62,4
DA:63,2
DA:64,2
DA:66,1
DA:67,1
DA:70,2
DA:74,3
DA:75,1
DA:79,2
DA:83,2
DA:84,2
DA:85,2
DA:86,2
DA:90,1
DA:91,1
DA:95,0
DA:96,0
DA:97,0
DA:98,0
DA:99,0
DA:101,0
DA:105,1
DA:106,1
DA:107,1
DA:111,0
DA:112,0
DA:113,0
DA:119,3
DA:120,2
DA:121,2
DA:123,1
DA:124,1
DA:127,1
DA:131,1
DA:132,0
DA:136,1
DA:140,1
DA:141,1
DA:142,1
DA:143,1
DA:147,0
DA:148,0
DA:152,0
DA:153,0
DA:154,0
DA:155,0
DA:156,0
DA:158,0
DA:162,2
DA:163,1
DA:164,1
DA:168,1
DA:169,1
DA:170,1
DA:171,1
DA:172,1
DA:177,1
DA:178,0
DA:179,0
DA:183,1
DA:184,1
DA:185,1
DA:186,1
DA:187,1
DA:192,1
DA:193,0
DA:194,0
DA:198,1
DA:199,1
DA:200,1
DA:206,2
DA:207,2
DA:208,2
DA:210,1
DA:211,1
DA:214,0
DA:218,1
DA:219,0
DA:223,1
DA:227,1
DA:228,1
DA:229,1
DA:230,1
DA:234,1
DA:235,0
DA:239,1
DA:240,1
DA:241,1
DA:242,1
DA:243,1
DA:245,1
DA:249,2
DA:250,1
DA:251,1
DA:255,1
DA:256,1
DA:257,1
DA:274,4
DA:275,1
DA:282,3
DA:283,3
DA:285,3
DA:286,3
DA:289,3
DA:290,3
DA:291,3
DA:292,3
DA:293,3
DA:294,3
DA:295,2
DA:297,1
DA:302,2
DA:303,2
DA:304,2
DA:305,2
DA:306,2
DA:307,2
DA:308,1
DA:310,1
DA:315,2
DA:316,2
DA:317,2
DA:318,2
DA:319,2
DA:320,2
DA:321,1
DA:323,1
DA:327,2
DA:329,2
DA:335,1
DA:336,1
DA:353,1
DA:369,1
DA:370,1
DA:371,1
DA:372,1
LF:146
LH:121
BRDA:36,0,0,19
BRDA:36,0,1,4
BRDA:62,1,0,2
BRDA:62,1,1,2
BRDA:74,2,0,1
BRDA:74,2,1,2
BRDA:90,3,0,1
BRDA:90,3,1,0
BRDA:97,4,0,0
BRDA:97,4,1,0
BRDA:105,5,0,1
BRDA:105,5,1,0
BRDA:119,6,0,2
BRDA:119,6,1,1
BRDA:131,7,0,0
BRDA:131,7,1,1
BRDA:147,8,0,0
BRDA:147,8,1,0
BRDA:154,9,0,0
BRDA:154,9,1,0
BRDA:162,10,0,1
BRDA:162,10,1,1
BRDA:170,11,0,1
BRDA:170,11,1,0
BRDA:177,12,0,0
BRDA:177,12,1,1
BRDA:185,13,0,1
BRDA:185,13,1,0
BRDA:192,14,0,0
BRDA:192,14,1,1
BRDA:206,15,0,2
BRDA:206,15,1,0
BRDA:218,16,0,0
BRDA:218,16,1,1
BRDA:234,17,0,0
BRDA:234,17,1,1
BRDA:241,18,0,1
BRDA:241,18,1,0
BRDA:249,19,0,1
BRDA:249,19,1,1
BRDA:274,20,0,1
BRDA:274,20,1,3
BRF:42
BRH:25
end_of_record
TN:
SF:src\services\supabaseService.ts
FN:32,(anonymous_0)
FN:50,(anonymous_1)
FN:65,mapDbClientToClient
FN:78,mapDbReservationToReservation
FN:96,mapDbTransactionToTransaction
FN:112,getUserId
FN:130,fetchClients
FN:131,(anonymous_7)
FN:163,createClient
FN:164,(anonymous_9)
FN:205,updateClient
FN:206,(anonymous_11)
FN:246,deleteClient
FN:247,(anonymous_13)
FN:279,fetchReservations
FN:280,(anonymous_15)
FN:312,createReservation
FN:313,(anonymous_17)
FN:359,updateReservation
FN:360,(anonymous_19)
FN:405,updateReservationStatus
FN:409,(anonymous_21)
FN:438,archiveReservation
FN:439,(anonymous_23)
FN:467,deleteReservation
FN:468,(anonymous_25)
FN:500,fetchTransactions
FN:501,(anonymous_27)
FN:533,createTransaction
FN:534,(anonymous_29)
FN:578,updateTransaction
FN:579,(anonymous_31)
FN:622,deleteTransaction
FN:623,(anonymous_33)
FN:655,getSystemConfig
FN:656,(anonymous_35)
FN:696,setSystemConfig
FN:701,(anonymous_37)
FNF:38
FNH:37
FNDA:4,(anonymous_0)
FNDA:0,(anonymous_1)
FNDA:3,mapDbClientToClient
FNDA:3,mapDbReservationToReservation
FNDA:3,mapDbTransactionToTransaction
FNDA:10,getUserId
FNDA:3,fetchClients
FNDA:3,(anonymous_7)
FNDA:1,createClient
FNDA:1,(anonymous_9)
FNDA:1,updateClient
FNDA:1,(anonymous_11)
FNDA:2,deleteClient
FNDA:2,(anonymous_13)
FNDA:1,fetchReservations
FNDA:1,(anonymous_15)
FNDA:1,createReservation
FNDA:1,(anonymous_17)
FNDA:1,updateReservation
FNDA:1,(anonymous_19)
FNDA:1,updateReservationStatus
FNDA:1,(anonymous_21)
FNDA:1,archiveReservation
FNDA:1,(anonymous_23)
FNDA:1,deleteReservation
FNDA:1,(anonymous_25)
FNDA:1,fetchTransactions
FNDA:1,(anonymous_27)
FNDA:1,createTransaction
FNDA:1,(anonymous_29)
FNDA:1,updateTransaction
FNDA:1,(anonymous_31)
FNDA:1,deleteTransaction
FNDA:1,(anonymous_33)
FNDA:2,getSystemConfig
FNDA:2,(anonymous_35)
FNDA:2,setSystemConfig
FNDA:2,(anonymous_37)
DA:34,4
DA:35,4
DA:37,4
DA:38,4
DA:45,1
DA:51,0
DA:52,0
DA:66,3
DA:79,3
DA:97,3
DA:113,10
DA:114,10
DA:116,10
DA:117,1
DA:120,9
DA:131,3
DA:132,3
DA:133,3
DA:135,2
DA:141,2
DA:142,1
DA:145,1
DA:148,3
DA:149,2
DA:153,2
DA:156,1
DA:157,1
DA:164,1
DA:165,1
DA:166,1
DA:168,1
DA:176,1
DA:182,1
DA:183,0
DA:186,1
DA:189,1
DA:190,0
DA:195,0
DA:198,1
DA:199,1
DA:206,1
DA:207,1
DA:209,1
DA:216,1
DA:223,1
DA:224,0
DA:227,1
DA:230,1
DA:231,0
DA:236,0
DA:239,1
DA:240,1
DA:247,2
DA:248,2
DA:250,2
DA:255,2
DA:256,1
DA:260,2
DA:261,1
DA:266,1
DA:269,1
DA:280,1
DA:281,1
DA:282,1
DA:284,1
DA:290,1
DA:291,0
DA:294,1
DA:297,1
DA:298,0
DA:302,0
DA:305,1
DA:306,1
DA:313,1
DA:314,1
DA:315,1
DA:317,1
DA:330,1
DA:336,1
DA:337,0
DA:340,1
DA:343,1
DA:344,0
DA:349,0
DA:352,1
DA:353,1
DA:360,1
DA:361,1
DA:363,1
DA:375,1
DA:382,1
DA:383,0
DA:386,1
DA:389,1
DA:390,0
DA:395,0
DA:398,1
DA:399,1
DA:409,1
DA:410,1
DA:412,1
DA:417,1
DA:418,0
DA:422,1
DA:423,0
DA:429,0
DA:432,1
DA:439,1
DA:440,1
DA:442,1
DA:447,1
DA:448,0
DA:452,1
DA:453,0
DA:458,0
DA:461,1
DA:468,1
DA:469,1
DA:471,1
DA:476,1
DA:477,0
DA:481,1
DA:482,0
DA:487,0
DA:490,1
DA:501,1
DA:502,1
DA:503,1
DA:505,1
DA:511,1
DA:512,0
DA:515,1
DA:518,1
DA:519,0
DA:523,0
DA:526,1
DA:527,1
DA:534,1
DA:535,1
DA:536,1
DA:538,1
DA:549,1
DA:555,1
DA:556,0
DA:559,1
DA:562,1
DA:563,0
DA:568,0
DA:571,1
DA:572,1
DA:579,1
DA:580,1
DA:582,1
DA:592,1
DA:599,1
DA:600,0
DA:603,1
DA:606,1
DA:607,0
DA:612,0
DA:615,1
DA:616,1
DA:623,1
DA:624,1
DA:626,1
DA:631,1
DA:632,0
DA:636,1
DA:637,0
DA:642,0
DA:645,1
DA:656,2
DA:657,2
DA:659,2
DA:665,2
DA:666,1
DA:668,1
DA:670,0
DA:673,1
DA:676,2
DA:677,2
DA:681,0
DA:682,0
DA:685,0
DA:690,2
DA:701,2
DA:702,2
DA:703,2
DA:705,2
DA:714,2
DA:715,1
DA:719,2
DA:720,1
DA:725,1
DA:728,1
LF:195
LH:153
BRDA:51,0,0,0
BRDA:51,0,1,0
BRDA:52,1,0,0
BRDA:52,1,1,0
BRDA:52,1,2,0
BRDA:71,2,0,3
BRDA:71,2,1,0
BRDA:89,3,0,3
BRDA:89,3,1,3
BRDA:105,4,0,3
BRDA:105,4,1,0
BRDA:116,5,0,1
BRDA:116,5,1,9
BRDA:116,6,0,10
BRDA:116,6,1,10
BRDA:141,7,0,1
BRDA:141,7,1,1
BRDA:148,8,0,2
BRDA:148,8,1,1
BRDA:148,9,0,3
BRDA:148,9,1,1
BRDA:149,10,0,2
BRDA:149,10,1,0
BRDA:153,11,0,2
BRDA:153,11,1,0
BRDA:172,12,0,1
BRDA:172,12,1,0
BRDA:182,13,0,0
BRDA:182,13,1,1
BRDA:189,14,0,0
BRDA:189,14,1,1
BRDA:189,15,0,1
BRDA:189,15,1,1
BRDA:190,16,0,0
BRDA:190,16,1,0
BRDA:195,17,0,0
BRDA:195,17,1,0
BRDA:213,18,0,1
BRDA:213,18,1,0
BRDA:223,19,0,0
BRDA:223,19,1,1
BRDA:230,20,0,0
BRDA:230,20,1,1
BRDA:230,21,0,1
BRDA:230,21,1,1
BRDA:231,22,0,0
BRDA:231,22,1,0
BRDA:236,23,0,0
BRDA:236,23,1,0
BRDA:255,24,0,1
BRDA:255,24,1,1
BRDA:260,25,0,1
BRDA:260,25,1,1
BRDA:261,26,0,1
BRDA:261,26,1,0
BRDA:266,27,0,1
BRDA:266,27,1,0
BRDA:290,28,0,0
BRDA:290,28,1,1
BRDA:297,29,0,0
BRDA:297,29,1,1
BRDA:297,30,0,1
BRDA:297,30,1,1
BRDA:298,31,0,0
BRDA:298,31,1,0
BRDA:302,32,0,0
BRDA:302,32,1,0
BRDA:326,33,0,1
BRDA:326,33,1,1
BRDA:336,34,0,0
BRDA:336,34,1,1
BRDA:343,35,0,0
BRDA:343,35,1,1
BRDA:343,36,0,1
BRDA:343,36,1,1
BRDA:344,37,0,0
BRDA:344,37,1,0
BRDA:349,38,0,0
BRDA:349,38,1,0
BRDA:372,39,0,1
BRDA:372,39,1,1
BRDA:382,40,0,0
BRDA:382,40,1,1
BRDA:389,41,0,0
BRDA:389,41,1,1
BRDA:389,42,0,1
BRDA:389,42,1,1
BRDA:390,43,0,0
BRDA:390,43,1,0
BRDA:395,44,0,0
BRDA:395,44,1,0
BRDA:417,45,0,0
BRDA:417,45,1,1
BRDA:422,46,0,0
BRDA:422,46,1,1
BRDA:423,47,0,0
BRDA:423,47,1,0
BRDA:429,48,0,0
BRDA:429,48,1,0
BRDA:447,49,0,0
BRDA:447,49,1,1
BRDA:452,50,0,0
BRDA:452,50,1,1
BRDA:453,51,0,0
BRDA:453,51,1,0
BRDA:458,52,0,0
BRDA:458,52,1,0
BRDA:476,53,0,0
BRDA:476,53,1,1
BRDA:481,54,0,0
BRDA:481,54,1,1
BRDA:482,55,0,0
BRDA:482,55,1,0
BRDA:487,56,0,0
BRDA:487,56,1,0
BRDA:511,57,0,0
BRDA:511,57,1,1
BRDA:518,58,0,0
BRDA:518,58,1,1
BRDA:518,59,0,1
BRDA:518,59,1,1
BRDA:519,60,0,0
BRDA:519,60,1,0
BRDA:523,61,0,0
BRDA:523,61,1,0
BRDA:545,62,0,1
BRDA:545,62,1,0
BRDA:555,63,0,0
BRDA:555,63,1,1
BRDA:562,64,0,0
BRDA:562,64,1,1
BRDA:562,65,0,1
BRDA:562,65,1,1
BRDA:563,66,0,0
BRDA:563,66,1,0
BRDA:568,67,0,0
BRDA:568,67,1,0
BRDA:589,68,0,1
BRDA:589,68,1,0
BRDA:599,69,0,0
BRDA:599,69,1,1
BRDA:606,70,0,0
BRDA:606,70,1,1
BRDA:606,71,0,1
BRDA:606,71,1,1
BRDA:607,72,0,0
BRDA:607,72,1,0
BRDA:612,73,0,0
BRDA:612,73,1,0
BRDA:631,74,0,0
BRDA:631,74,1,1
BRDA:636,75,0,0
BRDA:636,75,1,1
BRDA:637,76,0,0
BRDA:637,76,1,0
BRDA:642,77,0,0
BRDA:642,77,1,0
BRDA:665,78,0,1
BRDA:665,78,1,1
BRDA:666,79,0,1
BRDA:666,79,1,0
BRDA:676,80,0,2
BRDA:676,80,1,0
BRDA:681,81,0,0
BRDA:681,81,1,0
BRDA:681,82,0,0
BRDA:681,82,1,0
BRDA:685,83,0,0
BRDA:685,83,1,0
BRDA:690,84,0,2
BRDA:690,84,1,0
BRDA:710,85,0,2
BRDA:710,85,1,1
BRDA:714,86,0,1
BRDA:714,86,1,1
BRDA:719,87,0,1
BRDA:719,87,1,1
BRDA:720,88,0,1
BRDA:720,88,1,0
BRDA:725,89,0,1
BRDA:725,89,1,0
BRF:181
BRH:83
end_of_record
TN:
SF:src\test\mocks\data.mock.ts
FNF:0
FNH:0
DA:12,2
DA:20,2
DA:27,2
DA:30,2
DA:46,2
DA:59,2
DA:62,2
DA:83,2
DA:94,2
DA:97,2
DA:116,2
LF:11
LH:11
BRF:0
BRH:0
end_of_record
TN:
SF:src\test\mocks\supabase.mock.ts
FN:38,(anonymous_0)
FN:47,(anonymous_1)
FN:48,(anonymous_2)
FN:51,(anonymous_3)
FN:52,(anonymous_4)
FN:53,(anonymous_5)
FN:54,(anonymous_6)
FN:55,(anonymous_7)
FN:56,(anonymous_8)
FN:57,(anonymous_9)
FN:58,(anonymous_10)
FN:59,(anonymous_11)
FN:60,(anonymous_12)
FN:61,(anonymous_13)
FN:62,(anonymous_14)
FN:63,(anonymous_15)
FN:66,(anonymous_16)
FN:75,(anonymous_17)
FNF:18
FNH:12
FNDA:42,(anonymous_0)
FNDA:8,(anonymous_1)
FNDA:12,(anonymous_2)
FNDA:12,(anonymous_3)
FNDA:3,(anonymous_4)
FNDA:9,(anonymous_5)
FNDA:2,(anonymous_6)
FNDA:0,(anonymous_7)
FNDA:11,(anonymous_8)
FNDA:0,(anonymous_9)
FNDA:0,(anonymous_10)
FNDA:0,(anonymous_11)
FNDA:4,(anonymous_12)
FNDA:0,(anonymous_13)
FNDA:4,(anonymous_14)
FNDA:0,(anonymous_15)
FNDA:12,(anonymous_16)
FNDA:22,(anonymous_17)
DA:38,1
DA:47,42
DA:48,42
DA:50,42
DA:51,12
DA:52,3
DA:53,9
DA:54,2
DA:55,0
DA:56,11
DA:57,0
DA:58,0
DA:59,0
DA:60,4
DA:61,0
DA:62,4
DA:63,0
DA:66,12
DA:69,42
DA:75,1
DA:76,22
DA:89,22
DA:91,22
DA:109,1
LF:24
LH:18
BRDA:39,0,0,42
BRDA:40,1,0,42
BRDA:41,2,0,42
BRF:3
BRH:3
end_of_record
TN:
SF:src\types\ai.schema.ts
FN:59,(anonymous_0)
FN:153,(anonymous_1)
FN:165,(anonymous_2)
FN:184,(anonymous_3)
FNF:4
FNH:0
FNDA:0,(anonymous_0)
FNDA:0,(anonymous_1)
FNDA:0,(anonymous_2)
FNDA:0,(anonymous_3)
DA:6,4
DA:15,4
DA:43,4
DA:59,4
DA:60,0
DA:72,4
DA:75,4
DA:86,4
DA:102,4
DA:112,4
DA:120,4
DA:137,4
DA:153,4
DA:157,0
DA:158,0
DA:159,0
DA:165,4
DA:169,0
DA:174,0
DA:175,0
DA:178,0
DA:184,4
DA:188,0
DA:193,0
DA:194,0
DA:197,0
LF:26
LH:14
BRDA:174,0,0,0
BRDA:174,0,1,0
BRDA:193,1,0,0
BRDA:193,1,1,0
BRF:4
BRH:0
end_of_record
TN:
SF:src\types\index.ts
FN:3,(anonymous_0)
FN:8,(anonymous_1)
FN:13,(anonymous_2)
FNF:3
FNH:3
FNDA:4,(anonymous_0)
FNDA:4,(anonymous_1)
FNDA:4,(anonymous_2)
DA:3,4
DA:4,4
DA:5,4
DA:8,4
DA:9,4
DA:10,4
DA:13,4
DA:14,4
DA:15,4
DA:16,4
DA:17,4
DA:320,4
LF:12
LH:12
BRDA:3,0,0,4
BRDA:3,0,1,4
BRDA:8,1,0,4
BRDA:8,1,1,4
BRDA:13,2,0,4
BRDA:13,2,1,4
BRF:6
BRH:6
end_of_record
TN:
SF:src\utils\calculations.ts
FN:15,(anonymous_0)
FN:31,(anonymous_1)
FN:69,(anonymous_2)
FN:71,(anonymous_3)
FN:72,(anonymous_4)
FN:75,(anonymous_5)
FN:76,(anonymous_6)
FN:96,(anonymous_7)
FN:98,(anonymous_8)
FN:108,(anonymous_9)
FN:114,(anonymous_10)
FN:132,(anonymous_11)
FN:136,(anonymous_12)
FN:145,(anonymous_13)
FN:164,(anonymous_14)
FN:176,(anonymous_15)
FNF:16
FNH:16
FNDA:14,(anonymous_0)
FNDA:15,(anonymous_1)
FNDA:12,(anonymous_2)
FNDA:24,(anonymous_3)
FNDA:13,(anonymous_4)
FNDA:24,(anonymous_5)
FNDA:11,(anonymous_6)
FNDA:11,(anonymous_7)
FNDA:15,(anonymous_8)
FNDA:11,(anonymous_9)
FNDA:11,(anonymous_10)
FNDA:11,(anonymous_11)
FNDA:16,(anonymous_12)
FNDA:12,(anonymous_13)
FNDA:11,(anonymous_14)
FNDA:5,(anonymous_15)
DA:15,1
DA:19,14
DA:20,4
DA:23,10
DA:24,10
DA:25,10
DA:26,10
DA:27,10
DA:29,10
DA:31,10
DA:33,15
DA:37,3
DA:40,12
DA:41,12
DA:44,12
DA:45,15
DA:47,15
DA:49,4
DA:50,4
DA:53,4
DA:54,4
DA:59,10
DA:60,10
DA:69,1
DA:70,12
DA:71,24
DA:72,13
DA:74,12
DA:75,24
DA:76,11
DA:78,12
DA:80,12
DA:82,12
DA:96,1
DA:97,11
DA:99,15
DA:103,11
DA:104,3
DA:107,8
DA:108,11
DA:112,8
DA:114,8
DA:115,11
DA:116,11
DA:117,11
DA:120,11
DA:123,8
DA:132,1
DA:135,11
DA:137,16
DA:141,11
DA:142,3
DA:145,8
DA:146,12
DA:147,12
DA:148,12
DA:151,12
DA:154,8
DA:164,1
DA:165,11
DA:176,1
DA:181,5
DA:182,5
DA:183,5
DA:184,5
DA:185,5
DA:187,5
LF:67
LH:67
BRDA:19,0,0,4
BRDA:19,0,1,10
BRDA:19,1,0,14
BRDA:19,1,1,12
BRDA:33,2,0,3
BRDA:33,2,1,12
BRDA:34,3,0,15
BRDA:34,3,1,13
BRDA:44,4,0,10
BRDA:44,4,1,2
BRDA:45,5,0,1
BRDA:45,5,1,11
BRDA:47,6,0,4
BRDA:47,6,1,11
BRDA:53,7,0,4
BRDA:53,7,1,0
BRDA:53,8,0,4
BRDA:53,8,1,4
BRDA:80,9,0,7
BRDA:80,9,1,5
BRDA:80,10,0,12
BRDA:80,10,1,9
BRDA:99,11,0,15
BRDA:99,11,1,4
BRDA:103,12,0,3
BRDA:103,12,1,8
BRDA:123,13,0,8
BRDA:123,13,1,0
BRDA:137,14,0,16
BRDA:137,14,1,4
BRDA:141,15,0,3
BRDA:141,15,1,8
BRF:32
BRH:30
end_of_record
TN:
SF:src\utils\retry.ts
FN:25,(anonymous_0)
FN:45,(anonymous_1)
FN:47,(anonymous_2)
FN:57,withRetry
FN:112,(anonymous_4)
FN:131,createRetryWithBackoff
FN:132,(anonymous_6)
FN:135,isRetryableError
FN:139,calculateDelay
FNF:9
FNH:3
FNDA:14,(anonymous_0)
FNDA:140,(anonymous_1)
FNDA:0,(anonymous_2)
FNDA:17,withRetry
FNDA:0,(anonymous_4)
FNDA:0,createRetryWithBackoff
FNDA:0,(anonymous_6)
FNDA:0,isRetryableError
FNDA:0,calculateDelay
DA:20,2
DA:26,14
DA:32,14
DA:45,140
DA:48,0
DA:61,17
DA:63,17
DA:65,17
DA:66,17
DA:67,17
DA:73,17
DA:75,3
DA:81,3
DA:89,14
DA:91,14
DA:97,14
DA:99,14
DA:100,14
DA:103,0
DA:108,0
DA:110,0
DA:112,0
DA:116,14
DA:123,17
DA:132,0
DA:136,0
DA:140,0
LF:27
LH:19
BRDA:26,0,0,14
BRDA:26,0,1,0
BRDA:28,1,0,0
BRDA:28,1,1,0
BRDA:50,2,0,0
BRDA:50,2,1,0
BRDA:59,3,0,17
BRDA:89,4,0,14
BRDA:89,4,1,0
BRDA:97,5,0,14
BRDA:97,5,1,14
BRDA:99,6,0,14
BRDA:99,6,1,0
BRDA:125,7,0,17
BRDA:125,7,1,14
BRDA:139,8,0,0
BRDA:139,9,0,0
BRDA:139,10,0,0
BRF:18
BRH:8
end_of_record
